out dir: C:\Development\CS4260\inDelphi/out/aaa/
Loading data...
Parsing data...
Training model...
0
 0  | -3.877	| 0.240	| 0.225	| -0.387	| 0.237	| 0.222	|
 Iter | Train Loss	| Train Rsq1	| Train Rsq2	| Test Loss	| Test Rsq1	| Test Rsq2
2022-03-10 22:17:07.775633 aaa aaa
1
2
3
4
5
 5  | -7.241	| 0.429	| 0.441	| -0.538	| 0.432	| 0.445	|
6
7
8
9
10
 10  | -7.815	| 0.454	| 0.485	| -0.505	| 0.440	| 0.472	|
 Iter | Train Loss	| Train Rsq1	| Train Rsq2	| Test Loss	| Test Rsq1	| Test Rsq2
2022-03-10 22:28:57.602535 aaa aab
11
12
13
14
15
 15  | -8.099	| 0.469	| 0.503	| -0.544	| 0.472	| 0.506	|
16
17
18
19
20
 20  | -8.503	| 0.494	| 0.527	| -0.571	| 0.489	| 0.521	|
 Iter | Train Loss	| Train Rsq1	| Train Rsq2	| Test Loss	| Test Rsq1	| Test Rsq2
2022-03-10 22:39:16.671065 aaa aac
21
22
23
24
25
 25  | -8.556	| 0.498	| 0.529	| -0.570	| 0.486	| 0.518	|
26
27
28
29
30
 30  | -8.609	| 0.500	| 0.533	| -0.574	| 0.494	| 0.527	|
 Iter | Train Loss	| Train Rsq1	| Train Rsq2	| Test Loss	| Test Rsq1	| Test Rsq2
2022-03-10 22:49:20.898167 aaa aad
31
32
33
34
35
 35  | -8.672	| 0.505	| 0.536	| -0.581	| 0.495	| 0.525	|
36
37
38
39
40
 40  | -8.701	| 0.507	| 0.538	| -0.585	| 0.499	| 0.528	|
 Iter | Train Loss	| Train Rsq1	| Train Rsq2	| Test Loss	| Test Rsq1	| Test Rsq2
2022-03-10 22:59:29.197840 aaa aae
41
42
43
44
45
 45  | -8.730	| 0.508	| 0.540	| -0.589	| 0.501	| 0.530	|
46
47
48
49
