18:07:26 - out dir: C:\Development\CS4260\inDelphi/out/20220317_1807/
18:07:26 - Loading data...
18:07:29 - mESC Loaded - Count(Items): 821827
18:07:32 - u2OS Loaded - Count(Items): 804703
18:07:35 - Training Neural Networks...
18:08:51 - Parsing data...
18:08:51 - Training model...
18:08:51 -  Iter	| Train Loss	| Train Rsq1	| Train Rsq2	| Test Loss	| Test Rsq1	| Test Rsq2	|
18:09:42 -  0		| -3.480		| 0.214			| 0.219			| -0.429	| 0.237		| 0.233		|
18:09:42 - ...Saving parameters... | Timestamp: 2022-03-17 18:09:42.954925 | Execution ID: 20220317_1807 | Parameter ID: aaa
18:13:12 -  5		| -3.639		| 0.223			| 0.230			| -0.462	| 0.247		| 0.241		|
18:16:52 -  10		| -4.092		| 0.257			| 0.253			| -0.488	| 0.281		| 0.269		|
18:16:52 - ...Saving parameters... | Timestamp: 2022-03-17 18:16:52.557116 | Execution ID: 20220317_1807 | Parameter ID: aab
18:20:30 -  15		| -4.694		| 0.298			| 0.287			| -0.501	| 0.335		| 0.313		|
18:24:34 -  20		| -5.207		| 0.330			| 0.319			| -0.532	| 0.366		| 0.346		|
18:24:34 - ...Saving parameters... | Timestamp: 2022-03-17 18:24:34.159528 | Execution ID: 20220317_1807 | Parameter ID: aac
18:28:06 -  25		| -5.706		| 0.362			| 0.349			| -0.522	| 0.393		| 0.376		|
18:31:42 -  30		| -5.708		| 0.362			| 0.349			| -0.525	| 0.390		| 0.374		|
18:31:42 - ...Saving parameters... | Timestamp: 2022-03-17 18:31:42.361012 | Execution ID: 20220317_1807 | Parameter ID: aad
18:35:16 -  35		| -5.749		| 0.365			| 0.352			| -0.525	| 0.392		| 0.374		|
18:38:45 -  40		| -5.807		| 0.368			| 0.356			| -0.514	| 0.392		| 0.376		|
18:38:45 - ...Saving parameters... | Timestamp: 2022-03-17 18:38:45.347429 | Execution ID: 20220317_1807 | Parameter ID: aae
18:42:16 -  45		| -5.822		| 0.368			| 0.357			| -0.502	| 0.387		| 0.374		|
18:45:51 -  50		| -5.819		| 0.368			| 0.357			| -0.496	| 0.386		| 0.372		|
18:45:51 - ...Saving parameters... | Timestamp: 2022-03-17 18:45:51.248319 | Execution ID: 20220317_1807 | Parameter ID: aaf
18:45:51 - Training KNN...
18:47:05 - Training Neural Networks...
18:48:30 - Parsing data...
18:48:30 - Training model...
18:48:30 -  Iter	| Train Loss	| Train Rsq1	| Train Rsq2	| Test Loss	| Test Rsq1	| Test Rsq2	|
18:49:18 -  0		| -4.097		| 0.240			| 0.302			| -0.500	| 0.256		| 0.306		|
18:49:18 - ...Saving parameters... | Timestamp: 2022-03-17 18:49:18.762142 | Execution ID: 20220317_1807 | Parameter ID: aaa
18:52:45 -  5		| -7.222		| 0.457			| 0.498			| -0.649	| 0.461		| 0.498		|
18:56:15 -  10		| -7.820		| 0.493			| 0.542			| -0.640	| 0.489		| 0.528		|
18:56:15 - ...Saving parameters... | Timestamp: 2022-03-17 18:56:15.798244 | Execution ID: 20220317_1807 | Parameter ID: aab
19:00:51 -  15		| -7.875		| 0.501			| 0.542			| -0.640	| 0.496		| 0.531		|
19:04:21 -  20		| -7.928		| 0.489			| 0.561			| -0.658	| 0.488		| 0.555		|
19:04:21 - ...Saving parameters... | Timestamp: 2022-03-17 19:04:21.390997 | Execution ID: 20220317_1807 | Parameter ID: aac
19:09:26 -  25		| -7.985		| 0.497			| 0.560			| -0.630	| 0.491		| 0.548		|
19:13:36 -  30		| -8.015		| 0.506			| 0.555			| -0.652	| 0.503		| 0.545		|
19:13:36 - ...Saving parameters... | Timestamp: 2022-03-17 19:13:36.373877 | Execution ID: 20220317_1807 | Parameter ID: aad
19:17:34 -  35		| -8.032		| 0.502			| 0.561			| -0.646	| 0.498		| 0.550		|
19:21:25 -  40		| -8.042		| 0.504			| 0.561			| -0.649	| 0.500		| 0.552		|
19:21:25 - ...Saving parameters... | Timestamp: 2022-03-17 19:21:25.863558 | Execution ID: 20220317_1807 | Parameter ID: aae
19:25:33 -  45		| -8.054		| 0.505			| 0.561			| -0.650	| 0.501		| 0.551		|
19:30:40 -  50		| -8.055		| 0.504			| 0.562			| -0.648	| 0.499		| 0.550		|
19:30:40 - ...Saving parameters... | Timestamp: 2022-03-17 19:30:40.505365 | Execution ID: 20220317_1807 | Parameter ID: aaf
19:30:40 - Training KNN...
19:31:43 - Predicting Sequence Outcomes...
