00:27:42 - out dir: C:\Development\CS4260\inDelphi/out/20220401_0027/
00:27:42 - Loading data...
00:27:44 - Training Neural Networks...
00:29:09 - Parsing data...
00:29:09 - Training model...
00:29:09 -  Iter	| Train Loss	| Train Rsq1	| Train Rsq2	| Test Loss	| Test Rsq1	| Test Rsq2	|
00:30:00 -  0		| -0.543		| 0.240			| 0.303			| -0.487	| 0.237		| 0.296		|
00:30:00 - ...Saving parameters... | Timestamp: 2022-04-01 00:30:00.449112 | Execution ID: 20220401_0027 | Parameter ID: aaa
00:30:49 -  1		| -0.532		| 0.241			| 0.291			| -0.456	| 0.241		| 0.282		|
00:31:37 -  2		| -0.580		| 0.263			| 0.317			| -0.492	| 0.263		| 0.309		|
00:32:32 -  3		| -0.651		| 0.298			| 0.354			| -0.543	| 0.296		| 0.347		|
00:33:24 -  4		| -0.818		| 0.386			| 0.432			| -0.602	| 0.388		| 0.430		|
00:34:15 -  5		| -0.926		| 0.442			| 0.484			| -0.589	| 0.445		| 0.487		|
00:35:02 -  6		| -0.975		| 0.461			| 0.514			| -0.575	| 0.453		| 0.506		|
00:35:54 -  7		| -0.937		| 0.431			| 0.506			| -0.605	| 0.426		| 0.494		|
00:36:40 -  8		| -0.953		| 0.441			| 0.512			| -0.580	| 0.431		| 0.497		|
00:37:33 -  9		| -0.955		| 0.449			| 0.505			| -0.552	| 0.438		| 0.489		|
00:38:22 -  10		| -0.984		| 0.464			| 0.520			| -0.574	| 0.453		| 0.504		|
00:38:22 - ...Saving parameters... | Timestamp: 2022-04-01 00:38:22.926690 | Execution ID: 20220401_0027 | Parameter ID: aab
00:39:14 -  11		| -1.015		| 0.477			| 0.538			| -0.623	| 0.468		| 0.522		|
00:40:06 -  12		| -1.008		| 0.477			| 0.532			| -0.644	| 0.472		| 0.520		|
00:40:56 -  13		| -1.017		| 0.485			| 0.532			| -0.632	| 0.484		| 0.523		|
00:41:43 -  14		| -1.006		| 0.483			| 0.523			| -0.616	| 0.486		| 0.517		|
00:42:36 -  15		| -1.010		| 0.486			| 0.525			| -0.614	| 0.488		| 0.517		|
00:43:29 -  16		| -1.026		| 0.491			| 0.534			| -0.627	| 0.490		| 0.523		|
00:44:17 -  17		| -1.024		| 0.489			| 0.535			| -0.637	| 0.482		| 0.521		|
00:45:09 -  18		| -1.032		| 0.492			| 0.540			| -0.631	| 0.483		| 0.523		|
00:45:58 -  19		| -1.030		| 0.491			| 0.539			| -0.614	| 0.482		| 0.523		|
00:46:45 -  20		| -1.032		| 0.491			| 0.541			| -0.615	| 0.482		| 0.525		|
00:46:45 - ...Saving parameters... | Timestamp: 2022-04-01 00:46:45.077227 | Execution ID: 20220401_0027 | Parameter ID: aac
00:47:36 -  21		| -1.041		| 0.493			| 0.548			| -0.636	| 0.484		| 0.531		|
00:48:26 -  22		| -1.042		| 0.493			| 0.549			| -0.646	| 0.487		| 0.534		|
00:49:13 -  23		| -1.052		| 0.499			| 0.553			| -0.635	| 0.495		| 0.540		|
00:50:03 -  24		| -1.049		| 0.500			| 0.550			| -0.628	| 0.497		| 0.539		|
00:50:52 -  25		| -1.053		| 0.501			| 0.552			| -0.636	| 0.499		| 0.542		|
00:51:39 -  26		| -1.055		| 0.500			| 0.554			| -0.644	| 0.497		| 0.543		|
00:52:30 -  27		| -1.060		| 0.502			| 0.558			| -0.641	| 0.496		| 0.546		|
00:53:19 -  28		| -1.058		| 0.500			| 0.558			| -0.633	| 0.492		| 0.544		|
00:54:05 -  29		| -1.057		| 0.498			| 0.559			| -0.636	| 0.490		| 0.544		|
00:54:56 -  30		| -1.057		| 0.498			| 0.558			| -0.643	| 0.490		| 0.545		|
00:54:56 - ...Saving parameters... | Timestamp: 2022-04-01 00:54:56.281963 | Execution ID: 20220401_0027 | Parameter ID: aad
00:55:45 -  31		| -1.060		| 0.502			| 0.558			| -0.640	| 0.494		| 0.546		|
00:56:32 -  32		| -1.061		| 0.504			| 0.556			| -0.633	| 0.497		| 0.545		|
00:57:22 -  33		| -1.060		| 0.505			| 0.555			| -0.634	| 0.498		| 0.544		|
00:58:13 -  34		| -1.059		| 0.505			| 0.554			| -0.636	| 0.498		| 0.543		|
00:58:59 -  35		| -1.061		| 0.505			| 0.555			| -0.634	| 0.499		| 0.545		|
00:59:50 -  36		| -1.062		| 0.504			| 0.558			| -0.637	| 0.498		| 0.546		|
01:00:39 -  37		| -1.062		| 0.502			| 0.560			| -0.645	| 0.496		| 0.547		|
01:01:26 -  38		| -1.062		| 0.501			| 0.561			| -0.643	| 0.496		| 0.548		|
01:02:16 -  39		| -1.062		| 0.501			| 0.561			| -0.640	| 0.496		| 0.548		|
01:03:05 -  40		| -1.064		| 0.502			| 0.561			| -0.643	| 0.498		| 0.549		|
01:03:05 - ...Saving parameters... | Timestamp: 2022-04-01 01:03:05.362821 | Execution ID: 20220401_0027 | Parameter ID: aae
01:03:51 -  41		| -1.063		| 0.503			| 0.560			| -0.641	| 0.500		| 0.548		|
01:04:41 -  42		| -1.062		| 0.504			| 0.559			| -0.635	| 0.500		| 0.547		|
01:05:30 -  43		| -1.063		| 0.503			| 0.560			| -0.637	| 0.500		| 0.548		|
01:06:15 -  44		| -1.063		| 0.502			| 0.561			| -0.642	| 0.499		| 0.549		|
01:07:05 -  45		| -1.064		| 0.501			| 0.562			| -0.641	| 0.498		| 0.549		|
01:07:51 -  46		| -1.063		| 0.501			| 0.562			| -0.641	| 0.497		| 0.549		|
01:08:36 -  47		| -1.064		| 0.501			| 0.562			| -0.644	| 0.497		| 0.549		|
01:09:24 -  48		| -1.065		| 0.503			| 0.561			| -0.641	| 0.499		| 0.549		|
01:10:10 -  49		| -1.064		| 0.504			| 0.560			| -0.638	| 0.500		| 0.548		|
01:10:54 -  50		| -1.064		| 0.505			| 0.560			| -0.639	| 0.500		| 0.547		|
01:10:54 - ...Saving parameters... | Timestamp: 2022-04-01 01:10:54.548021 | Execution ID: 20220401_0027 | Parameter ID: aaf
01:10:58 - Training KNN...
01:12:11 - Loading Gene Cutsites...
01:24:10 - Predicting Sequence Outcomes...
08:01:42 - Storing Predictions...
08:01:50 - Plotting Figure...
08:01:55 - Execution complete - model folder: 20220401_0027
