01:11:41 - out dir: C:\Development\CS4260\inDelphi/out/20220407_0111/
01:11:41 - Loading data...
01:11:43 - Training Neural Networks...
01:13:04 - Parsing data...
01:13:04 - Training model...
01:13:04 -  Iter	| Train Loss	| Train Rsq1	| Train Rsq2	| Test Loss	| Test Rsq1	| Test Rsq2	|
01:13:53 -  0		| -0.543		| 0.240			| 0.303			| -0.487	| 0.237		| 0.296		|
01:13:53 - ...Saving parameters... | Timestamp: 2022-04-07 01:13:53.261015 | Execution ID: 20220407_0111 | Parameter ID: aaa
01:14:41 -  1		| -0.532		| 0.241			| 0.291			| -0.456	| 0.241		| 0.282		|
01:15:27 -  2		| -0.580		| 0.263			| 0.317			| -0.492	| 0.263		| 0.309		|
01:16:15 -  3		| -0.651		| 0.298			| 0.354			| -0.543	| 0.296		| 0.347		|
01:17:04 -  4		| -0.818		| 0.386			| 0.432			| -0.602	| 0.388		| 0.430		|
01:17:49 -  5		| -0.926		| 0.442			| 0.484			| -0.589	| 0.445		| 0.487		|
01:18:38 -  6		| -0.975		| 0.461			| 0.514			| -0.575	| 0.453		| 0.506		|
01:19:26 -  7		| -0.937		| 0.431			| 0.506			| -0.605	| 0.426		| 0.494		|
01:20:11 -  8		| -0.953		| 0.441			| 0.512			| -0.580	| 0.431		| 0.497		|
01:21:01 -  9		| -0.955		| 0.449			| 0.505			| -0.552	| 0.438		| 0.489		|
01:21:48 -  10		| -0.984		| 0.464			| 0.520			| -0.574	| 0.453		| 0.504		|
01:21:48 - ...Saving parameters... | Timestamp: 2022-04-07 01:21:48.062839 | Execution ID: 20220407_0111 | Parameter ID: aab
01:22:34 -  11		| -1.015		| 0.477			| 0.538			| -0.623	| 0.468		| 0.522		|
01:23:23 -  12		| -1.008		| 0.477			| 0.532			| -0.644	| 0.472		| 0.520		|
01:24:10 -  13		| -1.017		| 0.485			| 0.532			| -0.632	| 0.484		| 0.523		|
01:24:59 -  14		| -1.006		| 0.483			| 0.523			| -0.616	| 0.486		| 0.517		|
01:25:47 -  15		| -1.010		| 0.486			| 0.525			| -0.614	| 0.488		| 0.517		|
01:26:33 -  16		| -1.026		| 0.491			| 0.534			| -0.627	| 0.490		| 0.523		|
01:27:22 -  17		| -1.024		| 0.489			| 0.535			| -0.637	| 0.482		| 0.521		|
01:28:09 -  18		| -1.032		| 0.492			| 0.540			| -0.631	| 0.483		| 0.523		|
01:28:58 -  19		| -1.030		| 0.491			| 0.539			| -0.614	| 0.482		| 0.523		|
01:29:44 -  20		| -1.032		| 0.491			| 0.541			| -0.615	| 0.482		| 0.525		|
01:29:44 - ...Saving parameters... | Timestamp: 2022-04-07 01:29:44.983467 | Execution ID: 20220407_0111 | Parameter ID: aac
01:30:31 -  21		| -1.041		| 0.493			| 0.548			| -0.636	| 0.484		| 0.531		|
01:31:20 -  22		| -1.042		| 0.493			| 0.549			| -0.646	| 0.487		| 0.534		|
01:32:07 -  23		| -1.052		| 0.499			| 0.553			| -0.635	| 0.495		| 0.540		|
01:32:55 -  24		| -1.049		| 0.500			| 0.550			| -0.628	| 0.497		| 0.539		|
01:33:43 -  25		| -1.053		| 0.501			| 0.552			| -0.636	| 0.499		| 0.542		|
01:34:29 -  26		| -1.055		| 0.500			| 0.554			| -0.644	| 0.497		| 0.543		|
01:35:17 -  27		| -1.060		| 0.502			| 0.558			| -0.641	| 0.496		| 0.546		|
01:36:05 -  28		| -1.058		| 0.500			| 0.558			| -0.633	| 0.492		| 0.544		|
01:36:52 -  29		| -1.057		| 0.498			| 0.559			| -0.636	| 0.490		| 0.544		|
01:37:41 -  30		| -1.057		| 0.498			| 0.558			| -0.643	| 0.490		| 0.545		|
01:37:41 - ...Saving parameters... | Timestamp: 2022-04-07 01:37:41.457749 | Execution ID: 20220407_0111 | Parameter ID: aad
01:38:28 -  31		| -1.060		| 0.502			| 0.558			| -0.640	| 0.494		| 0.546		|
01:39:14 -  32		| -1.061		| 0.504			| 0.556			| -0.633	| 0.497		| 0.545		|
01:40:03 -  33		| -1.060		| 0.505			| 0.555			| -0.634	| 0.498		| 0.544		|
01:40:50 -  34		| -1.059		| 0.505			| 0.554			| -0.636	| 0.498		| 0.543		|
01:41:39 -  35		| -1.061		| 0.505			| 0.555			| -0.634	| 0.499		| 0.545		|
01:42:26 -  36		| -1.062		| 0.504			| 0.558			| -0.637	| 0.498		| 0.546		|
01:43:13 -  37		| -1.062		| 0.502			| 0.560			| -0.645	| 0.496		| 0.547		|
01:44:00 -  38		| -1.062		| 0.501			| 0.561			| -0.643	| 0.496		| 0.548		|
01:44:48 -  39		| -1.062		| 0.501			| 0.561			| -0.640	| 0.496		| 0.548		|
01:45:36 -  40		| -1.064		| 0.502			| 0.561			| -0.643	| 0.498		| 0.549		|
01:45:36 - ...Saving parameters... | Timestamp: 2022-04-07 01:45:36.212621 | Execution ID: 20220407_0111 | Parameter ID: aae
01:46:25 -  41		| -1.063		| 0.503			| 0.560			| -0.641	| 0.500		| 0.548		|
01:47:12 -  42		| -1.062		| 0.504			| 0.559			| -0.635	| 0.500		| 0.547		|
01:47:59 -  43		| -1.063		| 0.503			| 0.560			| -0.637	| 0.500		| 0.548		|
01:48:47 -  44		| -1.063		| 0.502			| 0.561			| -0.642	| 0.499		| 0.549		|
01:49:34 -  45		| -1.064		| 0.501			| 0.562			| -0.641	| 0.498		| 0.549		|
01:50:23 -  46		| -1.063		| 0.501			| 0.562			| -0.641	| 0.497		| 0.549		|
01:51:11 -  47		| -1.064		| 0.501			| 0.562			| -0.644	| 0.497		| 0.549		|
01:51:58 -  48		| -1.065		| 0.503			| 0.561			| -0.641	| 0.499		| 0.549		|
01:52:45 -  49		| -1.064		| 0.504			| 0.560			| -0.638	| 0.500		| 0.548		|
01:53:33 -  50		| -1.064		| 0.505			| 0.560			| -0.639	| 0.500		| 0.547		|
01:53:33 - ...Saving parameters... | Timestamp: 2022-04-07 01:53:33.552303 | Execution ID: 20220407_0111 | Parameter ID: aaf
01:53:37 - Training KNN...
01:54:46 - Loading Exon And Intron Cutsites...
01:54:46 - Predicting Sequence Outcomes...
09:37:52 - Storing Predictions...
09:38:01 - Plotting Figure...
09:38:02 - Execution complete - model folder: 20220407_0111
