09:41:17 - out dir: C:\Development\CS4260\inDelphi/out/20220407_0941/
09:41:17 - Loading data...
09:41:19 - mESC Loaded - Count(Items): 821827
09:41:21 - u2OS Loaded - Count(Items): 804703
09:41:21 - Loading Excel from author
09:41:24 - Storing DataSets...
09:41:24 - Training Neural Networks...
09:41:55 - Parsing data...
09:41:55 - Training model...
09:41:55 -  Iter	| Train Loss	| Train Rsq1	| Train Rsq2	| Test Loss	| Test Rsq1	| Test Rsq2	|
09:42:23 -  0		| -0.540		| 0.234			| 0.306			| -0.540	| 0.267		| 0.314		|
09:42:23 - ...Saving parameters... | Timestamp: 2022-04-07 09:42:23.392683 | Execution ID: 20220407_0941 | Parameter ID: aaa
09:42:50 -  1		| -0.551		| 0.247			| 0.303			| -0.508	| 0.271		| 0.306		|
09:43:17 -  2		| -0.646		| 0.294			| 0.352			| -0.575	| 0.323		| 0.357		|
09:43:45 -  3		| -0.795		| 0.371			| 0.424			| -0.645	| 0.401		| 0.431		|
09:44:13 -  4		| -0.942		| 0.448			| 0.494			| -0.643	| 0.471		| 0.509		|
09:44:40 -  5		| -0.998		| 0.471			| 0.527			| -0.672	| 0.500		| 0.546		|
09:45:07 -  6		| -0.981		| 0.459			| 0.522			| -0.686	| 0.494		| 0.539		|
09:45:35 -  7		| -0.968		| 0.462			| 0.506			| -0.614	| 0.482		| 0.523		|
09:46:01 -  8		| -1.014		| 0.483			| 0.532			| -0.656	| 0.506		| 0.549		|
09:46:30 -  9		| -0.998		| 0.473			| 0.525			| -0.691	| 0.504		| 0.543		|
09:46:58 -  10		| -1.014		| 0.482			| 0.532			| -0.675	| 0.505		| 0.547		|
09:46:58 - ...Saving parameters... | Timestamp: 2022-04-07 09:46:58.425280 | Execution ID: 20220407_0941 | Parameter ID: aab
09:47:26 -  11		| -1.017		| 0.485			| 0.532			| -0.642	| 0.501		| 0.545		|
09:47:56 -  12		| -1.014		| 0.482			| 0.532			| -0.633	| 0.496		| 0.544		|
09:48:25 -  13		| -1.031		| 0.483			| 0.548			| -0.662	| 0.503		| 0.562		|
09:48:53 -  14		| -1.017		| 0.470			| 0.547			| -0.697	| 0.503		| 0.563		|
09:49:20 -  15		| -1.029		| 0.477			| 0.552			| -0.693	| 0.507		| 0.568		|
09:49:47 -  16		| -1.040		| 0.488			| 0.552			| -0.666	| 0.508		| 0.565		|
09:50:14 -  17		| -1.035		| 0.489			| 0.545			| -0.653	| 0.507		| 0.557		|
09:50:41 -  18		| -1.040		| 0.493			| 0.547			| -0.662	| 0.511		| 0.558		|
09:51:08 -  19		| -1.043		| 0.494			| 0.549			| -0.677	| 0.515		| 0.562		|
09:51:35 -  20		| -1.052		| 0.498			| 0.555			| -0.685	| 0.521		| 0.569		|
09:51:35 - ...Saving parameters... | Timestamp: 2022-04-07 09:51:35.857881 | Execution ID: 20220407_0941 | Parameter ID: aac
09:52:02 -  21		| -1.056		| 0.499			| 0.557			| -0.682	| 0.523		| 0.573		|
09:52:29 -  22		| -1.058		| 0.498			| 0.559			| -0.688	| 0.525		| 0.576		|
09:52:57 -  23		| -1.060		| 0.498			| 0.561			| -0.697	| 0.524		| 0.578		|
09:53:24 -  24		| -1.062		| 0.500			| 0.562			| -0.687	| 0.522		| 0.576		|
09:53:51 -  25		| -1.059		| 0.501			| 0.559			| -0.670	| 0.520		| 0.573		|
09:54:18 -  26		| -1.059		| 0.501			| 0.558			| -0.667	| 0.517		| 0.570		|
09:54:45 -  27		| -1.058		| 0.499			| 0.559			| -0.674	| 0.515		| 0.570		|
09:55:12 -  28		| -1.062		| 0.500			| 0.562			| -0.682	| 0.521		| 0.575		|
09:55:39 -  29		| -1.060		| 0.499			| 0.561			| -0.686	| 0.523		| 0.577		|
09:56:06 -  30		| -1.061		| 0.499			| 0.562			| -0.693	| 0.523		| 0.577		|
09:56:06 - ...Saving parameters... | Timestamp: 2022-04-07 09:56:06.007765 | Execution ID: 20220407_0941 | Parameter ID: aad
09:56:32 -  31		| -1.062		| 0.501			| 0.562			| -0.689	| 0.522		| 0.575		|
09:56:59 -  32		| -1.062		| 0.503			| 0.560			| -0.679	| 0.523		| 0.573		|
09:57:26 -  33		| -1.062		| 0.503			| 0.559			| -0.677	| 0.522		| 0.572		|
09:57:53 -  34		| -1.063		| 0.503			| 0.560			| -0.682	| 0.522		| 0.572		|
09:58:20 -  35		| -1.065		| 0.503			| 0.561			| -0.686	| 0.524		| 0.575		|
09:58:49 -  36		| -1.065		| 0.503			| 0.562			| -0.688	| 0.525		| 0.577		|
09:59:16 -  37		| -1.065		| 0.502			| 0.563			| -0.690	| 0.525		| 0.578		|
09:59:44 -  38		| -1.065		| 0.502			| 0.563			| -0.688	| 0.524		| 0.577		|
10:00:12 -  39		| -1.065		| 0.503			| 0.563			| -0.682	| 0.522		| 0.576		|
10:00:40 -  40		| -1.065		| 0.503			| 0.562			| -0.678	| 0.521		| 0.575		|
10:00:40 - ...Saving parameters... | Timestamp: 2022-04-07 10:00:40.340768 | Execution ID: 20220407_0941 | Parameter ID: aae
10:01:08 -  41		| -1.065		| 0.503			| 0.563			| -0.680	| 0.522		| 0.576		|
10:01:37 -  42		| -1.066		| 0.502			| 0.564			| -0.686	| 0.522		| 0.578		|
10:02:06 -  43		| -1.066		| 0.501			| 0.565			| -0.689	| 0.523		| 0.579		|
10:02:34 -  44		| -1.066		| 0.501			| 0.565			| -0.689	| 0.524		| 0.579		|
10:03:01 -  45		| -1.067		| 0.502			| 0.565			| -0.688	| 0.524		| 0.579		|
10:03:30 -  46		| -1.067		| 0.503			| 0.564			| -0.686	| 0.523		| 0.578		|
10:04:01 -  47		| -1.067		| 0.503			| 0.564			| -0.684	| 0.523		| 0.577		|
10:04:28 -  48		| -1.067		| 0.504			| 0.564			| -0.684	| 0.524		| 0.577		|
10:04:57 -  49		| -1.068		| 0.503			| 0.564			| -0.687	| 0.524		| 0.578		|
10:05:27 -  50		| -1.068		| 0.503			| 0.565			| -0.690	| 0.524		| 0.578		|
10:05:27 - ...Saving parameters... | Timestamp: 2022-04-07 10:05:27.309346 | Execution ID: 20220407_0941 | Parameter ID: aaf
10:05:29 - Training KNN...
10:05:53 - Training Neural Networks...
10:07:05 - Parsing data...
10:07:05 - Training model...
10:07:05 -  Iter	| Train Loss	| Train Rsq1	| Train Rsq2	| Test Loss	| Test Rsq1	| Test Rsq2	|
10:07:50 -  0		| -0.433		| 0.214			| 0.219			| -0.429	| 0.236		| 0.233		|
10:07:50 - ...Saving parameters... | Timestamp: 2022-04-07 10:07:50.420717 | Execution ID: 20220407_0941 | Parameter ID: aaa
10:08:35 -  1		| -0.432		| 0.215			| 0.218			| -0.449	| 0.238		| 0.230		|
10:09:23 -  2		| -0.431		| 0.213			| 0.218			| -0.448	| 0.236		| 0.230		|
10:10:12 -  3		| -0.436		| 0.214			| 0.222			| -0.452	| 0.237		| 0.233		|
10:10:58 -  4		| -0.443		| 0.217			| 0.225			| -0.456	| 0.240		| 0.236		|
10:11:43 -  5		| -0.452		| 0.222			| 0.230			| -0.462	| 0.245		| 0.240		|
10:12:33 -  6		| -0.461		| 0.227			| 0.234			| -0.465	| 0.251		| 0.245		|
10:13:52 -  7		| -0.466		| 0.230			| 0.236			| -0.464	| 0.254		| 0.248		|
10:15:00 -  8		| -0.475		| 0.235			| 0.240			| -0.466	| 0.259		| 0.253		|
10:15:57 -  9		| -0.492		| 0.244			| 0.248			| -0.476	| 0.268		| 0.262		|
10:16:41 -  10		| -0.507		| 0.254			| 0.253			| -0.487	| 0.279		| 0.269		|
10:16:41 - ...Saving parameters... | Timestamp: 2022-04-07 10:16:41.731588 | Execution ID: 20220407_0941 | Parameter ID: aab
10:17:27 -  11		| -0.520		| 0.264			| 0.256			| -0.494	| 0.291		| 0.274		|
10:18:13 -  12		| -0.538		| 0.276			| 0.262			| -0.498	| 0.306		| 0.284		|
10:18:56 -  13		| -0.553		| 0.283			| 0.270			| -0.494	| 0.316		| 0.296		|
10:19:41 -  14		| -0.568		| 0.290			| 0.278			| -0.496	| 0.325		| 0.304		|
10:20:25 -  15		| -0.583		| 0.298			| 0.286			| -0.500	| 0.333		| 0.311		|
10:21:09 -  16		| -0.595		| 0.303			| 0.293			| -0.499	| 0.339		| 0.319		|
10:21:53 -  17		| -0.607		| 0.308			| 0.300			| -0.495	| 0.345		| 0.326		|
10:22:38 -  18		| -0.621		| 0.314			| 0.307			| -0.495	| 0.351		| 0.334		|
10:23:22 -  19		| -0.641		| 0.325			| 0.316			| -0.517	| 0.360		| 0.344		|
10:24:07 -  20		| -0.655		| 0.332			| 0.323			| -0.517	| 0.365		| 0.351		|
10:24:07 - ...Saving parameters... | Timestamp: 2022-04-07 10:24:07.397304 | Execution ID: 20220407_0941 | Parameter ID: aac
10:24:53 -  21		| -0.662		| 0.334			| 0.328			| -0.499	| 0.367		| 0.355		|
10:25:37 -  22		| -0.680		| 0.344			| 0.336			| -0.517	| 0.375		| 0.363		|
10:26:21 -  23		| -0.687		| 0.350			| 0.338			| -0.529	| 0.381		| 0.366		|
10:27:05 -  24		| -0.698		| 0.353			| 0.344			| -0.505	| 0.383		| 0.370		|
10:27:49 -  25		| -0.707		| 0.359			| 0.348			| -0.508	| 0.388		| 0.374		|
10:28:34 -  26		| -0.709		| 0.362			| 0.348			| -0.522	| 0.392		| 0.376		|
10:29:19 -  27		| -0.715		| 0.364			| 0.351			| -0.511	| 0.391		| 0.377		|
10:30:02 -  28		| -0.717		| 0.364			| 0.353			| -0.499	| 0.387		| 0.375		|
10:30:46 -  29		| -0.720		| 0.365			| 0.354			| -0.506	| 0.388		| 0.376		|
10:31:32 -  30		| -0.719		| 0.365			| 0.354			| -0.515	| 0.389		| 0.377		|
10:31:32 - ...Saving parameters... | Timestamp: 2022-04-07 10:31:32.373106 | Execution ID: 20220407_0941 | Parameter ID: aad
10:32:14 -  31		| -0.723		| 0.367			| 0.356			| -0.504	| 0.388		| 0.376		|
10:32:59 -  32		| -0.721		| 0.365			| 0.355			| -0.495	| 0.386		| 0.374		|
10:33:43 -  33		| -0.722		| 0.366			| 0.356			| -0.505	| 0.388		| 0.376		|
10:34:27 -  34		| -0.722		| 0.366			| 0.355			| -0.508	| 0.387		| 0.375		|
10:35:11 -  35		| -0.722		| 0.366			| 0.357			| -0.493	| 0.382		| 0.373		|
10:35:56 -  36		| -0.723		| 0.366			| 0.357			| -0.493	| 0.382		| 0.372		|
10:36:39 -  37		| -0.724		| 0.368			| 0.356			| -0.507	| 0.388		| 0.375		|
10:37:23 -  38		| -0.725		| 0.368			| 0.357			| -0.502	| 0.387		| 0.374		|
10:38:07 -  39		| -0.724		| 0.367			| 0.357			| -0.491	| 0.383		| 0.371		|
10:38:52 -  40		| -0.725		| 0.368			| 0.357			| -0.499	| 0.386		| 0.373		|
10:38:52 - ...Saving parameters... | Timestamp: 2022-04-07 10:38:52.101965 | Execution ID: 20220407_0941 | Parameter ID: aae
10:39:35 -  41		| -0.724		| 0.368			| 0.356			| -0.508	| 0.388		| 0.373		|
10:40:22 -  42		| -0.725		| 0.368			| 0.357			| -0.498	| 0.386		| 0.372		|
10:41:13 -  43		| -0.725		| 0.368			| 0.357			| -0.494	| 0.385		| 0.372		|
10:42:02 -  44		| -0.725		| 0.369			| 0.357			| -0.503	| 0.389		| 0.374		|
10:42:48 -  45		| -0.726		| 0.369			| 0.357			| -0.505	| 0.388		| 0.374		|
10:43:32 -  46		| -0.726		| 0.368			| 0.357			| -0.496	| 0.385		| 0.372		|
10:44:17 -  47		| -0.726		| 0.368			| 0.358			| -0.499	| 0.386		| 0.373		|
10:45:03 -  48		| -0.726		| 0.369			| 0.357			| -0.506	| 0.389		| 0.375		|
10:45:50 -  49		| -0.726		| 0.369			| 0.358			| -0.502	| 0.388		| 0.374		|
10:46:36 -  50		| -0.726		| 0.369			| 0.358			| -0.498	| 0.387		| 0.374		|
10:46:36 - ...Saving parameters... | Timestamp: 2022-04-07 10:46:36.110237 | Execution ID: 20220407_0941 | Parameter ID: aaf
10:46:40 - Training KNN...
10:47:42 - Predicting Sequence Outcomes...
10:47:47 - Storing Predictions...
10:47:47 - Predicting Sequence Outcomes...
10:47:52 - Storing Predictions...
10:47:52 - Calculating the Observed Values...
10:48:05 - Calculating Pearson Correlation...
10:48:05 - Plotting Figure...
10:48:05 - Execution complete - model folder: 20220407_0941
