15:07:41 - out dir: C:\Development\CS4260\inDelphi/out/20220404_1507/
15:07:41 - Loading data...
15:07:44 - Training Neural Networks...
15:10:18 - Parsing data...
15:10:19 - Training model...
15:10:19 -  Iter	| Seed	| Train Loss	| Train Rsq1	| Train Rsq2	| Test Loss	| Test Rsq1	| Test Rsq2	|
15:13:33 -  0		| RandomState(MT19937)		| -0.543		| 0.240			| 0.303			| -0.487	| 0.237		| 0.296		|
15:13:33 - ...Saving parameters... | Timestamp: 2022-04-04 15:13:33.778806 | Execution ID: 20220404_1507 | Parameter ID: aaa
15:16:46 -  1		| RandomState(MT19937)		| -0.532		| 0.241			| 0.291			| -0.456	| 0.241		| 0.282		|
15:19:47 -  2		| RandomState(MT19937)		| -0.580		| 0.263			| 0.317			| -0.492	| 0.263		| 0.309		|
15:22:43 -  3		| RandomState(MT19937)		| -0.651		| 0.298			| 0.354			| -0.543	| 0.296		| 0.347		|
15:25:36 -  4		| RandomState(MT19937)		| -0.818		| 0.386			| 0.432			| -0.602	| 0.388		| 0.430		|
15:28:31 -  5		| RandomState(MT19937)		| -0.926		| 0.442			| 0.484			| -0.589	| 0.445		| 0.487		|
15:31:38 -  6		| RandomState(MT19937)		| -0.975		| 0.461			| 0.514			| -0.575	| 0.453		| 0.506		|
15:34:36 -  7		| RandomState(MT19937)		| -0.937		| 0.431			| 0.506			| -0.605	| 0.426		| 0.494		|
15:37:34 -  8		| RandomState(MT19937)		| -0.953		| 0.441			| 0.512			| -0.580	| 0.431		| 0.497		|
15:40:31 -  9		| RandomState(MT19937)		| -0.955		| 0.449			| 0.505			| -0.552	| 0.438		| 0.489		|
15:43:28 -  10		| RandomState(MT19937)		| -0.984		| 0.464			| 0.520			| -0.574	| 0.453		| 0.504		|
15:43:28 - ...Saving parameters... | Timestamp: 2022-04-04 15:43:28.285157 | Execution ID: 20220404_1507 | Parameter ID: aab
15:46:36 -  11		| RandomState(MT19937)		| -1.015		| 0.477			| 0.538			| -0.623	| 0.468		| 0.522		|
15:49:38 -  12		| RandomState(MT19937)		| -1.008		| 0.477			| 0.532			| -0.644	| 0.472		| 0.520		|
15:52:34 -  13		| RandomState(MT19937)		| -1.017		| 0.485			| 0.532			| -0.632	| 0.484		| 0.523		|
15:55:36 -  14		| RandomState(MT19937)		| -1.006		| 0.483			| 0.523			| -0.616	| 0.486		| 0.517		|
15:58:35 -  15		| RandomState(MT19937)		| -1.010		| 0.486			| 0.525			| -0.614	| 0.488		| 0.517		|
16:01:43 -  16		| RandomState(MT19937)		| -1.026		| 0.491			| 0.534			| -0.627	| 0.490		| 0.523		|
16:04:56 -  17		| RandomState(MT19937)		| -1.024		| 0.489			| 0.535			| -0.637	| 0.482		| 0.521		|
16:08:25 -  18		| RandomState(MT19937)		| -1.032		| 0.492			| 0.540			| -0.631	| 0.483		| 0.523		|
16:11:36 -  19		| RandomState(MT19937)		| -1.030		| 0.491			| 0.539			| -0.614	| 0.482		| 0.523		|
16:14:44 -  20		| RandomState(MT19937)		| -1.032		| 0.491			| 0.541			| -0.615	| 0.482		| 0.525		|
16:14:44 - ...Saving parameters... | Timestamp: 2022-04-04 16:14:44.881726 | Execution ID: 20220404_1507 | Parameter ID: aac
16:17:50 -  21		| RandomState(MT19937)		| -1.041		| 0.493			| 0.548			| -0.636	| 0.484		| 0.531		|
16:20:59 -  22		| RandomState(MT19937)		| -1.042		| 0.493			| 0.549			| -0.646	| 0.487		| 0.534		|
16:23:54 -  23		| RandomState(MT19937)		| -1.052		| 0.499			| 0.553			| -0.635	| 0.495		| 0.540		|
16:26:51 -  24		| RandomState(MT19937)		| -1.049		| 0.500			| 0.550			| -0.628	| 0.497		| 0.539		|
16:29:47 -  25		| RandomState(MT19937)		| -1.053		| 0.501			| 0.552			| -0.636	| 0.499		| 0.542		|
16:32:54 -  26		| RandomState(MT19937)		| -1.055		| 0.500			| 0.554			| -0.644	| 0.497		| 0.543		|
16:35:57 -  27		| RandomState(MT19937)		| -1.060		| 0.502			| 0.558			| -0.641	| 0.496		| 0.546		|
16:38:56 -  28		| RandomState(MT19937)		| -1.058		| 0.500			| 0.558			| -0.633	| 0.492		| 0.544		|
16:41:49 -  29		| RandomState(MT19937)		| -1.057		| 0.498			| 0.559			| -0.636	| 0.490		| 0.544		|
16:44:43 -  30		| RandomState(MT19937)		| -1.057		| 0.498			| 0.558			| -0.643	| 0.490		| 0.545		|
16:44:43 - ...Saving parameters... | Timestamp: 2022-04-04 16:44:43.870945 | Execution ID: 20220404_1507 | Parameter ID: aad
16:47:38 -  31		| RandomState(MT19937)		| -1.060		| 0.502			| 0.558			| -0.640	| 0.494		| 0.546		|
16:50:27 -  32		| RandomState(MT19937)		| -1.061		| 0.504			| 0.556			| -0.633	| 0.497		| 0.545		|
16:53:11 -  33		| RandomState(MT19937)		| -1.060		| 0.505			| 0.555			| -0.634	| 0.498		| 0.544		|
16:56:06 -  34		| RandomState(MT19937)		| -1.059		| 0.505			| 0.554			| -0.636	| 0.498		| 0.543		|
16:58:55 -  35		| RandomState(MT19937)		| -1.061		| 0.505			| 0.555			| -0.634	| 0.499		| 0.545		|
17:01:42 -  36		| RandomState(MT19937)		| -1.062		| 0.504			| 0.558			| -0.637	| 0.498		| 0.546		|
17:04:42 -  37		| RandomState(MT19937)		| -1.062		| 0.502			| 0.560			| -0.645	| 0.496		| 0.547		|
17:07:35 -  38		| RandomState(MT19937)		| -1.062		| 0.501			| 0.561			| -0.643	| 0.496		| 0.548		|
17:10:35 -  39		| RandomState(MT19937)		| -1.062		| 0.501			| 0.561			| -0.640	| 0.496		| 0.548		|
17:13:26 -  40		| RandomState(MT19937)		| -1.064		| 0.502			| 0.561			| -0.643	| 0.498		| 0.549		|
17:13:26 - ...Saving parameters... | Timestamp: 2022-04-04 17:13:26.509028 | Execution ID: 20220404_1507 | Parameter ID: aae
17:16:21 -  41		| RandomState(MT19937)		| -1.063		| 0.503			| 0.560			| -0.641	| 0.500		| 0.548		|
17:19:15 -  42		| RandomState(MT19937)		| -1.062		| 0.504			| 0.559			| -0.635	| 0.500		| 0.547		|
17:22:09 -  43		| RandomState(MT19937)		| -1.063		| 0.503			| 0.560			| -0.637	| 0.500		| 0.548		|
17:25:04 -  44		| RandomState(MT19937)		| -1.063		| 0.502			| 0.561			| -0.642	| 0.499		| 0.549		|
17:28:07 -  45		| RandomState(MT19937)		| -1.064		| 0.501			| 0.562			| -0.641	| 0.498		| 0.549		|
17:31:03 -  46		| RandomState(MT19937)		| -1.063		| 0.501			| 0.562			| -0.641	| 0.497		| 0.549		|
17:33:51 -  47		| RandomState(MT19937)		| -1.064		| 0.501			| 0.562			| -0.644	| 0.497		| 0.549		|
17:36:44 -  48		| RandomState(MT19937)		| -1.065		| 0.503			| 0.561			| -0.641	| 0.499		| 0.549		|
17:39:36 -  49		| RandomState(MT19937)		| -1.064		| 0.504			| 0.560			| -0.638	| 0.500		| 0.548		|
17:42:34 -  50		| RandomState(MT19937)		| -1.064		| 0.505			| 0.560			| -0.639	| 0.500		| 0.547		|
17:42:34 - ...Saving parameters... | Timestamp: 2022-04-04 17:42:34.370290 | Execution ID: 20220404_1507 | Parameter ID: aaf
17:42:48 - Training KNN...
17:44:52 - Loading Exon And Intron Cutsites...
