12:01:43 - out dir: C:\Development\CS4260\inDelphi/out/20220317_1201/
12:01:43 - Loading data...
12:01:45 - Training Neural Networks...
12:03:05 - Parsing data...
12:03:06 - Training model...
12:03:06 -  Iter	| Train Loss	| Train Rsq1	| Train Rsq2	| Test Loss	| Test Rsq1	| Test Rsq2	|
12:03:52 -  0		| -4.526		| 0.240			| 0.303			| -0.487	| 0.237		| 0.296		|
12:03:52 - ...Saving parameters... | Timestamp: 2022-03-17 12:03:52.722590 | Execution ID: 20220317_1201 | Parameter ID: aaa
12:07:11 -  5		| -7.711		| 0.442			| 0.484			| -0.589	| 0.445		| 0.487		|
12:11:51 -  10		| -8.194		| 0.464			| 0.520			| -0.574	| 0.453		| 0.504		|
12:11:51 - ...Saving parameters... | Timestamp: 2022-03-17 12:11:51.122176 | Execution ID: 20220317_1201 | Parameter ID: aab
12:16:53 -  15		| -8.415		| 0.486			| 0.525			| -0.614	| 0.488		| 0.517		|
12:20:30 -  20		| -8.596		| 0.491			| 0.541			| -0.615	| 0.482		| 0.525		|
12:20:30 - ...Saving parameters... | Timestamp: 2022-03-17 12:20:30.822459 | Execution ID: 20220317_1201 | Parameter ID: aac
12:25:39 -  25		| -8.769		| 0.501			| 0.552			| -0.636	| 0.499		| 0.542		|
12:30:26 -  30		| -8.803		| 0.498			| 0.558			| -0.643	| 0.490		| 0.545		|
12:30:26 - ...Saving parameters... | Timestamp: 2022-03-17 12:30:26.373856 | Execution ID: 20220317_1201 | Parameter ID: aad
12:34:45 -  35		| -8.837		| 0.505			| 0.555			| -0.634	| 0.499		| 0.545		|
12:38:59 -  40		| -8.859		| 0.502			| 0.561			| -0.643	| 0.498		| 0.549		|
12:38:59 - ...Saving parameters... | Timestamp: 2022-03-17 12:38:59.502615 | Execution ID: 20220317_1201 | Parameter ID: aae
12:43:20 -  45		| -8.859		| 0.501			| 0.562			| -0.641	| 0.498		| 0.549		|
12:47:43 -  50		| -8.865		| 0.505			| 0.560			| -0.639	| 0.500		| 0.547		|
12:47:43 - ...Saving parameters... | Timestamp: 2022-03-17 12:47:43.060197 | Execution ID: 20220317_1201 | Parameter ID: aaf
12:47:43 - Training KNN...
12:49:13 - Loading Gene Cutsites...
12:59:26 - Predicting Sequence Outcomes...
01:05:29 - Storing Predictions...
01:05:30 - Plotting Figure...
