15:02:36 - out dir: C:\Development\CS4260\inDelphi/out/jon_all_models/
15:02:36 - Loading pre-trained networks...
15:02:38 - Learning Curve for Current Neural Networks...
15:02:39 - Original Learning Curve for Insertion Model...
15:02:51 - Learning new Neural Network - Split...
15:02:51 - Training Neural Networks...
15:04:19 - Parsing data...
15:04:20 - Training model...
15:04:20 - Splitting data into train and test...
15:04:20 -  Iter	| Train Loss	| Train Rsq	| Test Loss	| Test Rsq	|
15:04:24 -  0		| -0.233		| 0.233			| -0.234			| 0.234	|
15:04:24 - ...Saving parameters... | Timestamp: 2022-04-06 15:04:24.196232 | Execution ID: jon_all_models | Parameter ID: aaa
15:04:28 -  1		| -0.241		| 0.241			| -0.243			| 0.243	|
15:04:32 -  2		| -0.268		| 0.268			| -0.272			| 0.272	|
15:04:36 -  3		| -0.332		| 0.332			| -0.337			| 0.337	|
15:04:40 -  4		| -0.410		| 0.410			| -0.414			| 0.414	|
15:04:44 -  5		| -0.464		| 0.464			| -0.461			| 0.461	|
15:04:47 -  6		| -0.469		| 0.469			| -0.458			| 0.458	|
15:04:51 -  7		| -0.460		| 0.460			| -0.441			| 0.441	|
15:04:55 -  8		| -0.472		| 0.472			| -0.453			| 0.453	|
15:05:00 -  9		| -0.477		| 0.477			| -0.461			| 0.461	|
15:05:04 -  10		| -0.488		| 0.488			| -0.476			| 0.476	|
15:05:04 - ...Saving parameters... | Timestamp: 2022-04-06 15:05:04.197480 | Execution ID: jon_all_models | Parameter ID: aab
15:05:08 -  11		| -0.487		| 0.487			| -0.479			| 0.479	|
15:05:12 -  12		| -0.487		| 0.487			| -0.481			| 0.481	|
15:05:16 -  13		| -0.485		| 0.485			| -0.480			| 0.480	|
15:05:20 -  14		| -0.489		| 0.489			| -0.482			| 0.482	|
15:05:24 -  15		| -0.493		| 0.493			| -0.483			| 0.483	|
15:05:28 -  16		| -0.499		| 0.499			| -0.485			| 0.485	|
15:05:32 -  17		| -0.501		| 0.501			| -0.484			| 0.484	|
15:05:36 -  18		| -0.502		| 0.502			| -0.483			| 0.483	|
15:05:39 -  19		| -0.504		| 0.504			| -0.484			| 0.484	|
15:05:43 -  20		| -0.505		| 0.505			| -0.485			| 0.485	|
15:05:43 - ...Saving parameters... | Timestamp: 2022-04-06 15:05:43.904438 | Execution ID: jon_all_models | Parameter ID: aac
15:05:47 -  21		| -0.505		| 0.505			| -0.485			| 0.485	|
15:05:51 -  22		| -0.505		| 0.505			| -0.483			| 0.483	|
15:05:55 -  23		| -0.506		| 0.506			| -0.484			| 0.484	|
15:05:59 -  24		| -0.507		| 0.507			| -0.484			| 0.484	|
15:06:03 -  25		| -0.507		| 0.507			| -0.482			| 0.482	|
15:06:07 -  26		| -0.505		| 0.505			| -0.483			| 0.483	|
15:06:11 -  27		| -0.505		| 0.505			| -0.480			| 0.480	|
15:06:15 -  28		| -0.507		| 0.507			| -0.484			| 0.484	|
15:06:18 -  29		| -0.507		| 0.507			| -0.485			| 0.485	|
15:06:22 -  30		| -0.507		| 0.507			| -0.483			| 0.483	|
15:06:22 - ...Saving parameters... | Timestamp: 2022-04-06 15:06:22.500129 | Execution ID: jon_all_models | Parameter ID: aad
15:06:26 -  31		| -0.508		| 0.508			| -0.485			| 0.485	|
15:06:30 -  32		| -0.507		| 0.507			| -0.485			| 0.485	|
15:06:34 -  33		| -0.507		| 0.507			| -0.484			| 0.484	|
15:06:38 -  34		| -0.508		| 0.508			| -0.485			| 0.485	|
15:06:42 -  35		| -0.507		| 0.507			| -0.486			| 0.486	|
15:06:46 -  36		| -0.509		| 0.509			| -0.486			| 0.486	|
15:06:50 -  37		| -0.508		| 0.508			| -0.485			| 0.485	|
15:06:54 -  38		| -0.508		| 0.508			| -0.485			| 0.485	|
15:06:57 -  39		| -0.509		| 0.509			| -0.486			| 0.486	|
15:07:01 -  40		| -0.508		| 0.508			| -0.485			| 0.485	|
15:07:01 - ...Saving parameters... | Timestamp: 2022-04-06 15:07:01.892165 | Execution ID: jon_all_models | Parameter ID: aae
15:07:05 -  41		| -0.509		| 0.509			| -0.487			| 0.487	|
15:07:09 -  42		| -0.509		| 0.509			| -0.487			| 0.487	|
15:07:13 -  43		| -0.509		| 0.509			| -0.486			| 0.486	|
15:07:17 -  44		| -0.509		| 0.509			| -0.486			| 0.486	|
15:07:21 -  45		| -0.509		| 0.509			| -0.487			| 0.487	|
15:07:25 -  46		| -0.509		| 0.509			| -0.487			| 0.487	|
15:07:29 -  47		| -0.509		| 0.509			| -0.487			| 0.487	|
15:07:33 -  48		| -0.509		| 0.509			| -0.487			| 0.487	|
15:07:37 -  49		| -0.509		| 0.509			| -0.487			| 0.487	|
15:07:41 -  50		| -0.509		| 0.509			| -0.487			| 0.487	|
15:07:41 - ...Saving parameters... | Timestamp: 2022-04-06 15:07:41.663895 | Execution ID: jon_all_models | Parameter ID: aaf
15:07:58 -  0		| -0.268		| 0.268			| -0.267			| 0.267	|
15:07:58 - ...Saving parameters... | Timestamp: 2022-04-06 15:07:58.818571 | Execution ID: jon_all_models | Parameter ID: aaa
15:08:15 -  1		| -0.282		| 0.282			| -0.284			| 0.284	|
15:08:32 -  2		| -0.282		| 0.282			| -0.290			| 0.290	|
15:08:49 -  3		| -0.286		| 0.286			| -0.289			| 0.289	|
15:09:06 -  4		| -0.282		| 0.282			| -0.284			| 0.284	|
15:09:23 -  5		| -0.285		| 0.285			| -0.288			| 0.288	|
15:09:40 -  6		| -0.289		| 0.289			| -0.293			| 0.293	|
15:09:56 -  7		| -0.290		| 0.290			| -0.296			| 0.296	|
15:10:13 -  8		| -0.293		| 0.293			| -0.298			| 0.298	|
15:10:30 -  9		| -0.295		| 0.295			| -0.299			| 0.299	|
15:10:47 -  10		| -0.301		| 0.301			| -0.306			| 0.306	|
15:10:47 - ...Saving parameters... | Timestamp: 2022-04-06 15:10:47.752654 | Execution ID: jon_all_models | Parameter ID: aab
15:11:04 -  11		| -0.316		| 0.316			| -0.320			| 0.320	|
15:11:20 -  12		| -0.354		| 0.354			| -0.353			| 0.353	|
15:11:36 -  13		| -0.425		| 0.425			| -0.414			| 0.414	|
15:11:53 -  14		| -0.507		| 0.507			| -0.492			| 0.492	|
15:12:09 -  15		| -0.552		| 0.552			| -0.537			| 0.537	|
15:12:26 -  16		| -0.551		| 0.551			| -0.535			| 0.535	|
15:12:42 -  17		| -0.543		| 0.543			| -0.527			| 0.527	|
15:12:58 -  18		| -0.538		| 0.538			| -0.522			| 0.522	|
15:13:15 -  19		| -0.536		| 0.536			| -0.520			| 0.520	|
15:13:31 -  20		| -0.534		| 0.534			| -0.518			| 0.518	|
15:13:31 - ...Saving parameters... | Timestamp: 2022-04-06 15:13:31.450491 | Execution ID: jon_all_models | Parameter ID: aac
15:13:47 -  21		| -0.534		| 0.534			| -0.518			| 0.518	|
15:14:04 -  22		| -0.533		| 0.533			| -0.517			| 0.517	|
15:14:20 -  23		| -0.533		| 0.533			| -0.517			| 0.517	|
15:14:37 -  24		| -0.533		| 0.533			| -0.517			| 0.517	|
15:14:53 -  25		| -0.533		| 0.533			| -0.517			| 0.517	|
15:15:09 -  26		| -0.532		| 0.532			| -0.517			| 0.517	|
15:15:26 -  27		| -0.532		| 0.532			| -0.516			| 0.516	|
15:15:42 -  28		| -0.532		| 0.532			| -0.516			| 0.516	|
15:15:58 -  29		| -0.532		| 0.532			| -0.516			| 0.516	|
15:16:15 -  30		| -0.532		| 0.532			| -0.516			| 0.516	|
15:16:15 - ...Saving parameters... | Timestamp: 2022-04-06 15:16:15.317339 | Execution ID: jon_all_models | Parameter ID: aad
15:16:31 -  31		| -0.532		| 0.532			| -0.516			| 0.516	|
15:16:47 -  32		| -0.532		| 0.532			| -0.516			| 0.516	|
15:17:04 -  33		| -0.532		| 0.532			| -0.516			| 0.516	|
15:17:20 -  34		| -0.532		| 0.532			| -0.516			| 0.516	|
15:17:36 -  35		| -0.532		| 0.532			| -0.516			| 0.516	|
15:17:52 -  36		| -0.532		| 0.532			| -0.516			| 0.516	|
15:18:10 -  37		| -0.532		| 0.532			| -0.516			| 0.516	|
15:18:28 -  38		| -0.532		| 0.532			| -0.516			| 0.516	|
15:18:46 -  39		| -0.532		| 0.532			| -0.516			| 0.516	|
15:19:03 -  40		| -0.532		| 0.532			| -0.516			| 0.516	|
15:19:03 - ...Saving parameters... | Timestamp: 2022-04-06 15:19:03.489760 | Execution ID: jon_all_models | Parameter ID: aae
15:19:20 -  41		| -0.532		| 0.532			| -0.516			| 0.516	|
15:19:37 -  42		| -0.532		| 0.532			| -0.516			| 0.516	|
15:19:53 -  43		| -0.532		| 0.532			| -0.516			| 0.516	|
15:20:09 -  44		| -0.532		| 0.532			| -0.516			| 0.516	|
15:20:26 -  45		| -0.532		| 0.532			| -0.516			| 0.516	|
15:20:42 -  46		| -0.532		| 0.532			| -0.516			| 0.516	|
15:20:59 -  47		| -0.532		| 0.532			| -0.516			| 0.516	|
15:21:15 -  48		| -0.532		| 0.532			| -0.516			| 0.516	|
15:21:31 -  49		| -0.532		| 0.532			| -0.516			| 0.516	|
15:21:48 -  50		| -0.532		| 0.532			| -0.516			| 0.516	|
15:21:48 - ...Saving parameters... | Timestamp: 2022-04-06 15:21:48.550680 | Execution ID: jon_all_models | Parameter ID: aaf
15:21:53 - Training model...
15:22:37 -  0		| -199.629		| 0.240			| 0.301			| -34.769	| 0.243		| 0.310		|
15:22:37 - ...Saving parameters... | Timestamp: 2022-04-06 15:22:37.571224 | Execution ID: jon_all_models | Parameter ID: aaa
15:23:19 -  1		| -201.156		| 0.243			| 0.288			| -35.369	| 0.245		| 0.299		|
15:24:03 -  2		| -229.152		| 0.277			| 0.317			| -40.639	| 0.281		| 0.329		|
15:24:47 -  3		| -280.619		| 0.340			| 0.374			| -50.257	| 0.346		| 0.387		|
15:25:35 -  4		| -350.019		| 0.425			| 0.456			| -62.596	| 0.429		| 0.465		|
15:26:19 -  5		| -387.902		| 0.468			| 0.498			| -68.358	| 0.464		| 0.501		|
15:27:04 -  6		| -391.888		| 0.473			| 0.514			| -68.188	| 0.458		| 0.507		|
15:27:48 -  7		| -364.503		| 0.439			| 0.488			| -61.613	| 0.421		| 0.475		|
15:28:36 -  8		| -382.495		| 0.462			| 0.500			| -66.016	| 0.443		| 0.489		|
15:29:20 -  9		| -377.525		| 0.455			| 0.478			| -65.253	| 0.440		| 0.471		|
15:30:01 -  10		| -397.095		| 0.478			| 0.505			| -68.489	| 0.464		| 0.496		|
15:30:01 - ...Saving parameters... | Timestamp: 2022-04-06 15:30:01.532115 | Execution ID: jon_all_models | Parameter ID: aab
15:30:41 -  11		| -409.117		| 0.493			| 0.526			| -70.686	| 0.482		| 0.520		|
15:31:23 -  12		| -396.133		| 0.478			| 0.509			| -68.921	| 0.472		| 0.507		|
15:32:02 -  13		| -403.332		| 0.487			| 0.515			| -70.287	| 0.481		| 0.511		|
15:32:42 -  14		| -401.358		| 0.483			| 0.508			| -69.749	| 0.477		| 0.503		|
15:33:26 -  15		| -401.549		| 0.483			| 0.506			| -69.375	| 0.475		| 0.500		|
15:34:06 -  16		| -409.479		| 0.492			| 0.519			| -70.358	| 0.481		| 0.511		|
15:34:50 -  17		| -409.755		| 0.493			| 0.525			| -70.116	| 0.479		| 0.516		|
15:35:32 -  18		| -404.163		| 0.487			| 0.519			| -68.967	| 0.471		| 0.510		|
15:36:17 -  19		| -414.154		| 0.498			| 0.529			| -70.856	| 0.483		| 0.519		|
15:37:00 -  20		| -412.872		| 0.496			| 0.523			| -70.696	| 0.483		| 0.513		|
15:37:00 - ...Saving parameters... | Timestamp: 2022-04-06 15:37:00.373669 | Execution ID: jon_all_models | Parameter ID: aac
15:37:42 -  21		| -414.392		| 0.498			| 0.525			| -70.974	| 0.485		| 0.515		|
15:38:25 -  22		| -417.956		| 0.503			| 0.532			| -71.557	| 0.489		| 0.522		|
15:39:08 -  23		| -413.524		| 0.498			| 0.527			| -70.760	| 0.485		| 0.519		|
15:39:55 -  24		| -417.811		| 0.503			| 0.532			| -71.390	| 0.489		| 0.523		|
15:40:37 -  25		| -418.325		| 0.503			| 0.530			| -71.386	| 0.489		| 0.520		|
15:41:17 -  26		| -417.014		| 0.501			| 0.527			| -71.085	| 0.486		| 0.517		|
15:42:02 -  27		| -420.977		| 0.506			| 0.535			| -71.653	| 0.490		| 0.524		|
15:42:44 -  28		| -420.100		| 0.506			| 0.537			| -71.448	| 0.488		| 0.526		|
15:43:25 -  29		| -420.369		| 0.506			| 0.538			| -71.437	| 0.488		| 0.527		|
15:44:07 -  30		| -422.567		| 0.508			| 0.540			| -71.733	| 0.489		| 0.527		|
15:44:07 - ...Saving parameters... | Timestamp: 2022-04-06 15:44:07.048804 | Execution ID: jon_all_models | Parameter ID: aad
15:44:48 -  31		| -420.705		| 0.506			| 0.537			| -71.379	| 0.486		| 0.524		|
15:45:33 -  32		| -422.193		| 0.508			| 0.542			| -71.593	| 0.487		| 0.528		|
15:46:17 -  33		| -421.988		| 0.508			| 0.546			| -71.560	| 0.488		| 0.532		|
15:46:59 -  34		| -421.253		| 0.508			| 0.547			| -71.418	| 0.487		| 0.534		|
15:47:39 -  35		| -422.847		| 0.509			| 0.549			| -71.602	| 0.487		| 0.534		|
15:48:24 -  36		| -421.724		| 0.507			| 0.547			| -71.353	| 0.485		| 0.531		|
15:49:06 -  37		| -422.635		| 0.508			| 0.549			| -71.475	| 0.487		| 0.534		|
15:49:49 -  38		| -422.933		| 0.509			| 0.552			| -71.533	| 0.488		| 0.537		|
15:50:30 -  39		| -422.672		| 0.509			| 0.551			| -71.493	| 0.488		| 0.536		|
15:51:12 -  40		| -423.777		| 0.510			| 0.549			| -71.630	| 0.488		| 0.534		|
15:51:12 - ...Saving parameters... | Timestamp: 2022-04-06 15:51:12.206770 | Execution ID: jon_all_models | Parameter ID: aae
15:51:58 -  41		| -423.224		| 0.509			| 0.545			| -71.512	| 0.488		| 0.530		|
15:52:42 -  42		| -423.850		| 0.510			| 0.546			| -71.646	| 0.489		| 0.530		|
15:53:25 -  43		| -423.788		| 0.511			| 0.546			| -71.705	| 0.489		| 0.531		|
15:54:07 -  44		| -423.551		| 0.510			| 0.545			| -71.690	| 0.489		| 0.530		|
15:54:51 -  45		| -423.997		| 0.511			| 0.544			| -71.725	| 0.489		| 0.529		|
15:55:31 -  46		| -423.519		| 0.510			| 0.542			| -71.619	| 0.488		| 0.526		|
15:56:12 -  47		| -423.880		| 0.510			| 0.543			| -71.712	| 0.489		| 0.527		|
15:56:52 -  48		| -423.849		| 0.511			| 0.543			| -71.772	| 0.489		| 0.528		|
15:57:32 -  49		| -423.764		| 0.511			| 0.543			| -71.772	| 0.489		| 0.528		|
15:58:13 -  50		| -424.088		| 0.511			| 0.543			| -71.761	| 0.489		| 0.527		|
15:58:13 - ...Saving parameters... | Timestamp: 2022-04-06 15:58:13.745753 | Execution ID: jon_all_models | Parameter ID: aaf
15:58:18 - Training model...
15:59:09 -  0		| -450.805		| 0.240			| 0.301			| -79.698	| 0.242		| 0.310		|
15:59:09 - ...Saving parameters... | Timestamp: 2022-04-06 15:59:09.810275 | Execution ID: jon_all_models | Parameter ID: aaa
15:59:59 -  1		| -445.506		| 0.242			| 0.293			| -79.261	| 0.244		| 0.304		|
16:00:49 -  2		| -471.660		| 0.252			| 0.313			| -83.420	| 0.255		| 0.322		|
16:01:39 -  3		| -517.782		| 0.284			| 0.338			| -92.139	| 0.287		| 0.349		|
16:02:27 -  4		| -595.499		| 0.340			| 0.379			| -107.294	| 0.345		| 0.392		|
16:03:17 -  5		| -725.404		| 0.421			| 0.456			| -130.619	| 0.426		| 0.467		|
16:04:07 -  6		| -818.539		| 0.472			| 0.514			| -145.007	| 0.467		| 0.517		|
16:04:57 -  7		| -820.717		| 0.473			| 0.516			| -144.352	| 0.460		| 0.510		|
16:05:47 -  8		| -800.723		| 0.456			| 0.509			| -138.533	| 0.436		| 0.495		|
16:06:36 -  9		| -807.176		| 0.461			| 0.512			| -140.067	| 0.440		| 0.499		|
16:07:25 -  10		| -836.841		| 0.478			| 0.529			| -145.221	| 0.459		| 0.517		|
16:07:25 - ...Saving parameters... | Timestamp: 2022-04-06 16:07:25.568033 | Execution ID: jon_all_models | Parameter ID: aab
16:08:14 -  11		| -850.844		| 0.489			| 0.534			| -147.664	| 0.474		| 0.526		|
16:09:02 -  12		| -847.755		| 0.492			| 0.526			| -147.161	| 0.479		| 0.517		|
16:09:53 -  13		| -854.065		| 0.495			| 0.531			| -148.445	| 0.484		| 0.524		|
16:10:43 -  14		| -843.498		| 0.487			| 0.528			| -146.711	| 0.478		| 0.522		|
16:11:35 -  15		| -864.992		| 0.497			| 0.541			| -149.330	| 0.485		| 0.532		|
16:12:23 -  16		| -869.971		| 0.495			| 0.548			| -149.589	| 0.480		| 0.538		|
16:13:11 -  17		| -854.501		| 0.478			| 0.547			| -146.478	| 0.463		| 0.536		|
16:14:00 -  18		| -865.446		| 0.486			| 0.550			| -148.023	| 0.470		| 0.538		|
16:14:50 -  19		| -863.735		| 0.487			| 0.548			| -147.479	| 0.470		| 0.535		|
16:15:38 -  20		| -868.373		| 0.489			| 0.553			| -148.314	| 0.470		| 0.540		|
16:15:38 - ...Saving parameters... | Timestamp: 2022-04-06 16:15:38.095293 | Execution ID: jon_all_models | Parameter ID: aac
16:16:25 -  21		| -875.756		| 0.496			| 0.554			| -149.564	| 0.478		| 0.541		|
16:17:16 -  22		| -872.356		| 0.498			| 0.547			| -148.844	| 0.481		| 0.533		|
16:18:02 -  23		| -876.093		| 0.502			| 0.548			| -149.666	| 0.484		| 0.535		|
16:18:52 -  24		| -871.219		| 0.500			| 0.546			| -149.135	| 0.482		| 0.533		|
16:19:42 -  25		| -879.235		| 0.505			| 0.550			| -150.399	| 0.486		| 0.536		|
16:20:31 -  26		| -878.157		| 0.504			| 0.549			| -150.117	| 0.484		| 0.535		|
16:21:20 -  27		| -884.231		| 0.505			| 0.557			| -151.376	| 0.484		| 0.542		|
16:22:12 -  28		| -880.681		| 0.500			| 0.558			| -150.846	| 0.480		| 0.543		|
16:23:03 -  29		| -882.675		| 0.501			| 0.559			| -151.101	| 0.479		| 0.543		|
16:23:54 -  30		| -881.199		| 0.500			| 0.558			| -150.845	| 0.477		| 0.542		|
16:23:54 - ...Saving parameters... | Timestamp: 2022-04-06 16:23:54.633212 | Execution ID: jon_all_models | Parameter ID: aad
16:24:46 -  31		| -882.712		| 0.500			| 0.561			| -151.198	| 0.478		| 0.546		|
16:25:40 -  32		| -884.592		| 0.502			| 0.560			| -151.522	| 0.481		| 0.546		|
16:26:34 -  33		| -883.318		| 0.504			| 0.557			| -151.120	| 0.483		| 0.541		|
16:27:28 -  34		| -885.028		| 0.506			| 0.557			| -151.402	| 0.485		| 0.543		|
16:28:23 -  35		| -884.262		| 0.505			| 0.558			| -151.377	| 0.485		| 0.544		|
16:29:14 -  36		| -885.984		| 0.506			| 0.558			| -151.458	| 0.485		| 0.544		|
16:30:08 -  37		| -883.721		| 0.505			| 0.556			| -150.953	| 0.483		| 0.541		|
16:31:03 -  38		| -885.376		| 0.506			| 0.558			| -151.342	| 0.484		| 0.543		|
16:31:57 -  39		| -885.949		| 0.506			| 0.559			| -151.512	| 0.485		| 0.544		|
16:32:45 -  40		| -886.537		| 0.507			| 0.558			| -151.536	| 0.485		| 0.543		|
16:32:45 - ...Saving parameters... | Timestamp: 2022-04-06 16:32:45.700546 | Execution ID: jon_all_models | Parameter ID: aae
16:33:37 -  41		| -886.555		| 0.507			| 0.559			| -151.604	| 0.485		| 0.543		|
16:34:25 -  42		| -886.663		| 0.506			| 0.561			| -151.743	| 0.484		| 0.545		|
16:35:17 -  43		| -887.438		| 0.505			| 0.562			| -151.824	| 0.483		| 0.546		|
16:36:09 -  44		| -886.432		| 0.504			| 0.562			| -151.587	| 0.481		| 0.545		|
16:36:59 -  45		| -886.884		| 0.504			| 0.563			| -151.681	| 0.481		| 0.546		|
16:37:55 -  46		| -887.110		| 0.504			| 0.563			| -151.738	| 0.482		| 0.546		|
16:38:52 -  47		| -887.407		| 0.506			| 0.561			| -151.738	| 0.483		| 0.545		|
16:39:45 -  48		| -887.051		| 0.506			| 0.560			| -151.641	| 0.484		| 0.544		|
16:40:41 -  49		| -887.354		| 0.506			| 0.561			| -151.699	| 0.484		| 0.545		|
16:41:34 -  50		| -887.659		| 0.506			| 0.561			| -151.684	| 0.484		| 0.545		|
16:41:34 - ...Saving parameters... | Timestamp: 2022-04-06 16:41:34.064052 | Execution ID: jon_all_models | Parameter ID: aaf
16:41:38 - Learning Curve for Current Neural Networks...
16:41:39 - Original Learning Curve for Insertion Model...
16:43:00 - Original Learning Curve for Insertion Model...
16:44:19 - Original Learning Curve for Insertion Model...
