14:31:39 - out dir: C:\Development\CS4260\inDelphi/out/jon_all_models/
14:31:39 - Loading pre-trained networks...
14:31:41 - Learning Curve for Current Neural Networks...
14:31:42 - Original Learning Curve for Insertion Model...
14:31:54 - Learning new Neural Network - Split...
14:31:54 - Training Neural Networks...
14:33:18 - Parsing data...
14:33:19 - Training model...
14:33:19 - Splitting data into train and test...
14:33:19 -  Iter	| Seed			| Train Loss	| Train Rsq	| Test Loss	| Test Rsq	|
14:33:22 -  0		| RandomState(MT19937)		| -0.233		| 0.233			| -0.234			| 0.234	|
14:33:22 - ...Saving parameters... | Timestamp: 2022-04-06 14:33:22.818983 | Execution ID: jon_all_models | Parameter ID: aaa
14:33:26 -  1		| RandomState(MT19937)		| -0.241		| 0.241			| -0.243			| 0.243	|
14:33:29 -  2		| RandomState(MT19937)		| -0.268		| 0.268			| -0.272			| 0.272	|
14:33:33 -  3		| RandomState(MT19937)		| -0.332		| 0.332			| -0.337			| 0.337	|
14:33:36 -  4		| RandomState(MT19937)		| -0.410		| 0.410			| -0.414			| 0.414	|
14:33:40 -  5		| RandomState(MT19937)		| -0.464		| 0.464			| -0.461			| 0.461	|
14:33:44 -  6		| RandomState(MT19937)		| -0.469		| 0.469			| -0.458			| 0.458	|
14:33:47 -  7		| RandomState(MT19937)		| -0.460		| 0.460			| -0.441			| 0.441	|
14:33:51 -  8		| RandomState(MT19937)		| -0.472		| 0.472			| -0.453			| 0.453	|
14:33:54 -  9		| RandomState(MT19937)		| -0.477		| 0.477			| -0.461			| 0.461	|
14:33:58 -  10		| RandomState(MT19937)		| -0.488		| 0.488			| -0.476			| 0.476	|
14:33:58 - ...Saving parameters... | Timestamp: 2022-04-06 14:33:58.366730 | Execution ID: jon_all_models | Parameter ID: aab
14:34:01 -  11		| RandomState(MT19937)		| -0.487		| 0.487			| -0.479			| 0.479	|
14:34:05 -  12		| RandomState(MT19937)		| -0.487		| 0.487			| -0.481			| 0.481	|
14:34:09 -  13		| RandomState(MT19937)		| -0.485		| 0.485			| -0.480			| 0.480	|
14:34:12 -  14		| RandomState(MT19937)		| -0.489		| 0.489			| -0.482			| 0.482	|
14:34:16 -  15		| RandomState(MT19937)		| -0.493		| 0.493			| -0.483			| 0.483	|
14:34:19 -  16		| RandomState(MT19937)		| -0.499		| 0.499			| -0.485			| 0.485	|
14:34:23 -  17		| RandomState(MT19937)		| -0.501		| 0.501			| -0.484			| 0.484	|
14:34:27 -  18		| RandomState(MT19937)		| -0.502		| 0.502			| -0.483			| 0.483	|
14:34:30 -  19		| RandomState(MT19937)		| -0.504		| 0.504			| -0.484			| 0.484	|
14:34:34 -  20		| RandomState(MT19937)		| -0.505		| 0.505			| -0.485			| 0.485	|
14:34:34 - ...Saving parameters... | Timestamp: 2022-04-06 14:34:34.294553 | Execution ID: jon_all_models | Parameter ID: aac
14:34:37 -  21		| RandomState(MT19937)		| -0.505		| 0.505			| -0.485			| 0.485	|
14:34:41 -  22		| RandomState(MT19937)		| -0.505		| 0.505			| -0.483			| 0.483	|
14:34:45 -  23		| RandomState(MT19937)		| -0.506		| 0.506			| -0.484			| 0.484	|
14:34:48 -  24		| RandomState(MT19937)		| -0.507		| 0.507			| -0.484			| 0.484	|
14:34:52 -  25		| RandomState(MT19937)		| -0.507		| 0.507			| -0.482			| 0.482	|
14:34:55 -  26		| RandomState(MT19937)		| -0.505		| 0.505			| -0.483			| 0.483	|
14:34:59 -  27		| RandomState(MT19937)		| -0.505		| 0.505			| -0.480			| 0.480	|
14:35:02 -  28		| RandomState(MT19937)		| -0.507		| 0.507			| -0.484			| 0.484	|
14:35:06 -  29		| RandomState(MT19937)		| -0.507		| 0.507			| -0.485			| 0.485	|
14:35:10 -  30		| RandomState(MT19937)		| -0.507		| 0.507			| -0.483			| 0.483	|
14:35:10 - ...Saving parameters... | Timestamp: 2022-04-06 14:35:10.090545 | Execution ID: jon_all_models | Parameter ID: aad
14:35:13 -  31		| RandomState(MT19937)		| -0.508		| 0.508			| -0.485			| 0.485	|
14:35:17 -  32		| RandomState(MT19937)		| -0.507		| 0.507			| -0.485			| 0.485	|
14:35:20 -  33		| RandomState(MT19937)		| -0.507		| 0.507			| -0.484			| 0.484	|
14:35:24 -  34		| RandomState(MT19937)		| -0.508		| 0.508			| -0.485			| 0.485	|
14:35:28 -  35		| RandomState(MT19937)		| -0.507		| 0.507			| -0.486			| 0.486	|
14:35:31 -  36		| RandomState(MT19937)		| -0.509		| 0.509			| -0.486			| 0.486	|
14:35:35 -  37		| RandomState(MT19937)		| -0.508		| 0.508			| -0.485			| 0.485	|
14:35:38 -  38		| RandomState(MT19937)		| -0.508		| 0.508			| -0.485			| 0.485	|
14:35:42 -  39		| RandomState(MT19937)		| -0.509		| 0.509			| -0.486			| 0.486	|
14:35:45 -  40		| RandomState(MT19937)		| -0.508		| 0.508			| -0.485			| 0.485	|
14:35:45 - ...Saving parameters... | Timestamp: 2022-04-06 14:35:45.951907 | Execution ID: jon_all_models | Parameter ID: aae
14:35:49 -  41		| RandomState(MT19937)		| -0.509		| 0.509			| -0.487			| 0.487	|
14:35:53 -  42		| RandomState(MT19937)		| -0.509		| 0.509			| -0.487			| 0.487	|
14:35:56 -  43		| RandomState(MT19937)		| -0.509		| 0.509			| -0.486			| 0.486	|
14:36:00 -  44		| RandomState(MT19937)		| -0.509		| 0.509			| -0.486			| 0.486	|
14:36:03 -  45		| RandomState(MT19937)		| -0.509		| 0.509			| -0.487			| 0.487	|
14:36:07 -  46		| RandomState(MT19937)		| -0.509		| 0.509			| -0.487			| 0.487	|
14:36:11 -  47		| RandomState(MT19937)		| -0.509		| 0.509			| -0.487			| 0.487	|
14:36:14 -  48		| RandomState(MT19937)		| -0.509		| 0.509			| -0.487			| 0.487	|
14:36:18 -  49		| RandomState(MT19937)		| -0.509		| 0.509			| -0.487			| 0.487	|
14:36:21 -  50		| RandomState(MT19937)		| -0.509		| 0.509			| -0.487			| 0.487	|
14:36:21 - ...Saving parameters... | Timestamp: 2022-04-06 14:36:21.995398 | Execution ID: jon_all_models | Parameter ID: aaf
14:36:37 -  0		| RandomState(MT19937)		| -0.268		| 0.268			| -0.267			| 0.267	|
14:36:37 - ...Saving parameters... | Timestamp: 2022-04-06 14:36:37.382918 | Execution ID: jon_all_models | Parameter ID: aaa
14:36:52 -  1		| RandomState(MT19937)		| -0.282		| 0.282			| -0.284			| 0.284	|
14:37:08 -  2		| RandomState(MT19937)		| -0.282		| 0.282			| -0.290			| 0.290	|
14:37:23 -  3		| RandomState(MT19937)		| -0.286		| 0.286			| -0.289			| 0.289	|
14:37:38 -  4		| RandomState(MT19937)		| -0.282		| 0.282			| -0.284			| 0.284	|
14:37:54 -  5		| RandomState(MT19937)		| -0.285		| 0.285			| -0.288			| 0.288	|
14:38:09 -  6		| RandomState(MT19937)		| -0.289		| 0.289			| -0.293			| 0.293	|
14:38:25 -  7		| RandomState(MT19937)		| -0.290		| 0.290			| -0.296			| 0.296	|
14:38:40 -  8		| RandomState(MT19937)		| -0.293		| 0.293			| -0.298			| 0.298	|
14:38:55 -  9		| RandomState(MT19937)		| -0.295		| 0.295			| -0.299			| 0.299	|
14:39:10 -  10		| RandomState(MT19937)		| -0.301		| 0.301			| -0.306			| 0.306	|
14:39:10 - ...Saving parameters... | Timestamp: 2022-04-06 14:39:10.754127 | Execution ID: jon_all_models | Parameter ID: aab
14:39:26 -  11		| RandomState(MT19937)		| -0.316		| 0.316			| -0.320			| 0.320	|
14:39:41 -  12		| RandomState(MT19937)		| -0.354		| 0.354			| -0.353			| 0.353	|
14:39:57 -  13		| RandomState(MT19937)		| -0.425		| 0.425			| -0.414			| 0.414	|
14:40:12 -  14		| RandomState(MT19937)		| -0.507		| 0.507			| -0.492			| 0.492	|
14:40:28 -  15		| RandomState(MT19937)		| -0.552		| 0.552			| -0.537			| 0.537	|
14:40:43 -  16		| RandomState(MT19937)		| -0.551		| 0.551			| -0.535			| 0.535	|
14:40:58 -  17		| RandomState(MT19937)		| -0.543		| 0.543			| -0.527			| 0.527	|
14:41:15 -  18		| RandomState(MT19937)		| -0.538		| 0.538			| -0.522			| 0.522	|
14:41:31 -  19		| RandomState(MT19937)		| -0.536		| 0.536			| -0.520			| 0.520	|
14:41:47 -  20		| RandomState(MT19937)		| -0.534		| 0.534			| -0.518			| 0.518	|
14:41:47 - ...Saving parameters... | Timestamp: 2022-04-06 14:41:47.747089 | Execution ID: jon_all_models | Parameter ID: aac
