14:42:08 - out dir: C:\Development\CS4260\inDelphi/out/jon_all_models/
14:42:08 - Loading pre-trained networks...
14:42:10 - Learning Curve for Current Neural Networks...
14:42:10 - Original Learning Curve for Insertion Model...
14:42:23 - Learning new Neural Network - Split...
14:42:23 - Training Neural Networks...
14:43:48 - Parsing data...
14:43:49 - Training model...
14:43:49 - Splitting data into train and test...
14:43:49 -  Iter	| Train Loss	| Train Rsq	| Test Loss	| Test Rsq	|
14:43:52 -  0		| -0.233		| 0.233			| -0.234			| 0.234	|
14:43:52 - ...Saving parameters... | Timestamp: 2022-04-06 14:43:52.625622 | Execution ID: jon_all_models | Parameter ID: aaa
14:43:56 -  1		| -0.241		| 0.241			| -0.243			| 0.243	|
14:43:59 -  2		| -0.268		| 0.268			| -0.272			| 0.272	|
14:44:03 -  3		| -0.332		| 0.332			| -0.337			| 0.337	|
14:44:07 -  4		| -0.410		| 0.410			| -0.414			| 0.414	|
14:44:11 -  5		| -0.464		| 0.464			| -0.461			| 0.461	|
14:44:14 -  6		| -0.469		| 0.469			| -0.458			| 0.458	|
14:44:18 -  7		| -0.460		| 0.460			| -0.441			| 0.441	|
14:44:22 -  8		| -0.472		| 0.472			| -0.453			| 0.453	|
14:44:26 -  9		| -0.477		| 0.477			| -0.461			| 0.461	|
14:44:29 -  10		| -0.488		| 0.488			| -0.476			| 0.476	|
14:44:29 - ...Saving parameters... | Timestamp: 2022-04-06 14:44:29.857376 | Execution ID: jon_all_models | Parameter ID: aab
14:44:33 -  11		| -0.487		| 0.487			| -0.479			| 0.479	|
14:44:37 -  12		| -0.487		| 0.487			| -0.481			| 0.481	|
14:44:41 -  13		| -0.485		| 0.485			| -0.480			| 0.480	|
14:44:46 -  14		| -0.489		| 0.489			| -0.482			| 0.482	|
14:44:50 -  15		| -0.493		| 0.493			| -0.483			| 0.483	|
14:44:54 -  16		| -0.499		| 0.499			| -0.485			| 0.485	|
14:44:58 -  17		| -0.501		| 0.501			| -0.484			| 0.484	|
14:45:01 -  18		| -0.502		| 0.502			| -0.483			| 0.483	|
14:45:05 -  19		| -0.504		| 0.504			| -0.484			| 0.484	|
14:45:09 -  20		| -0.505		| 0.505			| -0.485			| 0.485	|
14:45:09 - ...Saving parameters... | Timestamp: 2022-04-06 14:45:09.869164 | Execution ID: jon_all_models | Parameter ID: aac
14:45:13 -  21		| -0.505		| 0.505			| -0.485			| 0.485	|
14:45:17 -  22		| -0.505		| 0.505			| -0.483			| 0.483	|
14:45:21 -  23		| -0.506		| 0.506			| -0.484			| 0.484	|
14:45:25 -  24		| -0.507		| 0.507			| -0.484			| 0.484	|
14:45:29 -  25		| -0.507		| 0.507			| -0.482			| 0.482	|
14:45:33 -  26		| -0.505		| 0.505			| -0.483			| 0.483	|
14:45:37 -  27		| -0.505		| 0.505			| -0.480			| 0.480	|
14:45:41 -  28		| -0.507		| 0.507			| -0.484			| 0.484	|
14:45:44 -  29		| -0.507		| 0.507			| -0.485			| 0.485	|
14:45:48 -  30		| -0.507		| 0.507			| -0.483			| 0.483	|
14:45:48 - ...Saving parameters... | Timestamp: 2022-04-06 14:45:48.702512 | Execution ID: jon_all_models | Parameter ID: aad
14:45:52 -  31		| -0.508		| 0.508			| -0.485			| 0.485	|
14:45:56 -  32		| -0.507		| 0.507			| -0.485			| 0.485	|
14:45:59 -  33		| -0.507		| 0.507			| -0.484			| 0.484	|
14:46:03 -  34		| -0.508		| 0.508			| -0.485			| 0.485	|
14:46:07 -  35		| -0.507		| 0.507			| -0.486			| 0.486	|
14:46:11 -  36		| -0.509		| 0.509			| -0.486			| 0.486	|
14:46:14 -  37		| -0.508		| 0.508			| -0.485			| 0.485	|
14:46:18 -  38		| -0.508		| 0.508			| -0.485			| 0.485	|
14:46:22 -  39		| -0.509		| 0.509			| -0.486			| 0.486	|
14:46:26 -  40		| -0.508		| 0.508			| -0.485			| 0.485	|
14:46:26 - ...Saving parameters... | Timestamp: 2022-04-06 14:46:26.674759 | Execution ID: jon_all_models | Parameter ID: aae
14:46:30 -  41		| -0.509		| 0.509			| -0.487			| 0.487	|
14:46:34 -  42		| -0.509		| 0.509			| -0.487			| 0.487	|
14:46:37 -  43		| -0.509		| 0.509			| -0.486			| 0.486	|
14:46:42 -  44		| -0.509		| 0.509			| -0.486			| 0.486	|
14:46:46 -  45		| -0.509		| 0.509			| -0.487			| 0.487	|
14:46:50 -  46		| -0.509		| 0.509			| -0.487			| 0.487	|
14:46:53 -  47		| -0.509		| 0.509			| -0.487			| 0.487	|
14:46:57 -  48		| -0.509		| 0.509			| -0.487			| 0.487	|
14:47:01 -  49		| -0.509		| 0.509			| -0.487			| 0.487	|
14:47:05 -  50		| -0.509		| 0.509			| -0.487			| 0.487	|
14:47:05 - ...Saving parameters... | Timestamp: 2022-04-06 14:47:05.234168 | Execution ID: jon_all_models | Parameter ID: aaf
14:47:21 -  0		| -0.268		| 0.268			| -0.267			| 0.267	|
14:47:21 - ...Saving parameters... | Timestamp: 2022-04-06 14:47:21.194806 | Execution ID: jon_all_models | Parameter ID: aaa
14:47:37 -  1		| -0.282		| 0.282			| -0.284			| 0.284	|
14:47:54 -  2		| -0.282		| 0.282			| -0.290			| 0.290	|
14:48:10 -  3		| -0.286		| 0.286			| -0.289			| 0.289	|
14:48:26 -  4		| -0.282		| 0.282			| -0.284			| 0.284	|
14:48:43 -  5		| -0.285		| 0.285			| -0.288			| 0.288	|
14:48:59 -  6		| -0.289		| 0.289			| -0.293			| 0.293	|
14:49:16 -  7		| -0.290		| 0.290			| -0.296			| 0.296	|
14:49:32 -  8		| -0.293		| 0.293			| -0.298			| 0.298	|
14:49:48 -  9		| -0.295		| 0.295			| -0.299			| 0.299	|
14:50:05 -  10		| -0.301		| 0.301			| -0.306			| 0.306	|
14:50:05 - ...Saving parameters... | Timestamp: 2022-04-06 14:50:05.460580 | Execution ID: jon_all_models | Parameter ID: aab
14:50:21 -  11		| -0.316		| 0.316			| -0.320			| 0.320	|
14:50:37 -  12		| -0.354		| 0.354			| -0.353			| 0.353	|
14:50:53 -  13		| -0.425		| 0.425			| -0.414			| 0.414	|
14:51:09 -  14		| -0.507		| 0.507			| -0.492			| 0.492	|
14:51:25 -  15		| -0.552		| 0.552			| -0.537			| 0.537	|
14:51:42 -  16		| -0.551		| 0.551			| -0.535			| 0.535	|
14:51:58 -  17		| -0.543		| 0.543			| -0.527			| 0.527	|
14:52:15 -  18		| -0.538		| 0.538			| -0.522			| 0.522	|
14:52:31 -  19		| -0.536		| 0.536			| -0.520			| 0.520	|
14:52:48 -  20		| -0.534		| 0.534			| -0.518			| 0.518	|
14:52:48 - ...Saving parameters... | Timestamp: 2022-04-06 14:52:48.579797 | Execution ID: jon_all_models | Parameter ID: aac
14:53:04 -  21		| -0.534		| 0.534			| -0.518			| 0.518	|
14:53:21 -  22		| -0.533		| 0.533			| -0.517			| 0.517	|
14:53:37 -  23		| -0.533		| 0.533			| -0.517			| 0.517	|
14:53:54 -  24		| -0.533		| 0.533			| -0.517			| 0.517	|
14:54:10 -  25		| -0.533		| 0.533			| -0.517			| 0.517	|
14:54:26 -  26		| -0.532		| 0.532			| -0.517			| 0.517	|
14:54:43 -  27		| -0.532		| 0.532			| -0.516			| 0.516	|
14:54:59 -  28		| -0.532		| 0.532			| -0.516			| 0.516	|
14:55:16 -  29		| -0.532		| 0.532			| -0.516			| 0.516	|
14:55:32 -  30		| -0.532		| 0.532			| -0.516			| 0.516	|
14:55:32 - ...Saving parameters... | Timestamp: 2022-04-06 14:55:32.682919 | Execution ID: jon_all_models | Parameter ID: aad
14:55:49 -  31		| -0.532		| 0.532			| -0.516			| 0.516	|
14:56:05 -  32		| -0.532		| 0.532			| -0.516			| 0.516	|
14:56:22 -  33		| -0.532		| 0.532			| -0.516			| 0.516	|
14:56:38 -  34		| -0.532		| 0.532			| -0.516			| 0.516	|
14:56:54 -  35		| -0.532		| 0.532			| -0.516			| 0.516	|
14:57:11 -  36		| -0.532		| 0.532			| -0.516			| 0.516	|
14:57:27 -  37		| -0.532		| 0.532			| -0.516			| 0.516	|
14:57:44 -  38		| -0.532		| 0.532			| -0.516			| 0.516	|
14:58:01 -  39		| -0.532		| 0.532			| -0.516			| 0.516	|
14:58:17 -  40		| -0.532		| 0.532			| -0.516			| 0.516	|
14:58:17 - ...Saving parameters... | Timestamp: 2022-04-06 14:58:17.784501 | Execution ID: jon_all_models | Parameter ID: aae
14:58:34 -  41		| -0.532		| 0.532			| -0.516			| 0.516	|
14:58:51 -  42		| -0.532		| 0.532			| -0.516			| 0.516	|
14:59:08 -  43		| -0.532		| 0.532			| -0.516			| 0.516	|
14:59:25 -  44		| -0.532		| 0.532			| -0.516			| 0.516	|
14:59:42 -  45		| -0.532		| 0.532			| -0.516			| 0.516	|
14:59:59 -  46		| -0.532		| 0.532			| -0.516			| 0.516	|
15:00:16 -  47		| -0.532		| 0.532			| -0.516			| 0.516	|
15:00:33 -  48		| -0.532		| 0.532			| -0.516			| 0.516	|
15:00:49 -  49		| -0.532		| 0.532			| -0.516			| 0.516	|
15:01:06 -  50		| -0.532		| 0.532			| -0.516			| 0.516	|
15:01:06 - ...Saving parameters... | Timestamp: 2022-04-06 15:01:06.555679 | Execution ID: jon_all_models | Parameter ID: aaf
