11:25:10 - out dir: C:\Development\CS4260\inDelphi/out/jon_all_models/
11:25:10 - Loading pre-trained networks...
11:25:13 - Learning Curve for Current Neural Networks...
11:25:13 - Original Learning Curve for Insertion Model...
11:25:30 - Learning new Neural Network - Split...
11:25:30 - Training Neural Networks...
11:26:57 - Parsing data...
11:26:57 - Training model...
11:26:57 - Splitting data into train and test...
11:26:57 -  Iter	| Seed			| Train Loss	| Train Rsq	| Test Loss	| Test Rsq	|
11:27:01 -  0		| RandomState(MT19937)		| -0.233		| 0.233			| -0.234			| 0.234	|
11:27:01 - ...Saving parameters... | Timestamp: 2022-04-06 11:27:01.008968 | Execution ID: jon_all_models | Parameter ID: aaa
11:27:05 -  1		| RandomState(MT19937)		| -0.241		| 0.241			| -0.243			| 0.243	|
11:27:09 -  2		| RandomState(MT19937)		| -0.268		| 0.268			| -0.272			| 0.272	|
11:27:13 -  3		| RandomState(MT19937)		| -0.332		| 0.332			| -0.337			| 0.337	|
11:27:17 -  4		| RandomState(MT19937)		| -0.410		| 0.410			| -0.414			| 0.414	|
11:27:21 -  5		| RandomState(MT19937)		| -0.464		| 0.464			| -0.461			| 0.461	|
11:27:25 -  6		| RandomState(MT19937)		| -0.469		| 0.469			| -0.458			| 0.458	|
11:27:29 -  7		| RandomState(MT19937)		| -0.460		| 0.460			| -0.441			| 0.441	|
11:27:33 -  8		| RandomState(MT19937)		| -0.472		| 0.472			| -0.453			| 0.453	|
11:27:36 -  9		| RandomState(MT19937)		| -0.477		| 0.477			| -0.461			| 0.461	|
11:27:40 -  10		| RandomState(MT19937)		| -0.488		| 0.488			| -0.476			| 0.476	|
11:27:40 - ...Saving parameters... | Timestamp: 2022-04-06 11:27:40.645881 | Execution ID: jon_all_models | Parameter ID: aab
11:27:44 -  11		| RandomState(MT19937)		| -0.487		| 0.487			| -0.479			| 0.479	|
11:27:48 -  12		| RandomState(MT19937)		| -0.487		| 0.487			| -0.481			| 0.481	|
11:27:52 -  13		| RandomState(MT19937)		| -0.485		| 0.485			| -0.480			| 0.480	|
11:27:55 -  14		| RandomState(MT19937)		| -0.489		| 0.489			| -0.482			| 0.482	|
11:27:59 -  15		| RandomState(MT19937)		| -0.493		| 0.493			| -0.483			| 0.483	|
11:28:03 -  16		| RandomState(MT19937)		| -0.499		| 0.499			| -0.485			| 0.485	|
11:28:07 -  17		| RandomState(MT19937)		| -0.501		| 0.501			| -0.484			| 0.484	|
11:28:11 -  18		| RandomState(MT19937)		| -0.502		| 0.502			| -0.483			| 0.483	|
11:28:15 -  19		| RandomState(MT19937)		| -0.504		| 0.504			| -0.484			| 0.484	|
11:28:19 -  20		| RandomState(MT19937)		| -0.505		| 0.505			| -0.485			| 0.485	|
11:28:19 - ...Saving parameters... | Timestamp: 2022-04-06 11:28:19.092594 | Execution ID: jon_all_models | Parameter ID: aac
11:28:22 -  21		| RandomState(MT19937)		| -0.505		| 0.505			| -0.485			| 0.485	|
11:28:26 -  22		| RandomState(MT19937)		| -0.505		| 0.505			| -0.483			| 0.483	|
11:28:30 -  23		| RandomState(MT19937)		| -0.506		| 0.506			| -0.484			| 0.484	|
11:28:34 -  24		| RandomState(MT19937)		| -0.507		| 0.507			| -0.484			| 0.484	|
11:28:38 -  25		| RandomState(MT19937)		| -0.507		| 0.507			| -0.482			| 0.482	|
11:28:42 -  26		| RandomState(MT19937)		| -0.505		| 0.505			| -0.483			| 0.483	|
11:28:45 -  27		| RandomState(MT19937)		| -0.505		| 0.505			| -0.480			| 0.480	|
11:28:49 -  28		| RandomState(MT19937)		| -0.507		| 0.507			| -0.484			| 0.484	|
11:28:53 -  29		| RandomState(MT19937)		| -0.507		| 0.507			| -0.485			| 0.485	|
11:28:57 -  30		| RandomState(MT19937)		| -0.507		| 0.507			| -0.483			| 0.483	|
11:28:57 - ...Saving parameters... | Timestamp: 2022-04-06 11:28:57.139861 | Execution ID: jon_all_models | Parameter ID: aad
11:29:00 -  31		| RandomState(MT19937)		| -0.508		| 0.508			| -0.485			| 0.485	|
11:29:04 -  32		| RandomState(MT19937)		| -0.507		| 0.507			| -0.485			| 0.485	|
11:29:08 -  33		| RandomState(MT19937)		| -0.507		| 0.507			| -0.484			| 0.484	|
11:29:12 -  34		| RandomState(MT19937)		| -0.508		| 0.508			| -0.485			| 0.485	|
11:29:15 -  35		| RandomState(MT19937)		| -0.507		| 0.507			| -0.486			| 0.486	|
11:29:19 -  36		| RandomState(MT19937)		| -0.509		| 0.509			| -0.486			| 0.486	|
11:29:23 -  37		| RandomState(MT19937)		| -0.508		| 0.508			| -0.485			| 0.485	|
11:29:27 -  38		| RandomState(MT19937)		| -0.508		| 0.508			| -0.485			| 0.485	|
11:29:31 -  39		| RandomState(MT19937)		| -0.509		| 0.509			| -0.486			| 0.486	|
11:29:34 -  40		| RandomState(MT19937)		| -0.508		| 0.508			| -0.485			| 0.485	|
11:29:34 - ...Saving parameters... | Timestamp: 2022-04-06 11:29:34.863477 | Execution ID: jon_all_models | Parameter ID: aae
11:29:39 -  41		| RandomState(MT19937)		| -0.509		| 0.509			| -0.487			| 0.487	|
11:29:43 -  42		| RandomState(MT19937)		| -0.509		| 0.509			| -0.487			| 0.487	|
11:29:47 -  43		| RandomState(MT19937)		| -0.509		| 0.509			| -0.486			| 0.486	|
11:29:51 -  44		| RandomState(MT19937)		| -0.509		| 0.509			| -0.486			| 0.486	|
11:29:55 -  45		| RandomState(MT19937)		| -0.509		| 0.509			| -0.487			| 0.487	|
11:30:00 -  46		| RandomState(MT19937)		| -0.509		| 0.509			| -0.487			| 0.487	|
11:30:04 -  47		| RandomState(MT19937)		| -0.509		| 0.509			| -0.487			| 0.487	|
11:30:07 -  48		| RandomState(MT19937)		| -0.509		| 0.509			| -0.487			| 0.487	|
11:30:11 -  49		| RandomState(MT19937)		| -0.509		| 0.509			| -0.487			| 0.487	|
11:30:15 -  50		| RandomState(MT19937)		| -0.509		| 0.509			| -0.487			| 0.487	|
11:30:15 - ...Saving parameters... | Timestamp: 2022-04-06 11:30:15.720842 | Execution ID: jon_all_models | Parameter ID: aaf
11:30:32 -  0		| RandomState(MT19937)		| -0.268		| 0.268			| -0.267			| 0.267	|
11:30:32 - ...Saving parameters... | Timestamp: 2022-04-06 11:30:32.345331 | Execution ID: jon_all_models | Parameter ID: aaa
11:30:48 -  1		| RandomState(MT19937)		| -0.282		| 0.282			| -0.284			| 0.284	|
11:31:04 -  2		| RandomState(MT19937)		| -0.282		| 0.282			| -0.290			| 0.290	|
11:31:20 -  3		| RandomState(MT19937)		| -0.286		| 0.286			| -0.289			| 0.289	|
11:31:39 -  4		| RandomState(MT19937)		| -0.282		| 0.282			| -0.284			| 0.284	|
11:31:57 -  5		| RandomState(MT19937)		| -0.285		| 0.285			| -0.288			| 0.288	|
11:32:13 -  6		| RandomState(MT19937)		| -0.289		| 0.289			| -0.293			| 0.293	|
11:32:30 -  7		| RandomState(MT19937)		| -0.290		| 0.290			| -0.296			| 0.296	|
11:32:47 -  8		| RandomState(MT19937)		| -0.293		| 0.293			| -0.298			| 0.298	|
11:33:03 -  9		| RandomState(MT19937)		| -0.295		| 0.295			| -0.299			| 0.299	|
11:33:20 -  10		| RandomState(MT19937)		| -0.301		| 0.301			| -0.306			| 0.306	|
11:33:20 - ...Saving parameters... | Timestamp: 2022-04-06 11:33:20.817485 | Execution ID: jon_all_models | Parameter ID: aab
11:33:37 -  11		| RandomState(MT19937)		| -0.316		| 0.316			| -0.320			| 0.320	|
11:33:55 -  12		| RandomState(MT19937)		| -0.354		| 0.354			| -0.353			| 0.353	|
11:34:11 -  13		| RandomState(MT19937)		| -0.425		| 0.425			| -0.414			| 0.414	|
11:34:28 -  14		| RandomState(MT19937)		| -0.507		| 0.507			| -0.492			| 0.492	|
11:34:44 -  15		| RandomState(MT19937)		| -0.552		| 0.552			| -0.537			| 0.537	|
11:35:01 -  16		| RandomState(MT19937)		| -0.551		| 0.551			| -0.535			| 0.535	|
11:35:19 -  17		| RandomState(MT19937)		| -0.543		| 0.543			| -0.527			| 0.527	|
11:35:35 -  18		| RandomState(MT19937)		| -0.538		| 0.538			| -0.522			| 0.522	|
11:35:52 -  19		| RandomState(MT19937)		| -0.536		| 0.536			| -0.520			| 0.520	|
11:36:09 -  20		| RandomState(MT19937)		| -0.534		| 0.534			| -0.518			| 0.518	|
11:36:09 - ...Saving parameters... | Timestamp: 2022-04-06 11:36:09.271820 | Execution ID: jon_all_models | Parameter ID: aac
11:36:26 -  21		| RandomState(MT19937)		| -0.534		| 0.534			| -0.518			| 0.518	|
11:36:42 -  22		| RandomState(MT19937)		| -0.533		| 0.533			| -0.517			| 0.517	|
11:36:59 -  23		| RandomState(MT19937)		| -0.533		| 0.533			| -0.517			| 0.517	|
11:37:15 -  24		| RandomState(MT19937)		| -0.533		| 0.533			| -0.517			| 0.517	|
11:37:32 -  25		| RandomState(MT19937)		| -0.533		| 0.533			| -0.517			| 0.517	|
11:37:48 -  26		| RandomState(MT19937)		| -0.532		| 0.532			| -0.517			| 0.517	|
11:38:05 -  27		| RandomState(MT19937)		| -0.532		| 0.532			| -0.516			| 0.516	|
11:38:21 -  28		| RandomState(MT19937)		| -0.532		| 0.532			| -0.516			| 0.516	|
11:38:38 -  29		| RandomState(MT19937)		| -0.532		| 0.532			| -0.516			| 0.516	|
11:38:55 -  30		| RandomState(MT19937)		| -0.532		| 0.532			| -0.516			| 0.516	|
11:38:55 - ...Saving parameters... | Timestamp: 2022-04-06 11:38:55.288460 | Execution ID: jon_all_models | Parameter ID: aad
11:39:11 -  31		| RandomState(MT19937)		| -0.532		| 0.532			| -0.516			| 0.516	|
11:39:28 -  32		| RandomState(MT19937)		| -0.532		| 0.532			| -0.516			| 0.516	|
11:39:44 -  33		| RandomState(MT19937)		| -0.532		| 0.532			| -0.516			| 0.516	|
11:40:01 -  34		| RandomState(MT19937)		| -0.532		| 0.532			| -0.516			| 0.516	|
11:40:18 -  35		| RandomState(MT19937)		| -0.532		| 0.532			| -0.516			| 0.516	|
11:40:34 -  36		| RandomState(MT19937)		| -0.532		| 0.532			| -0.516			| 0.516	|
11:40:51 -  37		| RandomState(MT19937)		| -0.532		| 0.532			| -0.516			| 0.516	|
11:41:07 -  38		| RandomState(MT19937)		| -0.532		| 0.532			| -0.516			| 0.516	|
11:41:23 -  39		| RandomState(MT19937)		| -0.532		| 0.532			| -0.516			| 0.516	|
11:41:40 -  40		| RandomState(MT19937)		| -0.532		| 0.532			| -0.516			| 0.516	|
11:41:40 - ...Saving parameters... | Timestamp: 2022-04-06 11:41:40.377783 | Execution ID: jon_all_models | Parameter ID: aae
11:41:56 -  41		| RandomState(MT19937)		| -0.532		| 0.532			| -0.516			| 0.516	|
11:42:13 -  42		| RandomState(MT19937)		| -0.532		| 0.532			| -0.516			| 0.516	|
11:42:29 -  43		| RandomState(MT19937)		| -0.532		| 0.532			| -0.516			| 0.516	|
11:42:45 -  44		| RandomState(MT19937)		| -0.532		| 0.532			| -0.516			| 0.516	|
11:43:01 -  45		| RandomState(MT19937)		| -0.532		| 0.532			| -0.516			| 0.516	|
11:43:18 -  46		| RandomState(MT19937)		| -0.532		| 0.532			| -0.516			| 0.516	|
11:43:34 -  47		| RandomState(MT19937)		| -0.532		| 0.532			| -0.516			| 0.516	|
11:43:50 -  48		| RandomState(MT19937)		| -0.532		| 0.532			| -0.516			| 0.516	|
11:44:06 -  49		| RandomState(MT19937)		| -0.532		| 0.532			| -0.516			| 0.516	|
11:44:23 -  50		| RandomState(MT19937)		| -0.532		| 0.532			| -0.516			| 0.516	|
11:44:23 - ...Saving parameters... | Timestamp: 2022-04-06 11:44:23.142493 | Execution ID: jon_all_models | Parameter ID: aaf
11:44:27 - Training model...
11:44:27 -  Iter	| Seed			| Train Loss	| Train Rsq1	| Train Rsq2	| Test Loss	| Test Rsq1	| Test Rsq2	|
11:45:09 -  0		| RandomState(MT19937)		| -199.629		| 0.240			| 0.301			| -34.769	| 0.243		| 0.310		|
11:45:09 - ...Saving parameters... | Timestamp: 2022-04-06 11:45:09.835033 | Execution ID: jon_all_models | Parameter ID: aaa
11:45:48 -  1		| RandomState(MT19937)		| -201.156		| 0.243			| 0.288			| -35.369	| 0.245		| 0.299		|
11:46:30 -  2		| RandomState(MT19937)		| -229.152		| 0.277			| 0.317			| -40.639	| 0.281		| 0.329		|
11:47:10 -  3		| RandomState(MT19937)		| -280.619		| 0.340			| 0.374			| -50.257	| 0.346		| 0.387		|
11:47:51 -  4		| RandomState(MT19937)		| -350.019		| 0.425			| 0.456			| -62.596	| 0.429		| 0.465		|
11:48:33 -  5		| RandomState(MT19937)		| -387.902		| 0.468			| 0.498			| -68.358	| 0.464		| 0.501		|
11:49:12 -  6		| RandomState(MT19937)		| -391.888		| 0.473			| 0.514			| -68.188	| 0.458		| 0.507		|
11:49:51 -  7		| RandomState(MT19937)		| -364.503		| 0.439			| 0.488			| -61.613	| 0.421		| 0.475		|
11:50:32 -  8		| RandomState(MT19937)		| -382.495		| 0.462			| 0.500			| -66.016	| 0.443		| 0.489		|
11:51:13 -  9		| RandomState(MT19937)		| -377.525		| 0.455			| 0.478			| -65.253	| 0.440		| 0.471		|
11:51:53 -  10		| RandomState(MT19937)		| -397.095		| 0.478			| 0.505			| -68.489	| 0.464		| 0.496		|
11:51:53 - ...Saving parameters... | Timestamp: 2022-04-06 11:51:53.599127 | Execution ID: jon_all_models | Parameter ID: aab
11:52:32 -  11		| RandomState(MT19937)		| -409.117		| 0.493			| 0.526			| -70.686	| 0.482		| 0.520		|
11:53:13 -  12		| RandomState(MT19937)		| -396.133		| 0.478			| 0.509			| -68.921	| 0.472		| 0.507		|
11:53:54 -  13		| RandomState(MT19937)		| -403.332		| 0.487			| 0.515			| -70.287	| 0.481		| 0.511		|
11:54:33 -  14		| RandomState(MT19937)		| -401.358		| 0.483			| 0.508			| -69.749	| 0.477		| 0.503		|
11:55:12 -  15		| RandomState(MT19937)		| -401.549		| 0.483			| 0.506			| -69.375	| 0.475		| 0.500		|
11:55:52 -  16		| RandomState(MT19937)		| -409.479		| 0.492			| 0.519			| -70.358	| 0.481		| 0.511		|
11:56:33 -  17		| RandomState(MT19937)		| -409.755		| 0.493			| 0.525			| -70.116	| 0.479		| 0.516		|
11:57:13 -  18		| RandomState(MT19937)		| -404.163		| 0.487			| 0.519			| -68.967	| 0.471		| 0.510		|
11:57:52 -  19		| RandomState(MT19937)		| -414.154		| 0.498			| 0.529			| -70.856	| 0.483		| 0.519		|
11:58:33 -  20		| RandomState(MT19937)		| -412.872		| 0.496			| 0.523			| -70.696	| 0.483		| 0.513		|
11:58:33 - ...Saving parameters... | Timestamp: 2022-04-06 11:58:33.178359 | Execution ID: jon_all_models | Parameter ID: aac
11:59:14 -  21		| RandomState(MT19937)		| -414.392		| 0.498			| 0.525			| -70.974	| 0.485		| 0.515		|
11:59:53 -  22		| RandomState(MT19937)		| -417.956		| 0.503			| 0.532			| -71.557	| 0.489		| 0.522		|
12:00:34 -  23		| RandomState(MT19937)		| -413.524		| 0.498			| 0.527			| -70.760	| 0.485		| 0.519		|
12:01:14 -  24		| RandomState(MT19937)		| -417.811		| 0.503			| 0.532			| -71.390	| 0.489		| 0.523		|
12:01:53 -  25		| RandomState(MT19937)		| -418.325		| 0.503			| 0.530			| -71.386	| 0.489		| 0.520		|
12:02:35 -  26		| RandomState(MT19937)		| -417.014		| 0.501			| 0.527			| -71.085	| 0.486		| 0.517		|
12:03:16 -  27		| RandomState(MT19937)		| -420.977		| 0.506			| 0.535			| -71.653	| 0.490		| 0.524		|
12:03:55 -  28		| RandomState(MT19937)		| -420.100		| 0.506			| 0.537			| -71.448	| 0.488		| 0.526		|
12:04:35 -  29		| RandomState(MT19937)		| -420.369		| 0.506			| 0.538			| -71.437	| 0.488		| 0.527		|
12:05:15 -  30		| RandomState(MT19937)		| -422.567		| 0.508			| 0.540			| -71.733	| 0.489		| 0.527		|
12:05:15 - ...Saving parameters... | Timestamp: 2022-04-06 12:05:15.643597 | Execution ID: jon_all_models | Parameter ID: aad
12:05:55 -  31		| RandomState(MT19937)		| -420.705		| 0.506			| 0.537			| -71.379	| 0.486		| 0.524		|
12:06:34 -  32		| RandomState(MT19937)		| -422.193		| 0.508			| 0.542			| -71.593	| 0.487		| 0.528		|
12:07:13 -  33		| RandomState(MT19937)		| -421.988		| 0.508			| 0.546			| -71.560	| 0.488		| 0.532		|
12:07:55 -  34		| RandomState(MT19937)		| -421.253		| 0.508			| 0.547			| -71.418	| 0.487		| 0.534		|
12:08:34 -  35		| RandomState(MT19937)		| -422.847		| 0.509			| 0.549			| -71.602	| 0.487		| 0.534		|
12:09:13 -  36		| RandomState(MT19937)		| -421.724		| 0.507			| 0.547			| -71.353	| 0.485		| 0.531		|
12:09:54 -  37		| RandomState(MT19937)		| -422.635		| 0.508			| 0.549			| -71.475	| 0.487		| 0.534		|
12:10:35 -  38		| RandomState(MT19937)		| -422.933		| 0.509			| 0.552			| -71.533	| 0.488		| 0.537		|
12:11:14 -  39		| RandomState(MT19937)		| -422.672		| 0.509			| 0.551			| -71.493	| 0.488		| 0.536		|
12:11:55 -  40		| RandomState(MT19937)		| -423.777		| 0.510			| 0.549			| -71.630	| 0.488		| 0.534		|
12:11:55 - ...Saving parameters... | Timestamp: 2022-04-06 12:11:55.949271 | Execution ID: jon_all_models | Parameter ID: aae
12:12:35 -  41		| RandomState(MT19937)		| -423.224		| 0.509			| 0.545			| -71.512	| 0.488		| 0.530		|
12:13:13 -  42		| RandomState(MT19937)		| -423.850		| 0.510			| 0.546			| -71.646	| 0.489		| 0.530		|
12:13:55 -  43		| RandomState(MT19937)		| -423.788		| 0.511			| 0.546			| -71.705	| 0.489		| 0.531		|
12:14:35 -  44		| RandomState(MT19937)		| -423.551		| 0.510			| 0.545			| -71.690	| 0.489		| 0.530		|
12:15:14 -  45		| RandomState(MT19937)		| -423.997		| 0.511			| 0.544			| -71.725	| 0.489		| 0.529		|
12:15:54 -  46		| RandomState(MT19937)		| -423.519		| 0.510			| 0.542			| -71.619	| 0.488		| 0.526		|
12:16:34 -  47		| RandomState(MT19937)		| -423.880		| 0.510			| 0.543			| -71.712	| 0.489		| 0.527		|
12:17:14 -  48		| RandomState(MT19937)		| -423.849		| 0.511			| 0.543			| -71.772	| 0.489		| 0.528		|
12:17:53 -  49		| RandomState(MT19937)		| -423.764		| 0.511			| 0.543			| -71.772	| 0.489		| 0.528		|
12:18:32 -  50		| RandomState(MT19937)		| -424.088		| 0.511			| 0.543			| -71.761	| 0.489		| 0.527		|
12:18:32 - ...Saving parameters... | Timestamp: 2022-04-06 12:18:32.404409 | Execution ID: jon_all_models | Parameter ID: aaf
12:18:36 - Learning Curve for Current Neural Networks...
12:18:37 - Original Learning Curve for Insertion Model...
12:21:36 - Original Learning Curve for Insertion Model...
