17:19:40 - out dir: C:\Development\CS4260\inDelphi/out/jon_all_models/
17:19:40 - Loading pre-trained networks...
17:19:42 - Learning Curve for Current Neural Networks...
17:19:43 - Original Learning Curve for Insertion Model...
17:19:55 - Learning new Neural Network - Split...
17:19:55 - Training Neural Networks...
17:21:21 - Parsing data...
17:21:21 - Training model...
17:21:21 - Splitting data into train and test...
17:21:21 -  Iter	| Train Loss	| Train Rsq	| Test Loss	| Test Rsq	|
17:21:25 -  0		| -0.233		| 0.233			| -0.234			| 0.234	|
17:21:25 - ...Saving parameters... | Timestamp: 2022-04-06 17:21:25.210142 | Execution ID: jon_all_models | Parameter ID: aaa
17:21:29 -  1		| -0.241		| 0.241			| -0.243			| 0.243	|
17:21:32 -  2		| -0.268		| 0.268			| -0.272			| 0.272	|
17:21:36 -  3		| -0.332		| 0.332			| -0.337			| 0.337	|
17:21:40 -  4		| -0.410		| 0.410			| -0.414			| 0.414	|
17:21:44 -  5		| -0.464		| 0.464			| -0.461			| 0.461	|
17:21:48 -  6		| -0.469		| 0.469			| -0.458			| 0.458	|
17:21:52 -  7		| -0.460		| 0.460			| -0.441			| 0.441	|
17:21:56 -  8		| -0.472		| 0.472			| -0.453			| 0.453	|
17:22:00 -  9		| -0.477		| 0.477			| -0.461			| 0.461	|
17:22:03 -  10		| -0.488		| 0.488			| -0.476			| 0.476	|
17:22:03 - ...Saving parameters... | Timestamp: 2022-04-06 17:22:03.816872 | Execution ID: jon_all_models | Parameter ID: aab
17:22:07 -  11		| -0.487		| 0.487			| -0.479			| 0.479	|
17:22:11 -  12		| -0.487		| 0.487			| -0.481			| 0.481	|
17:22:14 -  13		| -0.485		| 0.485			| -0.480			| 0.480	|
17:22:18 -  14		| -0.489		| 0.489			| -0.482			| 0.482	|
17:22:22 -  15		| -0.493		| 0.493			| -0.483			| 0.483	|
17:22:25 -  16		| -0.499		| 0.499			| -0.485			| 0.485	|
17:22:29 -  17		| -0.501		| 0.501			| -0.484			| 0.484	|
17:22:32 -  18		| -0.502		| 0.502			| -0.483			| 0.483	|
17:22:36 -  19		| -0.504		| 0.504			| -0.484			| 0.484	|
17:22:40 -  20		| -0.505		| 0.505			| -0.485			| 0.485	|
17:22:40 - ...Saving parameters... | Timestamp: 2022-04-06 17:22:40.278865 | Execution ID: jon_all_models | Parameter ID: aac
17:22:43 -  21		| -0.505		| 0.505			| -0.485			| 0.485	|
17:22:47 -  22		| -0.505		| 0.505			| -0.483			| 0.483	|
17:22:51 -  23		| -0.506		| 0.506			| -0.484			| 0.484	|
17:22:55 -  24		| -0.507		| 0.507			| -0.484			| 0.484	|
17:22:59 -  25		| -0.507		| 0.507			| -0.482			| 0.482	|
17:23:03 -  26		| -0.505		| 0.505			| -0.483			| 0.483	|
17:23:06 -  27		| -0.505		| 0.505			| -0.480			| 0.480	|
17:23:10 -  28		| -0.507		| 0.507			| -0.484			| 0.484	|
17:23:15 -  29		| -0.507		| 0.507			| -0.485			| 0.485	|
17:23:18 -  30		| -0.507		| 0.507			| -0.483			| 0.483	|
17:23:18 - ...Saving parameters... | Timestamp: 2022-04-06 17:23:18.902586 | Execution ID: jon_all_models | Parameter ID: aad
17:23:22 -  31		| -0.508		| 0.508			| -0.485			| 0.485	|
17:23:26 -  32		| -0.507		| 0.507			| -0.485			| 0.485	|
17:23:30 -  33		| -0.507		| 0.507			| -0.484			| 0.484	|
17:23:33 -  34		| -0.508		| 0.508			| -0.485			| 0.485	|
17:23:37 -  35		| -0.507		| 0.507			| -0.486			| 0.486	|
17:23:41 -  36		| -0.509		| 0.509			| -0.486			| 0.486	|
17:23:44 -  37		| -0.508		| 0.508			| -0.485			| 0.485	|
17:23:48 -  38		| -0.508		| 0.508			| -0.485			| 0.485	|
17:23:52 -  39		| -0.509		| 0.509			| -0.486			| 0.486	|
17:23:55 -  40		| -0.508		| 0.508			| -0.485			| 0.485	|
17:23:55 - ...Saving parameters... | Timestamp: 2022-04-06 17:23:55.917773 | Execution ID: jon_all_models | Parameter ID: aae
17:23:59 -  41		| -0.509		| 0.509			| -0.487			| 0.487	|
17:24:03 -  42		| -0.509		| 0.509			| -0.487			| 0.487	|
17:24:06 -  43		| -0.509		| 0.509			| -0.486			| 0.486	|
17:24:10 -  44		| -0.509		| 0.509			| -0.486			| 0.486	|
17:24:14 -  45		| -0.509		| 0.509			| -0.487			| 0.487	|
17:24:17 -  46		| -0.509		| 0.509			| -0.487			| 0.487	|
17:24:21 -  47		| -0.509		| 0.509			| -0.487			| 0.487	|
17:24:24 -  48		| -0.509		| 0.509			| -0.487			| 0.487	|
17:24:28 -  49		| -0.509		| 0.509			| -0.487			| 0.487	|
17:24:32 -  50		| -0.509		| 0.509			| -0.487			| 0.487	|
17:24:32 - ...Saving parameters... | Timestamp: 2022-04-06 17:24:32.214101 | Execution ID: jon_all_models | Parameter ID: aaf
17:24:47 -  0		| -0.268		| 0.268			| -0.267			| 0.267	|
17:24:47 - ...Saving parameters... | Timestamp: 2022-04-06 17:24:47.846308 | Execution ID: jon_all_models | Parameter ID: aaa
17:25:03 -  1		| -0.282		| 0.282			| -0.284			| 0.284	|
17:25:18 -  2		| -0.282		| 0.282			| -0.290			| 0.290	|
17:25:34 -  3		| -0.286		| 0.286			| -0.289			| 0.289	|
17:25:50 -  4		| -0.282		| 0.282			| -0.284			| 0.284	|
17:26:05 -  5		| -0.285		| 0.285			| -0.288			| 0.288	|
17:26:21 -  6		| -0.289		| 0.289			| -0.293			| 0.293	|
17:26:36 -  7		| -0.290		| 0.290			| -0.296			| 0.296	|
17:26:52 -  8		| -0.293		| 0.293			| -0.298			| 0.298	|
17:27:08 -  9		| -0.295		| 0.295			| -0.299			| 0.299	|
17:27:23 -  10		| -0.301		| 0.301			| -0.306			| 0.306	|
17:27:23 - ...Saving parameters... | Timestamp: 2022-04-06 17:27:23.801413 | Execution ID: jon_all_models | Parameter ID: aab
17:27:39 -  11		| -0.316		| 0.316			| -0.320			| 0.320	|
17:27:57 -  12		| -0.354		| 0.354			| -0.353			| 0.353	|
17:28:13 -  13		| -0.425		| 0.425			| -0.414			| 0.414	|
17:28:30 -  14		| -0.507		| 0.507			| -0.492			| 0.492	|
17:28:48 -  15		| -0.552		| 0.552			| -0.537			| 0.537	|
17:29:04 -  16		| -0.551		| 0.551			| -0.535			| 0.535	|
17:29:20 -  17		| -0.543		| 0.543			| -0.527			| 0.527	|
17:29:36 -  18		| -0.538		| 0.538			| -0.522			| 0.522	|
17:29:52 -  19		| -0.536		| 0.536			| -0.520			| 0.520	|
17:30:09 -  20		| -0.534		| 0.534			| -0.518			| 0.518	|
17:30:09 - ...Saving parameters... | Timestamp: 2022-04-06 17:30:09.768146 | Execution ID: jon_all_models | Parameter ID: aac
17:30:26 -  21		| -0.534		| 0.534			| -0.518			| 0.518	|
17:30:43 -  22		| -0.533		| 0.533			| -0.517			| 0.517	|
17:30:59 -  23		| -0.533		| 0.533			| -0.517			| 0.517	|
17:31:16 -  24		| -0.533		| 0.533			| -0.517			| 0.517	|
17:31:32 -  25		| -0.533		| 0.533			| -0.517			| 0.517	|
17:31:48 -  26		| -0.532		| 0.532			| -0.517			| 0.517	|
17:32:04 -  27		| -0.532		| 0.532			| -0.516			| 0.516	|
17:32:21 -  28		| -0.532		| 0.532			| -0.516			| 0.516	|
17:32:38 -  29		| -0.532		| 0.532			| -0.516			| 0.516	|
17:32:55 -  30		| -0.532		| 0.532			| -0.516			| 0.516	|
17:32:55 - ...Saving parameters... | Timestamp: 2022-04-06 17:32:55.699865 | Execution ID: jon_all_models | Parameter ID: aad
17:33:12 -  31		| -0.532		| 0.532			| -0.516			| 0.516	|
17:33:28 -  32		| -0.532		| 0.532			| -0.516			| 0.516	|
17:33:44 -  33		| -0.532		| 0.532			| -0.516			| 0.516	|
17:34:01 -  34		| -0.532		| 0.532			| -0.516			| 0.516	|
17:34:17 -  35		| -0.532		| 0.532			| -0.516			| 0.516	|
17:34:34 -  36		| -0.532		| 0.532			| -0.516			| 0.516	|
17:34:50 -  37		| -0.532		| 0.532			| -0.516			| 0.516	|
17:35:07 -  38		| -0.532		| 0.532			| -0.516			| 0.516	|
17:35:24 -  39		| -0.532		| 0.532			| -0.516			| 0.516	|
17:35:41 -  40		| -0.532		| 0.532			| -0.516			| 0.516	|
17:35:41 - ...Saving parameters... | Timestamp: 2022-04-06 17:35:41.371880 | Execution ID: jon_all_models | Parameter ID: aae
17:35:58 -  41		| -0.532		| 0.532			| -0.516			| 0.516	|
17:36:14 -  42		| -0.532		| 0.532			| -0.516			| 0.516	|
17:36:30 -  43		| -0.532		| 0.532			| -0.516			| 0.516	|
17:36:48 -  44		| -0.532		| 0.532			| -0.516			| 0.516	|
17:37:05 -  45		| -0.532		| 0.532			| -0.516			| 0.516	|
17:37:22 -  46		| -0.532		| 0.532			| -0.516			| 0.516	|
17:37:38 -  47		| -0.532		| 0.532			| -0.516			| 0.516	|
17:37:54 -  48		| -0.532		| 0.532			| -0.516			| 0.516	|
17:38:10 -  49		| -0.532		| 0.532			| -0.516			| 0.516	|
17:38:27 -  50		| -0.532		| 0.532			| -0.516			| 0.516	|
17:38:27 - ...Saving parameters... | Timestamp: 2022-04-06 17:38:27.388803 | Execution ID: jon_all_models | Parameter ID: aaf
17:38:32 - Training model - max...
17:38:32 -  Iter	| Train Loss	| Train Rsq1	| Train Rsq2	| Test Loss	| Test Rsq1	| Test Rsq2	|
17:39:18 -  0		| -0.211		| 0.240			| 0.301			| -0.215	| 0.243		| 0.310		|
17:39:18 - ...Saving parameters... | Timestamp: 2022-04-06 17:39:18.564053 | Execution ID: jon_all_models | Parameter ID: aaa
17:40:03 -  1		| -0.210		| 0.238			| 0.282			| -0.215	| 0.239		| 0.294		|
17:40:49 -  2		| -0.219		| 0.249			| 0.290			| -0.224	| 0.251		| 0.302		|
17:41:35 -  3		| -0.249		| 0.282			| 0.319			| -0.255	| 0.286		| 0.331		|
17:42:18 -  4		| -0.315		| 0.352			| 0.382			| -0.323	| 0.358		| 0.394		|
17:43:03 -  5		| -0.409		| 0.442			| 0.470			| -0.414	| 0.445		| 0.477		|
17:43:47 -  6		| -0.449		| 0.476			| 0.503			| -0.445	| 0.470		| 0.503		|
17:44:32 -  7		| -0.454		| 0.477			| 0.512			| -0.440	| 0.462		| 0.504		|
17:45:13 -  8		| -0.430		| 0.456			| 0.500			| -0.414	| 0.438		| 0.489		|
17:46:00 -  9		| -0.442		| 0.463			| 0.496			| -0.427	| 0.447		| 0.487		|
17:46:43 -  10		| -0.440		| 0.462			| 0.491			| -0.426	| 0.447		| 0.483		|
17:46:43 - ...Saving parameters... | Timestamp: 2022-04-06 17:46:43.186533 | Execution ID: jon_all_models | Parameter ID: aab
17:47:25 -  11		| -0.466		| 0.487			| 0.530			| -0.451	| 0.470		| 0.519		|
17:48:10 -  12		| -0.443		| 0.470			| 0.517			| -0.433	| 0.458		| 0.510		|
17:48:52 -  13		| -0.471		| 0.494			| 0.537			| -0.460	| 0.482		| 0.529		|
17:49:38 -  14		| -0.459		| 0.483			| 0.515			| -0.450	| 0.474		| 0.507		|
17:50:20 -  15		| -0.453		| 0.478			| 0.508			| -0.445	| 0.470		| 0.501		|
17:51:06 -  16		| -0.461		| 0.485			| 0.521			| -0.453	| 0.477		| 0.514		|
17:51:49 -  17		| -0.467		| 0.491			| 0.536			| -0.458	| 0.481		| 0.528		|
17:52:31 -  18		| -0.465		| 0.489			| 0.539			| -0.454	| 0.477		| 0.530		|
17:53:16 -  19		| -0.478		| 0.499			| 0.548			| -0.465	| 0.484		| 0.537		|
17:53:59 -  20		| -0.473		| 0.492			| 0.535			| -0.459	| 0.477		| 0.524		|
17:53:59 - ...Saving parameters... | Timestamp: 2022-04-06 17:53:59.030402 | Execution ID: jon_all_models | Parameter ID: aac
17:54:42 -  21		| -0.473		| 0.493			| 0.537			| -0.459	| 0.477		| 0.526		|
17:55:24 -  22		| -0.479		| 0.499			| 0.551			| -0.463	| 0.481		| 0.538		|
17:56:09 -  23		| -0.475		| 0.497			| 0.549			| -0.459	| 0.479		| 0.536		|
17:56:52 -  24		| -0.485		| 0.506			| 0.551			| -0.468	| 0.487		| 0.538		|
17:57:36 -  25		| -0.482		| 0.504			| 0.540			| -0.466	| 0.486		| 0.528		|
17:58:21 -  26		| -0.482		| 0.506			| 0.540			| -0.466	| 0.488		| 0.527		|
17:59:03 -  27		| -0.481		| 0.506			| 0.541			| -0.466	| 0.488		| 0.530		|
17:59:46 -  28		| -0.481		| 0.506			| 0.542			| -0.465	| 0.488		| 0.531		|
18:00:31 -  29		| -0.484		| 0.507			| 0.544			| -0.467	| 0.487		| 0.531		|
18:01:13 -  30		| -0.484		| 0.506			| 0.544			| -0.465	| 0.485		| 0.529		|
18:01:13 - ...Saving parameters... | Timestamp: 2022-04-06 18:01:13.534951 | Execution ID: jon_all_models | Parameter ID: aad
18:01:59 -  31		| -0.485		| 0.506			| 0.550			| -0.466	| 0.484		| 0.535		|
18:02:45 -  32		| -0.484		| 0.505			| 0.553			| -0.463	| 0.482		| 0.538		|
18:03:32 -  33		| -0.485		| 0.505			| 0.555			| -0.464	| 0.482		| 0.539		|
18:04:20 -  34		| -0.485		| 0.505			| 0.553			| -0.464	| 0.482		| 0.536		|
18:05:07 -  35		| -0.486		| 0.505			| 0.553			| -0.465	| 0.482		| 0.536		|
18:05:54 -  36		| -0.487		| 0.506			| 0.555			| -0.466	| 0.484		| 0.539		|
18:06:40 -  37		| -0.486		| 0.506			| 0.555			| -0.466	| 0.484		| 0.539		|
18:07:26 -  38		| -0.487		| 0.507			| 0.554			| -0.467	| 0.485		| 0.538		|
18:08:08 -  39		| -0.487		| 0.507			| 0.553			| -0.466	| 0.484		| 0.536		|
18:08:53 -  40		| -0.488		| 0.508			| 0.555			| -0.467	| 0.485		| 0.539		|
18:08:53 - ...Saving parameters... | Timestamp: 2022-04-06 18:08:53.782681 | Execution ID: jon_all_models | Parameter ID: aae
18:09:36 -  41		| -0.488		| 0.508			| 0.557			| -0.467	| 0.485		| 0.541		|
18:10:18 -  42		| -0.488		| 0.508			| 0.556			| -0.467	| 0.486		| 0.539		|
18:11:03 -  43		| -0.488		| 0.509			| 0.552			| -0.467	| 0.486		| 0.535		|
18:11:46 -  44		| -0.489		| 0.510			| 0.552			| -0.467	| 0.487		| 0.535		|
18:12:29 -  45		| -0.488		| 0.510			| 0.552			| -0.467	| 0.488		| 0.536		|
18:13:12 -  46		| -0.488		| 0.510			| 0.552			| -0.467	| 0.488		| 0.535		|
18:13:57 -  47		| -0.489		| 0.510			| 0.551			| -0.467	| 0.487		| 0.533		|
18:14:40 -  48		| -0.489		| 0.510			| 0.551			| -0.467	| 0.487		| 0.533		|
18:15:26 -  49		| -0.489		| 0.510			| 0.553			| -0.467	| 0.487		| 0.536		|
18:16:18 -  50		| -0.489		| 0.509			| 0.555			| -0.467	| 0.486		| 0.538		|
18:16:18 - ...Saving parameters... | Timestamp: 2022-04-06 18:16:18.033209 | Execution ID: jon_all_models | Parameter ID: aaf
18:16:22 -  Iter	| Train Loss	| Train Rsq1	| Train Rsq2	| Test Loss	| Test Rsq1	| Test Rsq2	|
18:16:22 - Training model - fix...
18:17:15 -  0		| -0.540		| 0.240			| 0.301			| -0.552	| 0.242		| 0.310		|
18:17:15 - ...Saving parameters... | Timestamp: 2022-04-06 18:17:15.923770 | Execution ID: jon_all_models | Parameter ID: aaa
18:18:08 -  1		| -0.533		| 0.242			| 0.291			| -0.546	| 0.244		| 0.302		|
18:19:04 -  2		| -0.573		| 0.258			| 0.315			| -0.586	| 0.260		| 0.325		|
18:19:59 -  3		| -0.632		| 0.289			| 0.343			| -0.646	| 0.292		| 0.354		|
18:20:53 -  4		| -0.754		| 0.358			| 0.396			| -0.772	| 0.363		| 0.409		|
18:21:46 -  5		| -0.912		| 0.438			| 0.473			| -0.925	| 0.442		| 0.483		|
18:22:41 -  6		| -1.001		| 0.477			| 0.523			| -0.992	| 0.469		| 0.523		|
18:23:33 -  7		| -0.973		| 0.459			| 0.514			| -0.944	| 0.442		| 0.503		|
18:24:23 -  8		| -0.943		| 0.451			| 0.491			| -0.916	| 0.434		| 0.483		|
18:25:14 -  9		| -0.967		| 0.460			| 0.507			| -0.935	| 0.440		| 0.495		|
18:26:02 -  10		| -0.983		| 0.466			| 0.518			| -0.955	| 0.449		| 0.507		|
18:26:02 - ...Saving parameters... | Timestamp: 2022-04-06 18:26:02.944583 | Execution ID: jon_all_models | Parameter ID: aab
18:26:52 -  11		| -1.025		| 0.489			| 0.536			| -1.005	| 0.476		| 0.529		|
18:27:41 -  12		| -1.021		| 0.492			| 0.528			| -1.005	| 0.482		| 0.523		|
18:28:29 -  13		| -1.006		| 0.486			| 0.519			| -0.994	| 0.479		| 0.515		|
18:29:22 -  14		| -1.012		| 0.489			| 0.523			| -0.998	| 0.480		| 0.518		|
18:30:17 -  15		| -1.031		| 0.496			| 0.535			| -1.012	| 0.485		| 0.528		|
18:31:09 -  16		| -1.044		| 0.498			| 0.546			| -1.020	| 0.484		| 0.536		|
18:32:03 -  17		| -1.040		| 0.491			| 0.549			| -1.011	| 0.474		| 0.537		|
18:32:57 -  18		| -1.033		| 0.485			| 0.548			| -1.002	| 0.467		| 0.535		|
18:33:49 -  19		| -1.034		| 0.485			| 0.548			| -1.001	| 0.466		| 0.535		|
18:34:44 -  20		| -1.045		| 0.491			| 0.554			| -1.011	| 0.472		| 0.540		|
18:34:44 - ...Saving parameters... | Timestamp: 2022-04-06 18:34:44.895188 | Execution ID: jon_all_models | Parameter ID: aac
18:35:36 -  21		| -1.054		| 0.498			| 0.555			| -1.020	| 0.480		| 0.541		|
18:36:29 -  22		| -1.051		| 0.501			| 0.550			| -1.019	| 0.483		| 0.536		|
18:37:26 -  23		| -1.047		| 0.500			| 0.546			| -1.016	| 0.483		| 0.533		|
18:38:19 -  24		| -1.052		| 0.502			| 0.549			| -1.019	| 0.484		| 0.535		|
18:39:14 -  25		| -1.061		| 0.504			| 0.557			| -1.025	| 0.484		| 0.541		|
18:40:06 -  26		| -1.061		| 0.501			| 0.560			| -1.023	| 0.478		| 0.544		|
18:40:55 -  27		| -1.057		| 0.498			| 0.560			| -1.016	| 0.474		| 0.542		|
18:41:45 -  28		| -1.058		| 0.499			| 0.559			| -1.016	| 0.475		| 0.542		|
18:42:44 -  29		| -1.061		| 0.502			| 0.559			| -1.021	| 0.479		| 0.542		|
18:43:42 -  30		| -1.060		| 0.505			| 0.555			| -1.021	| 0.482		| 0.539		|
18:43:42 - ...Saving parameters... | Timestamp: 2022-04-06 18:43:42.386068 | Execution ID: jon_all_models | Parameter ID: aad
18:44:37 -  31		| -1.058		| 0.506			| 0.553			| -1.018	| 0.482		| 0.536		|
18:45:31 -  32		| -1.062		| 0.506			| 0.555			| -1.022	| 0.483		| 0.539		|
18:46:25 -  33		| -1.065		| 0.506			| 0.559			| -1.023	| 0.482		| 0.542		|
18:47:19 -  34		| -1.064		| 0.504			| 0.559			| -1.020	| 0.479		| 0.541		|
18:48:15 -  35		| -1.063		| 0.504			| 0.560			| -1.020	| 0.478		| 0.542		|
18:49:07 -  36		| -1.065		| 0.506			| 0.560			| -1.022	| 0.481		| 0.541		|
18:50:02 -  37		| -1.066		| 0.507			| 0.558			| -1.024	| 0.483		| 0.541		|
18:50:57 -  38		| -1.064		| 0.507			| 0.557			| -1.024	| 0.484		| 0.540		|
18:51:50 -  39		| -1.065		| 0.508			| 0.558			| -1.024	| 0.484		| 0.540		|
18:52:45 -  40		| -1.067		| 0.507			| 0.560			| -1.026	| 0.483		| 0.543		|
18:52:45 - ...Saving parameters... | Timestamp: 2022-04-06 18:52:45.682501 | Execution ID: jon_all_models | Parameter ID: aae
18:53:38 -  41		| -1.067		| 0.506			| 0.561			| -1.025	| 0.481		| 0.543		|
18:54:32 -  42		| -1.067		| 0.505			| 0.562			| -1.024	| 0.480		| 0.544		|
18:55:27 -  43		| -1.067		| 0.506			| 0.562			| -1.025	| 0.482		| 0.544		|
18:56:17 -  44		| -1.068		| 0.507			| 0.561			| -1.026	| 0.483		| 0.543		|
18:57:10 -  45		| -1.067		| 0.507			| 0.560			| -1.026	| 0.484		| 0.542		|
18:58:00 -  46		| -1.068		| 0.507			| 0.560			| -1.026	| 0.483		| 0.542		|
18:58:50 -  47		| -1.068		| 0.506			| 0.562			| -1.025	| 0.482		| 0.544		|
18:59:42 -  48		| -1.068		| 0.505			| 0.563			| -1.024	| 0.480		| 0.545		|
19:00:34 -  49		| -1.068		| 0.505			| 0.563			| -1.023	| 0.479		| 0.544		|
19:01:25 -  50		| -1.068		| 0.505			| 0.563			| -1.025	| 0.480		| 0.545		|
19:01:25 - ...Saving parameters... | Timestamp: 2022-04-06 19:01:25.530762 | Execution ID: jon_all_models | Parameter ID: aaf
19:01:30 - Learning Curve for Current Neural Networks...
19:01:30 - Original Learning Curve for Insertion Model...
19:02:53 - Original Learning Curve for Insertion Model...
19:04:12 - Original Learning Curve for Insertion Model...
