16:20:52 - out dir: C:\Development\CS4260\inDelphi/out/20220405_1620/
16:20:52 - Loading data...
16:20:55 - Training Neural Networks...
16:23:04 - Parsing data...
16:23:04 - Training model...
16:23:04 -  Iter	| Train Loss	| Train Rsq1	| Train Rsq2	| Test Loss	| Test Rsq1	| Test Rsq2	|
16:24:09 -  0		| -0.543		| 0.240			| 0.303			| -0.487	| 0.237		| 0.296		|
16:24:09 - ...Saving parameters... | Timestamp: 2022-04-05 16:24:09.336519 | Execution ID: 20220405_1620 | Parameter ID: aaa
16:25:14 -  1		| -0.532		| 0.241			| 0.291			| -0.456	| 0.241		| 0.282		|
16:26:16 -  2		| -0.580		| 0.263			| 0.317			| -0.492	| 0.263		| 0.309		|
16:27:23 -  3		| -0.651		| 0.298			| 0.354			| -0.543	| 0.296		| 0.347		|
16:28:34 -  4		| -0.818		| 0.386			| 0.432			| -0.602	| 0.388		| 0.430		|
16:29:41 -  5		| -0.926		| 0.442			| 0.484			| -0.589	| 0.445		| 0.487		|
16:30:48 -  6		| -0.975		| 0.461			| 0.514			| -0.575	| 0.453		| 0.506		|
16:31:55 -  7		| -0.937		| 0.431			| 0.506			| -0.605	| 0.426		| 0.494		|
16:33:00 -  8		| -0.953		| 0.441			| 0.512			| -0.580	| 0.431		| 0.497		|
16:34:07 -  9		| -0.955		| 0.449			| 0.505			| -0.552	| 0.438		| 0.489		|
16:35:12 -  10		| -0.984		| 0.464			| 0.520			| -0.574	| 0.453		| 0.504		|
16:35:12 - ...Saving parameters... | Timestamp: 2022-04-05 16:35:12.647175 | Execution ID: 20220405_1620 | Parameter ID: aab
16:36:17 -  11		| -1.015		| 0.477			| 0.538			| -0.623	| 0.468		| 0.522		|
16:37:27 -  12		| -1.008		| 0.477			| 0.532			| -0.644	| 0.472		| 0.520		|
16:38:41 -  13		| -1.017		| 0.485			| 0.532			| -0.632	| 0.484		| 0.523		|
16:39:46 -  14		| -1.006		| 0.483			| 0.523			| -0.616	| 0.486		| 0.517		|
16:40:49 -  15		| -1.010		| 0.486			| 0.525			| -0.614	| 0.488		| 0.517		|
16:41:52 -  16		| -1.026		| 0.491			| 0.534			| -0.627	| 0.490		| 0.523		|
16:42:56 -  17		| -1.024		| 0.489			| 0.535			| -0.637	| 0.482		| 0.521		|
16:43:58 -  18		| -1.032		| 0.492			| 0.540			| -0.631	| 0.483		| 0.523		|
16:45:10 -  19		| -1.030		| 0.491			| 0.539			| -0.614	| 0.482		| 0.523		|
16:46:15 -  20		| -1.032		| 0.491			| 0.541			| -0.615	| 0.482		| 0.525		|
16:46:15 - ...Saving parameters... | Timestamp: 2022-04-05 16:46:15.563627 | Execution ID: 20220405_1620 | Parameter ID: aac
16:47:23 -  21		| -1.041		| 0.493			| 0.548			| -0.636	| 0.484		| 0.531		|
16:48:45 -  22		| -1.042		| 0.493			| 0.549			| -0.646	| 0.487		| 0.534		|
16:49:53 -  23		| -1.052		| 0.499			| 0.553			| -0.635	| 0.495		| 0.540		|
16:51:26 -  24		| -1.049		| 0.500			| 0.550			| -0.628	| 0.497		| 0.539		|
16:52:37 -  25		| -1.053		| 0.501			| 0.552			| -0.636	| 0.499		| 0.542		|
16:53:41 -  26		| -1.055		| 0.500			| 0.554			| -0.644	| 0.497		| 0.543		|
16:54:46 -  27		| -1.060		| 0.502			| 0.558			| -0.641	| 0.496		| 0.546		|
16:55:59 -  28		| -1.058		| 0.500			| 0.558			| -0.633	| 0.492		| 0.544		|
16:57:05 -  29		| -1.057		| 0.498			| 0.559			| -0.636	| 0.490		| 0.544		|
16:58:16 -  30		| -1.057		| 0.498			| 0.558			| -0.643	| 0.490		| 0.545		|
16:58:16 - ...Saving parameters... | Timestamp: 2022-04-05 16:58:16.999613 | Execution ID: 20220405_1620 | Parameter ID: aad
16:59:20 -  31		| -1.060		| 0.502			| 0.558			| -0.640	| 0.494		| 0.546		|
17:00:25 -  32		| -1.061		| 0.504			| 0.556			| -0.633	| 0.497		| 0.545		|
17:01:30 -  33		| -1.060		| 0.505			| 0.555			| -0.634	| 0.498		| 0.544		|
17:02:35 -  34		| -1.059		| 0.505			| 0.554			| -0.636	| 0.498		| 0.543		|
17:03:38 -  35		| -1.061		| 0.505			| 0.555			| -0.634	| 0.499		| 0.545		|
17:04:42 -  36		| -1.062		| 0.504			| 0.558			| -0.637	| 0.498		| 0.546		|
17:05:44 -  37		| -1.062		| 0.502			| 0.560			| -0.645	| 0.496		| 0.547		|
17:06:47 -  38		| -1.062		| 0.501			| 0.561			| -0.643	| 0.496		| 0.548		|
17:07:53 -  39		| -1.062		| 0.501			| 0.561			| -0.640	| 0.496		| 0.548		|
17:08:56 -  40		| -1.064		| 0.502			| 0.561			| -0.643	| 0.498		| 0.549		|
17:08:56 - ...Saving parameters... | Timestamp: 2022-04-05 17:08:56.619269 | Execution ID: 20220405_1620 | Parameter ID: aae
17:10:10 -  41		| -1.063		| 0.503			| 0.560			| -0.641	| 0.500		| 0.548		|
17:11:18 -  42		| -1.062		| 0.504			| 0.559			| -0.635	| 0.500		| 0.547		|
17:12:29 -  43		| -1.063		| 0.503			| 0.560			| -0.637	| 0.500		| 0.548		|
17:13:35 -  44		| -1.063		| 0.502			| 0.561			| -0.642	| 0.499		| 0.549		|
17:14:36 -  45		| -1.064		| 0.501			| 0.562			| -0.641	| 0.498		| 0.549		|
17:15:38 -  46		| -1.063		| 0.501			| 0.562			| -0.641	| 0.497		| 0.549		|
17:16:39 -  47		| -1.064		| 0.501			| 0.562			| -0.644	| 0.497		| 0.549		|
17:17:39 -  48		| -1.065		| 0.503			| 0.561			| -0.641	| 0.499		| 0.549		|
17:18:40 -  49		| -1.064		| 0.504			| 0.560			| -0.638	| 0.500		| 0.548		|
17:19:41 -  50		| -1.064		| 0.505			| 0.560			| -0.639	| 0.500		| 0.547		|
17:19:41 - ...Saving parameters... | Timestamp: 2022-04-05 17:19:41.590893 | Execution ID: 20220405_1620 | Parameter ID: aaf
17:19:46 - Training KNN...
17:21:17 - Loading Exon And Intron Cutsites...
18:44:22 - Predicting Sequence Outcomes...
04:43:19 - Storing Predictions...
04:43:29 - Plotting Figure...
04:43:31 - Loading data...
04:43:35 - mESC Loaded - Count(Items): 821827
04:43:37 - u2OS Loaded - Count(Items): 804703
04:43:37 - Loading Excel from author
04:43:40 - Storing DataSets...
04:43:40 - Training Neural Networks...
04:44:13 - Parsing data...
04:44:13 - Training model...
04:44:13 -  Iter	| Train Loss	| Train Rsq1	| Train Rsq2	| Test Loss	| Test Rsq1	| Test Rsq2	|
04:44:47 -  0		| -0.543		| 0.242			| 0.302			| -0.502	| 0.249		| 0.316		|
04:44:47 - ...Saving parameters... | Timestamp: 2022-04-06 04:44:47.491955 | Execution ID: 20220405_1620 | Parameter ID: aaa
04:45:15 -  1		| -0.526		| 0.226			| 0.300			| -0.518	| 0.239		| 0.298		|
04:45:41 -  2		| -0.564		| 0.255			| 0.308			| -0.503	| 0.261		| 0.327		|
04:46:08 -  3		| -0.623		| 0.289			| 0.334			| -0.524	| 0.292		| 0.353		|
04:46:34 -  4		| -0.756		| 0.357			| 0.398			| -0.586	| 0.355		| 0.412		|
04:46:59 -  5		| -0.908		| 0.434			| 0.474			| -0.616	| 0.422		| 0.476		|
04:47:26 -  6		| -0.957		| 0.458			| 0.498			| -0.592	| 0.441		| 0.500		|
04:47:52 -  7		| -0.960		| 0.454			| 0.506			| -0.626	| 0.444		| 0.514		|
04:48:17 -  8		| -0.954		| 0.449			| 0.505			| -0.628	| 0.441		| 0.515		|
04:48:44 -  9		| -0.972		| 0.461			| 0.511			| -0.605	| 0.452		| 0.521		|
04:49:10 -  10		| -0.995		| 0.473			| 0.523			| -0.628	| 0.460		| 0.531		|
04:49:10 - ...Saving parameters... | Timestamp: 2022-04-06 04:49:10.599924 | Execution ID: 20220405_1620 | Parameter ID: aab
04:49:36 -  11		| -0.982		| 0.467			| 0.515			| -0.640	| 0.451		| 0.520		|
04:50:02 -  12		| -0.988		| 0.471			| 0.517			| -0.630	| 0.454		| 0.522		|
04:50:28 -  13		| -0.995		| 0.475			| 0.520			| -0.616	| 0.460		| 0.529		|
04:50:54 -  14		| -1.005		| 0.477			| 0.527			| -0.625	| 0.466		| 0.540		|
04:51:20 -  15		| -1.003		| 0.472			| 0.531			| -0.646	| 0.460		| 0.542		|
04:51:46 -  16		| -1.007		| 0.473			| 0.534			| -0.642	| 0.463		| 0.547		|
04:52:12 -  17		| -1.007		| 0.475			| 0.532			| -0.626	| 0.468		| 0.550		|
04:52:38 -  18		| -1.020		| 0.480			| 0.539			| -0.635	| 0.468		| 0.551		|
04:53:05 -  19		| -1.014		| 0.478			| 0.536			| -0.638	| 0.458		| 0.540		|
04:53:30 -  20		| -1.020		| 0.483			| 0.537			| -0.623	| 0.466		| 0.545		|
04:53:30 - ...Saving parameters... | Timestamp: 2022-04-06 04:53:30.154617 | Execution ID: 20220405_1620 | Parameter ID: aac
04:53:56 -  21		| -1.018		| 0.483			| 0.535			| -0.615	| 0.468		| 0.546		|
04:54:22 -  22		| -1.027		| 0.483			| 0.544			| -0.632	| 0.465		| 0.550		|
04:54:48 -  23		| -1.023		| 0.479			| 0.544			| -0.641	| 0.459		| 0.545		|
04:55:15 -  24		| -1.028		| 0.484			| 0.544			| -0.626	| 0.470		| 0.552		|
04:55:41 -  25		| -1.030		| 0.486			| 0.544			| -0.626	| 0.470		| 0.550		|
04:56:06 -  26		| -1.024		| 0.483			| 0.541			| -0.632	| 0.460		| 0.538		|
04:56:33 -  27		| -1.030		| 0.487			| 0.543			| -0.624	| 0.469		| 0.546		|
04:56:59 -  28		| -1.028		| 0.487			| 0.542			| -0.621	| 0.470		| 0.548		|
04:57:25 -  29		| -1.031		| 0.486			| 0.545			| -0.635	| 0.463		| 0.545		|
04:57:51 -  30		| -1.032		| 0.486			| 0.546			| -0.635	| 0.464		| 0.546		|
04:57:51 - ...Saving parameters... | Timestamp: 2022-04-06 04:57:51.791507 | Execution ID: 20220405_1620 | Parameter ID: aad
04:58:17 -  31		| -1.031		| 0.488			| 0.543			| -0.623	| 0.470		| 0.549		|
04:58:43 -  32		| -1.033		| 0.490			| 0.543			| -0.623	| 0.469		| 0.547		|
04:59:09 -  33		| -1.032		| 0.489			| 0.543			| -0.629	| 0.464		| 0.542		|
04:59:35 -  34		| -1.035		| 0.490			| 0.545			| -0.631	| 0.467		| 0.546		|
05:00:01 -  35		| -1.034		| 0.490			| 0.544			| -0.628	| 0.472		| 0.551		|
05:00:28 -  36		| -1.035		| 0.490			| 0.545			| -0.631	| 0.472		| 0.551		|
05:00:53 -  37		| -1.034		| 0.489			| 0.545			| -0.636	| 0.468		| 0.548		|
05:01:19 -  38		| -1.035		| 0.491			| 0.545			| -0.633	| 0.470		| 0.548		|
05:01:47 -  39		| -1.035		| 0.491			| 0.544			| -0.627	| 0.472		| 0.549		|
05:02:12 -  40		| -1.036		| 0.491			| 0.544			| -0.626	| 0.472		| 0.549		|
05:02:12 - ...Saving parameters... | Timestamp: 2022-04-06 05:02:12.940677 | Execution ID: 20220405_1620 | Parameter ID: aae
05:02:38 -  41		| -1.036		| 0.490			| 0.547			| -0.632	| 0.469		| 0.549		|
05:03:05 -  42		| -1.036		| 0.489			| 0.548			| -0.634	| 0.467		| 0.550		|
05:03:31 -  43		| -1.037		| 0.489			| 0.548			| -0.630	| 0.470		| 0.552		|
05:03:56 -  44		| -1.036		| 0.489			| 0.547			| -0.627	| 0.470		| 0.552		|
05:04:23 -  45		| -1.037		| 0.489			| 0.548			| -0.629	| 0.468		| 0.550		|
05:04:49 -  46		| -1.037		| 0.489			| 0.548			| -0.630	| 0.466		| 0.549		|
05:05:15 -  47		| -1.037		| 0.489			| 0.548			| -0.628	| 0.469		| 0.551		|
05:05:42 -  48		| -1.037		| 0.489			| 0.548			| -0.628	| 0.470		| 0.553		|
05:06:07 -  49		| -1.038		| 0.489			| 0.549			| -0.632	| 0.469		| 0.552		|
05:06:33 -  50		| -1.038		| 0.489			| 0.548			| -0.633	| 0.468		| 0.551		|
05:06:33 - ...Saving parameters... | Timestamp: 2022-04-06 05:06:33.530039 | Execution ID: 20220405_1620 | Parameter ID: aaf
05:06:35 - Training KNN...
05:07:01 - Training Neural Networks...
05:08:10 - Parsing data...
05:08:10 - Training model...
05:08:10 -  Iter	| Train Loss	| Train Rsq1	| Train Rsq2	| Test Loss	| Test Rsq1	| Test Rsq2	|
05:08:55 -  0		| -0.433		| 0.214			| 0.219			| -0.429	| 0.236		| 0.233		|
05:08:55 - ...Saving parameters... | Timestamp: 2022-04-06 05:08:55.226917 | Execution ID: 20220405_1620 | Parameter ID: aaa
05:09:37 -  1		| -0.432		| 0.215			| 0.218			| -0.449	| 0.238		| 0.230		|
05:10:21 -  2		| -0.431		| 0.213			| 0.218			| -0.448	| 0.236		| 0.230		|
05:11:02 -  3		| -0.436		| 0.214			| 0.222			| -0.452	| 0.237		| 0.233		|
05:11:45 -  4		| -0.443		| 0.217			| 0.225			| -0.456	| 0.240		| 0.236		|
05:12:27 -  5		| -0.452		| 0.222			| 0.230			| -0.462	| 0.245		| 0.240		|
05:13:11 -  6		| -0.461		| 0.227			| 0.234			| -0.465	| 0.251		| 0.245		|
05:13:53 -  7		| -0.466		| 0.230			| 0.236			| -0.464	| 0.254		| 0.248		|
05:14:36 -  8		| -0.475		| 0.235			| 0.240			| -0.466	| 0.259		| 0.253		|
05:15:19 -  9		| -0.492		| 0.244			| 0.248			| -0.476	| 0.268		| 0.262		|
05:16:01 -  10		| -0.507		| 0.254			| 0.253			| -0.487	| 0.279		| 0.269		|
05:16:01 - ...Saving parameters... | Timestamp: 2022-04-06 05:16:01.913762 | Execution ID: 20220405_1620 | Parameter ID: aab
05:16:44 -  11		| -0.520		| 0.264			| 0.256			| -0.494	| 0.291		| 0.274		|
05:17:27 -  12		| -0.538		| 0.276			| 0.262			| -0.498	| 0.306		| 0.284		|
05:18:10 -  13		| -0.553		| 0.283			| 0.270			| -0.494	| 0.316		| 0.296		|
05:18:52 -  14		| -0.568		| 0.290			| 0.278			| -0.496	| 0.325		| 0.304		|
05:19:35 -  15		| -0.583		| 0.298			| 0.286			| -0.500	| 0.333		| 0.311		|
05:20:19 -  16		| -0.595		| 0.303			| 0.293			| -0.499	| 0.339		| 0.319		|
05:21:01 -  17		| -0.607		| 0.308			| 0.300			| -0.495	| 0.345		| 0.326		|
05:21:43 -  18		| -0.621		| 0.314			| 0.307			| -0.495	| 0.351		| 0.334		|
05:22:27 -  19		| -0.641		| 0.325			| 0.316			| -0.517	| 0.360		| 0.344		|
05:23:09 -  20		| -0.655		| 0.332			| 0.323			| -0.517	| 0.365		| 0.351		|
05:23:09 - ...Saving parameters... | Timestamp: 2022-04-06 05:23:09.250459 | Execution ID: 20220405_1620 | Parameter ID: aac
05:23:53 -  21		| -0.662		| 0.334			| 0.328			| -0.499	| 0.367		| 0.355		|
05:24:34 -  22		| -0.680		| 0.344			| 0.336			| -0.517	| 0.375		| 0.363		|
05:25:18 -  23		| -0.687		| 0.350			| 0.338			| -0.529	| 0.381		| 0.366		|
05:26:00 -  24		| -0.698		| 0.353			| 0.344			| -0.505	| 0.383		| 0.370		|
05:26:43 -  25		| -0.707		| 0.359			| 0.348			| -0.508	| 0.388		| 0.374		|
05:27:25 -  26		| -0.709		| 0.362			| 0.348			| -0.522	| 0.392		| 0.376		|
05:28:08 -  27		| -0.715		| 0.364			| 0.351			| -0.511	| 0.391		| 0.377		|
05:28:52 -  28		| -0.717		| 0.364			| 0.353			| -0.499	| 0.387		| 0.375		|
05:29:35 -  29		| -0.720		| 0.365			| 0.354			| -0.506	| 0.388		| 0.376		|
05:30:17 -  30		| -0.719		| 0.365			| 0.354			| -0.515	| 0.389		| 0.377		|
05:30:17 - ...Saving parameters... | Timestamp: 2022-04-06 05:30:17.573621 | Execution ID: 20220405_1620 | Parameter ID: aad
05:31:00 -  31		| -0.723		| 0.367			| 0.356			| -0.504	| 0.388		| 0.376		|
05:31:43 -  32		| -0.721		| 0.365			| 0.355			| -0.495	| 0.386		| 0.374		|
05:32:26 -  33		| -0.722		| 0.366			| 0.356			| -0.505	| 0.388		| 0.376		|
05:33:08 -  34		| -0.722		| 0.366			| 0.355			| -0.508	| 0.387		| 0.375		|
05:33:52 -  35		| -0.722		| 0.366			| 0.357			| -0.493	| 0.382		| 0.373		|
05:34:34 -  36		| -0.723		| 0.366			| 0.357			| -0.493	| 0.382		| 0.372		|
05:35:16 -  37		| -0.724		| 0.368			| 0.356			| -0.507	| 0.388		| 0.375		|
05:36:01 -  38		| -0.725		| 0.368			| 0.357			| -0.502	| 0.387		| 0.374		|
05:36:42 -  39		| -0.724		| 0.367			| 0.357			| -0.491	| 0.383		| 0.371		|
05:37:25 -  40		| -0.725		| 0.368			| 0.357			| -0.499	| 0.386		| 0.373		|
05:37:25 - ...Saving parameters... | Timestamp: 2022-04-06 05:37:25.550311 | Execution ID: 20220405_1620 | Parameter ID: aae
05:38:09 -  41		| -0.724		| 0.368			| 0.356			| -0.508	| 0.388		| 0.373		|
05:38:51 -  42		| -0.725		| 0.368			| 0.357			| -0.498	| 0.386		| 0.372		|
05:39:35 -  43		| -0.725		| 0.368			| 0.357			| -0.494	| 0.385		| 0.372		|
05:40:15 -  44		| -0.725		| 0.369			| 0.357			| -0.503	| 0.389		| 0.374		|
05:41:00 -  45		| -0.726		| 0.369			| 0.357			| -0.505	| 0.388		| 0.374		|
05:41:42 -  46		| -0.726		| 0.368			| 0.357			| -0.496	| 0.385		| 0.372		|
05:42:25 -  47		| -0.726		| 0.368			| 0.358			| -0.499	| 0.386		| 0.373		|
05:43:07 -  48		| -0.726		| 0.369			| 0.357			| -0.506	| 0.389		| 0.375		|
05:43:49 -  49		| -0.726		| 0.369			| 0.358			| -0.502	| 0.388		| 0.374		|
05:44:34 -  50		| -0.726		| 0.369			| 0.358			| -0.498	| 0.387		| 0.374		|
05:44:34 - ...Saving parameters... | Timestamp: 2022-04-06 05:44:34.302231 | Execution ID: 20220405_1620 | Parameter ID: aaf
05:44:38 - Training KNN...
05:45:39 - Predicting Sequence Outcomes...
05:45:44 - Storing Predictions...
05:45:44 - Predicting Sequence Outcomes...
05:45:49 - Storing Predictions...
05:45:49 - Calculating the Observed Values...
05:46:00 - Calculating Pearson Correlation...
05:46:00 - Plotting Figure...
05:46:01 - Execution complete - model folder: 20220405_1620
