15:05:47 - out dir: C:\Development\CS4260\inDelphi/out/20220404_1505/
15:05:47 - Loading data...
15:05:50 - mESC Loaded - Count(Items): 821827
15:05:52 - u2OS Loaded - Count(Items): 804703
15:05:52 - Loading Excel from author
15:05:55 - Storing Predictions...
15:05:56 - Training Neural Networks...
15:06:35 - Parsing data...
15:06:35 - Training model...
15:06:35 -  Iter	| Seed	| Train Loss	| Train Rsq1	| Train Rsq2	| Test Loss	| Test Rsq1	| Test Rsq2	|
15:07:08 -  0		| RandomState(MT19937)		| -0.553		| 0.244			| 0.309			| -0.509	| 0.246		| 0.311		|
15:07:08 - ...Saving parameters... | Timestamp: 2022-04-04 15:07:08.492351 | Execution ID: 20220404_1505 | Parameter ID: aaa
15:07:45 -  1		| RandomState(MT19937)		| -0.563		| 0.256			| 0.307			| -0.494	| 0.256		| 0.308		|
15:08:24 -  2		| RandomState(MT19937)		| -0.653		| 0.300			| 0.354			| -0.560	| 0.302		| 0.355		|
15:09:01 -  3		| RandomState(MT19937)		| -0.798		| 0.376			| 0.423			| -0.623	| 0.376		| 0.423		|
15:09:38 -  4		| RandomState(MT19937)		| -0.934		| 0.445			| 0.489			| -0.626	| 0.437		| 0.484		|
15:10:18 -  5		| RandomState(MT19937)		| -0.978		| 0.463			| 0.516			| -0.637	| 0.447		| 0.504		|
15:11:02 -  6		| RandomState(MT19937)		| -0.972		| 0.457			| 0.514			| -0.638	| 0.443		| 0.503		|
15:11:39 -  7		| RandomState(MT19937)		| -0.976		| 0.464			| 0.512			| -0.604	| 0.444		| 0.495		|
15:12:17 -  8		| RandomState(MT19937)		| -1.001		| 0.475			| 0.526			| -0.652	| 0.465		| 0.517		|
15:13:03 -  9		| RandomState(MT19937)		| -1.003		| 0.477			| 0.526			| -0.652	| 0.468		| 0.518		|
15:13:41 -  10		| RandomState(MT19937)		| -1.003		| 0.478			| 0.525			| -0.625	| 0.465		| 0.511		|
15:13:41 - ...Saving parameters... | Timestamp: 2022-04-04 15:13:41.371798 | Execution ID: 20220404_1505 | Parameter ID: aab
15:14:17 -  11		| RandomState(MT19937)		| -1.012		| 0.479			| 0.534			| -0.632	| 0.469		| 0.521		|
15:14:56 -  12		| RandomState(MT19937)		| -1.016		| 0.475			| 0.541			| -0.664	| 0.475		| 0.536		|
15:15:35 -  13		| RandomState(MT19937)		| -1.024		| 0.478			| 0.546			| -0.656	| 0.476		| 0.539		|
15:16:20 -  14		| RandomState(MT19937)		| -1.023		| 0.480			| 0.543			| -0.628	| 0.471		| 0.529		|
15:17:02 -  15		| RandomState(MT19937)		| -1.031		| 0.484			| 0.547			| -0.651	| 0.480		| 0.539		|
15:17:39 -  16		| RandomState(MT19937)		| -1.027		| 0.483			| 0.544			| -0.660	| 0.481		| 0.540		|
15:18:16 -  17		| RandomState(MT19937)		| -1.029		| 0.485			| 0.544			| -0.631	| 0.475		| 0.531		|
15:18:54 -  18		| RandomState(MT19937)		| -1.040		| 0.489			| 0.551			| -0.653	| 0.484		| 0.544		|
15:19:30 -  19		| RandomState(MT19937)		| -1.034		| 0.485			| 0.548			| -0.672	| 0.485		| 0.545		|
15:20:08 -  20		| RandomState(MT19937)		| -1.042		| 0.491			| 0.551			| -0.651	| 0.484		| 0.542		|
15:20:08 - ...Saving parameters... | Timestamp: 2022-04-04 15:20:08.002463 | Execution ID: 20220404_1505 | Parameter ID: aac
15:20:44 -  21		| RandomState(MT19937)		| -1.037		| 0.491			| 0.547			| -0.638	| 0.480		| 0.534		|
15:21:21 -  22		| RandomState(MT19937)		| -1.042		| 0.493			| 0.549			| -0.658	| 0.484		| 0.539		|
15:21:57 -  23		| RandomState(MT19937)		| -1.039		| 0.491			| 0.548			| -0.668	| 0.485		| 0.540		|
15:22:34 -  24		| RandomState(MT19937)		| -1.042		| 0.494			| 0.549			| -0.657	| 0.485		| 0.539		|
15:23:11 -  25		| RandomState(MT19937)		| -1.039		| 0.493			| 0.546			| -0.650	| 0.483		| 0.535		|
15:23:46 -  26		| RandomState(MT19937)		| -1.042		| 0.494			| 0.548			| -0.667	| 0.486		| 0.539		|
15:24:24 -  27		| RandomState(MT19937)		| -1.042		| 0.494			| 0.547			| -0.666	| 0.485		| 0.538		|
15:25:01 -  28		| RandomState(MT19937)		| -1.043		| 0.495			| 0.548			| -0.651	| 0.483		| 0.534		|
15:25:36 -  29		| RandomState(MT19937)		| -1.043		| 0.495			| 0.549			| -0.649	| 0.483		| 0.535		|
15:26:13 -  30		| RandomState(MT19937)		| -1.045		| 0.494			| 0.551			| -0.664	| 0.486		| 0.541		|
15:26:13 - ...Saving parameters... | Timestamp: 2022-04-04 15:26:13.445688 | Execution ID: 20220404_1505 | Parameter ID: aad
15:26:49 -  31		| RandomState(MT19937)		| -1.044		| 0.492			| 0.552			| -0.669	| 0.486		| 0.543		|
15:27:26 -  32		| RandomState(MT19937)		| -1.045		| 0.493			| 0.552			| -0.657	| 0.485		| 0.541		|
15:28:02 -  33		| RandomState(MT19937)		| -1.045		| 0.493			| 0.552			| -0.652	| 0.484		| 0.539		|
15:28:38 -  34		| RandomState(MT19937)		| -1.046		| 0.494			| 0.552			| -0.661	| 0.486		| 0.541		|
15:29:13 -  35		| RandomState(MT19937)		| -1.046		| 0.494			| 0.552			| -0.664	| 0.486		| 0.542		|
15:29:59 -  36		| RandomState(MT19937)		| -1.047		| 0.495			| 0.552			| -0.655	| 0.485		| 0.540		|
15:30:35 -  37		| RandomState(MT19937)		| -1.046		| 0.495			| 0.552			| -0.652	| 0.485		| 0.540		|
15:31:12 -  38		| RandomState(MT19937)		| -1.047		| 0.495			| 0.553			| -0.662	| 0.487		| 0.543		|
15:31:48 -  39		| RandomState(MT19937)		| -1.047		| 0.495			| 0.552			| -0.664	| 0.487		| 0.544		|
15:32:25 -  40		| RandomState(MT19937)		| -1.048		| 0.496			| 0.552			| -0.655	| 0.486		| 0.540		|
15:32:25 - ...Saving parameters... | Timestamp: 2022-04-04 15:32:25.068401 | Execution ID: 20220404_1505 | Parameter ID: aae
15:33:03 -  41		| RandomState(MT19937)		| -1.048		| 0.496			| 0.552			| -0.651	| 0.485		| 0.539		|
15:33:40 -  42		| RandomState(MT19937)		| -1.049		| 0.495			| 0.553			| -0.659	| 0.486		| 0.543		|
15:34:17 -  43		| RandomState(MT19937)		| -1.048		| 0.494			| 0.554			| -0.663	| 0.486		| 0.544		|
15:34:53 -  44		| RandomState(MT19937)		| -1.049		| 0.495			| 0.554			| -0.658	| 0.485		| 0.543		|
15:35:29 -  45		| RandomState(MT19937)		| -1.049		| 0.495			| 0.554			| -0.654	| 0.484		| 0.541		|
15:36:06 -  46		| RandomState(MT19937)		| -1.049		| 0.495			| 0.554			| -0.659	| 0.485		| 0.542		|
15:36:43 -  47		| RandomState(MT19937)		| -1.049		| 0.495			| 0.554			| -0.662	| 0.485		| 0.542		|
15:37:20 -  48		| RandomState(MT19937)		| -1.049		| 0.495			| 0.555			| -0.658	| 0.485		| 0.542		|
15:37:57 -  49		| RandomState(MT19937)		| -1.049		| 0.495			| 0.554			| -0.656	| 0.485		| 0.541		|
15:38:33 -  50		| RandomState(MT19937)		| -1.050		| 0.495			| 0.555			| -0.660	| 0.485		| 0.542		|
15:38:33 - ...Saving parameters... | Timestamp: 2022-04-04 15:38:33.867822 | Execution ID: 20220404_1505 | Parameter ID: aaf
15:38:37 - Training KNN...
15:39:12 - Training Neural Networks...
15:40:52 - Parsing data...
15:40:52 - Training model...
15:40:52 -  Iter	| Seed	| Train Loss	| Train Rsq1	| Train Rsq2	| Test Loss	| Test Rsq1	| Test Rsq2	|
15:41:52 -  0		| RandomState(MT19937)		| -0.433		| 0.214			| 0.219			| -0.429	| 0.236		| 0.233		|
15:41:52 - ...Saving parameters... | Timestamp: 2022-04-04 15:41:52.769755 | Execution ID: 20220404_1505 | Parameter ID: aaa
15:42:51 -  1		| RandomState(MT19937)		| -0.432		| 0.215			| 0.218			| -0.449	| 0.238		| 0.230		|
15:43:53 -  2		| RandomState(MT19937)		| -0.431		| 0.213			| 0.218			| -0.448	| 0.236		| 0.230		|
15:44:56 -  3		| RandomState(MT19937)		| -0.436		| 0.214			| 0.222			| -0.452	| 0.237		| 0.233		|
15:45:58 -  4		| RandomState(MT19937)		| -0.443		| 0.217			| 0.225			| -0.456	| 0.240		| 0.236		|
15:47:12 -  5		| RandomState(MT19937)		| -0.452		| 0.222			| 0.230			| -0.462	| 0.245		| 0.240		|
15:48:14 -  6		| RandomState(MT19937)		| -0.461		| 0.227			| 0.234			| -0.465	| 0.251		| 0.245		|
15:49:18 -  7		| RandomState(MT19937)		| -0.466		| 0.230			| 0.236			| -0.464	| 0.254		| 0.248		|
15:50:17 -  8		| RandomState(MT19937)		| -0.475		| 0.235			| 0.240			| -0.466	| 0.259		| 0.253		|
15:51:19 -  9		| RandomState(MT19937)		| -0.492		| 0.244			| 0.248			| -0.476	| 0.268		| 0.262		|
15:52:18 -  10		| RandomState(MT19937)		| -0.507		| 0.254			| 0.253			| -0.487	| 0.279		| 0.269		|
15:52:18 - ...Saving parameters... | Timestamp: 2022-04-04 15:52:18.501984 | Execution ID: 20220404_1505 | Parameter ID: aab
15:53:16 -  11		| RandomState(MT19937)		| -0.520		| 0.264			| 0.256			| -0.494	| 0.291		| 0.274		|
15:54:16 -  12		| RandomState(MT19937)		| -0.538		| 0.276			| 0.262			| -0.498	| 0.306		| 0.284		|
15:55:20 -  13		| RandomState(MT19937)		| -0.553		| 0.283			| 0.270			| -0.494	| 0.316		| 0.296		|
15:56:26 -  14		| RandomState(MT19937)		| -0.568		| 0.290			| 0.278			| -0.496	| 0.325		| 0.304		|
15:57:27 -  15		| RandomState(MT19937)		| -0.583		| 0.298			| 0.286			| -0.500	| 0.333		| 0.311		|
15:58:27 -  16		| RandomState(MT19937)		| -0.595		| 0.303			| 0.293			| -0.499	| 0.339		| 0.319		|
15:59:32 -  17		| RandomState(MT19937)		| -0.607		| 0.308			| 0.300			| -0.495	| 0.345		| 0.326		|
16:00:37 -  18		| RandomState(MT19937)		| -0.621		| 0.314			| 0.307			| -0.495	| 0.351		| 0.334		|
16:01:41 -  19		| RandomState(MT19937)		| -0.641		| 0.325			| 0.316			| -0.517	| 0.360		| 0.344		|
16:02:48 -  20		| RandomState(MT19937)		| -0.655		| 0.332			| 0.323			| -0.517	| 0.365		| 0.351		|
16:02:48 - ...Saving parameters... | Timestamp: 2022-04-04 16:02:48.939170 | Execution ID: 20220404_1505 | Parameter ID: aac
16:03:58 -  21		| RandomState(MT19937)		| -0.662		| 0.334			| 0.328			| -0.499	| 0.367		| 0.355		|
16:05:03 -  22		| RandomState(MT19937)		| -0.680		| 0.344			| 0.336			| -0.517	| 0.375		| 0.363		|
16:06:22 -  23		| RandomState(MT19937)		| -0.687		| 0.350			| 0.338			| -0.529	| 0.381		| 0.366		|
16:07:32 -  24		| RandomState(MT19937)		| -0.698		| 0.353			| 0.344			| -0.505	| 0.383		| 0.370		|
16:08:38 -  25		| RandomState(MT19937)		| -0.707		| 0.359			| 0.348			| -0.508	| 0.388		| 0.374		|
16:09:44 -  26		| RandomState(MT19937)		| -0.709		| 0.362			| 0.348			| -0.522	| 0.392		| 0.376		|
16:10:51 -  27		| RandomState(MT19937)		| -0.715		| 0.364			| 0.351			| -0.511	| 0.391		| 0.377		|
16:11:56 -  28		| RandomState(MT19937)		| -0.717		| 0.364			| 0.353			| -0.499	| 0.387		| 0.375		|
16:13:01 -  29		| RandomState(MT19937)		| -0.720		| 0.365			| 0.354			| -0.506	| 0.388		| 0.376		|
16:14:07 -  30		| RandomState(MT19937)		| -0.719		| 0.365			| 0.354			| -0.515	| 0.389		| 0.377		|
16:14:07 - ...Saving parameters... | Timestamp: 2022-04-04 16:14:07.491776 | Execution ID: 20220404_1505 | Parameter ID: aad
16:15:13 -  31		| RandomState(MT19937)		| -0.723		| 0.367			| 0.356			| -0.504	| 0.388		| 0.376		|
16:16:16 -  32		| RandomState(MT19937)		| -0.721		| 0.365			| 0.355			| -0.495	| 0.386		| 0.374		|
16:17:23 -  33		| RandomState(MT19937)		| -0.722		| 0.366			| 0.356			| -0.505	| 0.388		| 0.376		|
16:18:29 -  34		| RandomState(MT19937)		| -0.722		| 0.366			| 0.355			| -0.508	| 0.387		| 0.375		|
16:19:27 -  35		| RandomState(MT19937)		| -0.722		| 0.366			| 0.357			| -0.493	| 0.382		| 0.373		|
16:20:30 -  36		| RandomState(MT19937)		| -0.723		| 0.366			| 0.357			| -0.493	| 0.382		| 0.372		|
16:21:39 -  37		| RandomState(MT19937)		| -0.724		| 0.368			| 0.356			| -0.507	| 0.388		| 0.375		|
16:22:38 -  38		| RandomState(MT19937)		| -0.725		| 0.368			| 0.357			| -0.502	| 0.387		| 0.374		|
16:23:37 -  39		| RandomState(MT19937)		| -0.724		| 0.367			| 0.357			| -0.491	| 0.383		| 0.371		|
16:24:38 -  40		| RandomState(MT19937)		| -0.725		| 0.368			| 0.357			| -0.499	| 0.386		| 0.373		|
16:24:38 - ...Saving parameters... | Timestamp: 2022-04-04 16:24:38.351380 | Execution ID: 20220404_1505 | Parameter ID: aae
16:25:39 -  41		| RandomState(MT19937)		| -0.724		| 0.368			| 0.356			| -0.508	| 0.388		| 0.373		|
16:26:38 -  42		| RandomState(MT19937)		| -0.725		| 0.368			| 0.357			| -0.498	| 0.386		| 0.372		|
16:27:38 -  43		| RandomState(MT19937)		| -0.725		| 0.368			| 0.357			| -0.494	| 0.385		| 0.372		|
16:28:40 -  44		| RandomState(MT19937)		| -0.725		| 0.369			| 0.357			| -0.503	| 0.389		| 0.374		|
16:29:42 -  45		| RandomState(MT19937)		| -0.726		| 0.369			| 0.357			| -0.505	| 0.388		| 0.374		|
16:30:47 -  46		| RandomState(MT19937)		| -0.726		| 0.368			| 0.357			| -0.496	| 0.385		| 0.372		|
16:31:49 -  47		| RandomState(MT19937)		| -0.726		| 0.368			| 0.358			| -0.499	| 0.386		| 0.373		|
16:32:53 -  48		| RandomState(MT19937)		| -0.726		| 0.369			| 0.357			| -0.506	| 0.389		| 0.375		|
16:33:54 -  49		| RandomState(MT19937)		| -0.726		| 0.369			| 0.358			| -0.502	| 0.388		| 0.374		|
16:34:56 -  50		| RandomState(MT19937)		| -0.726		| 0.369			| 0.358			| -0.498	| 0.387		| 0.374		|
16:34:56 - ...Saving parameters... | Timestamp: 2022-04-04 16:34:56.624224 | Execution ID: 20220404_1505 | Parameter ID: aaf
16:35:02 - Training KNN...
16:36:30 - Predicting Sequence Outcomes...
16:36:37 - Storing Predictions...
16:36:37 - Predicting Sequence Outcomes...
16:36:43 - Storing Predictions...
16:36:43 - Calculating the Observed Values...
16:37:00 - Calculating Pearson Correlation...
16:37:00 - Plotting Figure...
16:38:06 - Execution complete - model folder: 20220404_1505
