00:58:26 - out dir: C:\Development\CS4260\inDelphi/out/20220326_0058/
00:58:26 - Loading data...
00:58:28 - Training Neural Networks...
00:59:44 - Parsing data...
00:59:44 - Training model...
00:59:44 -  Iter	| Train Loss	| Train Rsq1	| Train Rsq2	| Test Loss	| Test Rsq1	| Test Rsq2	|
01:00:30 -  0		| -0.543		| 0.240			| 0.303			| -0.487	| 0.237		| 0.296		|
01:00:30 - ...Saving parameters... | Timestamp: 2022-03-26 01:00:30.980891 | Execution ID: 20220326_0058 | Parameter ID: aaa
01:01:16 -  1		| -0.532		| 0.241			| 0.291			| -0.456	| 0.241		| 0.282		|
01:02:03 -  2		| -0.580		| 0.263			| 0.317			| -0.492	| 0.263		| 0.309		|
01:02:50 -  3		| -0.651		| 0.298			| 0.354			| -0.543	| 0.296		| 0.347		|
01:03:34 -  4		| -0.818		| 0.386			| 0.432			| -0.602	| 0.388		| 0.430		|
01:04:23 -  5		| -0.926		| 0.442			| 0.484			| -0.589	| 0.445		| 0.487		|
01:05:08 -  6		| -0.975		| 0.461			| 0.514			| -0.575	| 0.453		| 0.506		|
01:05:53 -  7		| -0.937		| 0.431			| 0.506			| -0.605	| 0.426		| 0.494		|
01:06:39 -  8		| -0.953		| 0.441			| 0.512			| -0.580	| 0.431		| 0.497		|
01:07:25 -  9		| -0.955		| 0.449			| 0.505			| -0.552	| 0.438		| 0.489		|
01:08:16 -  10		| -0.984		| 0.464			| 0.520			| -0.574	| 0.453		| 0.504		|
01:08:16 - ...Saving parameters... | Timestamp: 2022-03-26 01:08:16.138634 | Execution ID: 20220326_0058 | Parameter ID: aab
01:09:11 -  11		| -1.015		| 0.477			| 0.538			| -0.623	| 0.468		| 0.522		|
01:09:56 -  12		| -1.008		| 0.477			| 0.532			| -0.644	| 0.472		| 0.520		|
01:10:42 -  13		| -1.017		| 0.485			| 0.532			| -0.632	| 0.484		| 0.523		|
01:11:28 -  14		| -1.006		| 0.483			| 0.523			| -0.616	| 0.486		| 0.517		|
01:12:15 -  15		| -1.010		| 0.486			| 0.525			| -0.614	| 0.488		| 0.517		|
01:12:59 -  16		| -1.026		| 0.491			| 0.534			| -0.627	| 0.490		| 0.523		|
01:13:47 -  17		| -1.024		| 0.489			| 0.535			| -0.637	| 0.482		| 0.521		|
01:14:34 -  18		| -1.032		| 0.492			| 0.540			| -0.631	| 0.483		| 0.523		|
01:15:20 -  19		| -1.030		| 0.491			| 0.539			| -0.614	| 0.482		| 0.523		|
01:16:06 -  20		| -1.032		| 0.491			| 0.541			| -0.615	| 0.482		| 0.525		|
01:16:06 - ...Saving parameters... | Timestamp: 2022-03-26 01:16:06.974403 | Execution ID: 20220326_0058 | Parameter ID: aac
01:16:52 -  21		| -1.041		| 0.493			| 0.548			| -0.636	| 0.484		| 0.531		|
01:17:38 -  22		| -1.042		| 0.493			| 0.549			| -0.646	| 0.487		| 0.534		|
01:18:24 -  23		| -1.052		| 0.499			| 0.553			| -0.635	| 0.495		| 0.540		|
01:19:10 -  24		| -1.049		| 0.500			| 0.550			| -0.628	| 0.497		| 0.539		|
01:19:55 -  25		| -1.053		| 0.501			| 0.552			| -0.636	| 0.499		| 0.542		|
01:20:41 -  26		| -1.055		| 0.500			| 0.554			| -0.644	| 0.497		| 0.543		|
01:21:27 -  27		| -1.060		| 0.502			| 0.558			| -0.641	| 0.496		| 0.546		|
01:22:13 -  28		| -1.058		| 0.500			| 0.558			| -0.633	| 0.492		| 0.544		|
01:22:59 -  29		| -1.057		| 0.498			| 0.559			| -0.636	| 0.490		| 0.544		|
01:23:45 -  30		| -1.057		| 0.498			| 0.558			| -0.643	| 0.490		| 0.545		|
01:23:45 - ...Saving parameters... | Timestamp: 2022-03-26 01:23:45.382641 | Execution ID: 20220326_0058 | Parameter ID: aad
01:24:30 -  31		| -1.060		| 0.502			| 0.558			| -0.640	| 0.494		| 0.546		|
01:25:16 -  32		| -1.061		| 0.504			| 0.556			| -0.633	| 0.497		| 0.545		|
01:26:02 -  33		| -1.060		| 0.505			| 0.555			| -0.634	| 0.498		| 0.544		|
01:26:48 -  34		| -1.059		| 0.505			| 0.554			| -0.636	| 0.498		| 0.543		|
01:27:34 -  35		| -1.061		| 0.505			| 0.555			| -0.634	| 0.499		| 0.545		|
01:28:20 -  36		| -1.062		| 0.504			| 0.558			| -0.637	| 0.498		| 0.546		|
01:29:06 -  37		| -1.062		| 0.502			| 0.560			| -0.645	| 0.496		| 0.547		|
01:29:52 -  38		| -1.062		| 0.501			| 0.561			| -0.643	| 0.496		| 0.548		|
01:30:37 -  39		| -1.062		| 0.501			| 0.561			| -0.640	| 0.496		| 0.548		|
01:31:24 -  40		| -1.064		| 0.502			| 0.561			| -0.643	| 0.498		| 0.549		|
01:31:24 - ...Saving parameters... | Timestamp: 2022-03-26 01:31:24.012194 | Execution ID: 20220326_0058 | Parameter ID: aae
01:32:09 -  41		| -1.063		| 0.503			| 0.560			| -0.641	| 0.500		| 0.548		|
01:32:55 -  42		| -1.062		| 0.504			| 0.559			| -0.635	| 0.500		| 0.547		|
01:33:41 -  43		| -1.063		| 0.503			| 0.560			| -0.637	| 0.500		| 0.548		|
01:34:27 -  44		| -1.063		| 0.502			| 0.561			| -0.642	| 0.499		| 0.549		|
01:35:12 -  45		| -1.064		| 0.501			| 0.562			| -0.641	| 0.498		| 0.549		|
01:35:58 -  46		| -1.063		| 0.501			| 0.562			| -0.641	| 0.497		| 0.549		|
01:36:44 -  47		| -1.064		| 0.501			| 0.562			| -0.644	| 0.497		| 0.549		|
01:37:30 -  48		| -1.065		| 0.503			| 0.561			| -0.641	| 0.499		| 0.549		|
01:38:15 -  49		| -1.064		| 0.504			| 0.560			| -0.638	| 0.500		| 0.548		|
01:39:01 -  50		| -1.064		| 0.505			| 0.560			| -0.639	| 0.500		| 0.547		|
01:39:01 - ...Saving parameters... | Timestamp: 2022-03-26 01:39:01.667321 | Execution ID: 20220326_0058 | Parameter ID: aaf
01:39:05 - Training KNN...
01:40:09 - Loading Gene Cutsites...
01:40:10 - Predicting Sequence Outcomes...
11:38:13 - Storing Predictions...
11:38:14 - Plotting Figure...
11:39:36 - Execution complete - model folder: 20220326_0058
