22:53:57 - out dir: C:\Development\CS4260\inDelphi/out/20220331_2253/
22:53:57 - Loading data...
22:53:59 - mESC Loaded - Count(Items): 821827
22:54:02 - u2OS Loaded - Count(Items): 804703
22:54:04 - Storing Predictions...
22:54:04 - Training Neural Networks...
22:54:33 - Parsing data...
22:54:34 - Training model...
22:54:34 -  Iter	| Train Loss	| Train Rsq1	| Train Rsq2	| Test Loss	| Test Rsq1	| Test Rsq2	|
22:55:01 -  0		| -0.539		| 0.239			| 0.300			| -0.471	| 0.240		| 0.297		|
22:55:01 - ...Saving parameters... | Timestamp: 2022-03-31 22:55:01.976876 | Execution ID: 20220331_2253 | Parameter ID: aaa
22:55:30 -  1		| -0.555		| 0.253			| 0.303			| -0.455	| 0.249		| 0.293		|
22:55:58 -  2		| -0.642		| 0.294			| 0.348			| -0.530	| 0.299		| 0.344		|
22:56:25 -  3		| -0.800		| 0.381			| 0.420			| -0.586	| 0.382		| 0.415		|
22:56:51 -  4		| -0.959		| 0.462			| 0.497			| -0.623	| 0.458		| 0.491		|
22:57:19 -  5		| -0.996		| 0.477			| 0.519			| -0.650	| 0.493		| 0.531		|
22:57:45 -  6		| -0.957		| 0.463			| 0.494			| -0.598	| 0.483		| 0.514		|
22:58:11 -  7		| -0.980		| 0.466			| 0.514			| -0.644	| 0.490		| 0.533		|
22:58:37 -  8		| -0.978		| 0.465			| 0.513			| -0.659	| 0.488		| 0.530		|
22:59:04 -  9		| -1.014		| 0.487			| 0.527			| -0.640	| 0.508		| 0.545		|
22:59:30 -  10		| -1.027		| 0.496			| 0.531			| -0.640	| 0.510		| 0.545		|
22:59:30 - ...Saving parameters... | Timestamp: 2022-03-31 22:59:30.181472 | Execution ID: 20220331_2253 | Parameter ID: aab
22:59:57 -  11		| -1.016		| 0.490			| 0.527			| -0.649	| 0.497		| 0.533		|
23:00:23 -  12		| -1.011		| 0.486			| 0.525			| -0.647	| 0.492		| 0.531		|
23:00:49 -  13		| -1.032		| 0.494			| 0.538			| -0.648	| 0.504		| 0.547		|
23:01:16 -  14		| -1.041		| 0.494			| 0.547			| -0.652	| 0.510		| 0.560		|
23:01:41 -  15		| -1.038		| 0.487			| 0.551			| -0.670	| 0.504		| 0.566		|
23:02:09 -  16		| -1.042		| 0.489			| 0.554			| -0.667	| 0.506		| 0.568		|
23:02:34 -  17		| -1.049		| 0.496			| 0.553			| -0.653	| 0.513		| 0.565		|
23:03:01 -  18		| -1.059		| 0.502			| 0.557			| -0.670	| 0.516		| 0.567		|
23:03:26 -  19		| -1.059		| 0.505			| 0.554			| -0.665	| 0.518		| 0.563		|
23:03:54 -  20		| -1.055		| 0.507			| 0.548			| -0.646	| 0.520		| 0.556		|
23:03:54 - ...Saving parameters... | Timestamp: 2022-03-31 23:03:54.011972 | Execution ID: 20220331_2253 | Parameter ID: aac
23:04:18 -  21		| -1.061		| 0.509			| 0.552			| -0.661	| 0.522		| 0.560		|
23:04:46 -  22		| -1.064		| 0.510			| 0.553			| -0.665	| 0.523		| 0.562		|
23:05:11 -  23		| -1.064		| 0.511			| 0.553			| -0.655	| 0.525		| 0.562		|
23:05:38 -  24		| -1.069		| 0.511			| 0.558			| -0.670	| 0.525		| 0.568		|
23:06:03 -  25		| -1.067		| 0.508			| 0.559			| -0.674	| 0.523		| 0.569		|
23:06:31 -  26		| -1.066		| 0.508			| 0.559			| -0.663	| 0.523		| 0.569		|
23:06:55 -  27		| -1.069		| 0.508			| 0.562			| -0.670	| 0.522		| 0.572		|
23:07:23 -  28		| -1.068		| 0.507			| 0.561			| -0.673	| 0.521		| 0.572		|
23:07:49 -  29		| -1.069		| 0.509			| 0.560			| -0.661	| 0.523		| 0.569		|
23:08:22 -  30		| -1.071		| 0.510			| 0.560			| -0.663	| 0.524		| 0.569		|
23:08:22 - ...Saving parameters... | Timestamp: 2022-03-31 23:08:22.872369 | Execution ID: 20220331_2253 | Parameter ID: aad
23:08:48 -  31		| -1.070		| 0.509			| 0.561			| -0.670	| 0.522		| 0.568		|
23:09:18 -  32		| -1.072		| 0.511			| 0.560			| -0.663	| 0.524		| 0.566		|
23:09:47 -  33		| -1.072		| 0.512			| 0.560			| -0.664	| 0.524		| 0.565		|
23:10:19 -  34		| -1.070		| 0.511			| 0.559			| -0.670	| 0.523		| 0.564		|
23:10:48 -  35		| -1.072		| 0.513			| 0.559			| -0.662	| 0.526		| 0.563		|
23:11:19 -  36		| -1.073		| 0.514			| 0.559			| -0.663	| 0.526		| 0.564		|
23:11:49 -  37		| -1.072		| 0.513			| 0.559			| -0.668	| 0.525		| 0.564		|
23:12:20 -  38		| -1.074		| 0.514			| 0.560			| -0.664	| 0.526		| 0.565		|
23:12:48 -  39		| -1.074		| 0.514			| 0.561			| -0.665	| 0.526		| 0.566		|
23:13:17 -  40		| -1.074		| 0.512			| 0.562			| -0.671	| 0.524		| 0.568		|
23:13:17 - ...Saving parameters... | Timestamp: 2022-03-31 23:13:17.669681 | Execution ID: 20220331_2253 | Parameter ID: aae
23:13:43 -  41		| -1.075		| 0.513			| 0.562			| -0.669	| 0.525		| 0.569		|
23:14:13 -  42		| -1.075		| 0.513			| 0.562			| -0.666	| 0.525		| 0.569		|
23:14:40 -  43		| -1.076		| 0.513			| 0.563			| -0.669	| 0.525		| 0.570		|
23:15:09 -  44		| -1.075		| 0.513			| 0.563			| -0.670	| 0.525		| 0.571		|
23:15:37 -  45		| -1.076		| 0.513			| 0.563			| -0.667	| 0.525		| 0.571		|
23:16:07 -  46		| -1.076		| 0.513			| 0.563			| -0.667	| 0.525		| 0.572		|
23:16:38 -  47		| -1.076		| 0.512			| 0.564			| -0.671	| 0.524		| 0.572		|
23:17:10 -  48		| -1.077		| 0.513			| 0.564			| -0.670	| 0.524		| 0.572		|
23:17:39 -  49		| -1.077		| 0.513			| 0.564			| -0.667	| 0.524		| 0.571		|
23:18:09 -  50		| -1.077		| 0.514			| 0.564			| -0.668	| 0.524		| 0.571		|
23:18:09 - ...Saving parameters... | Timestamp: 2022-03-31 23:18:09.634294 | Execution ID: 20220331_2253 | Parameter ID: aaf
23:18:12 - Training KNN...
23:18:35 - Training Neural Networks...
23:19:47 - Parsing data...
23:19:47 - Training model...
23:19:47 -  Iter	| Train Loss	| Train Rsq1	| Train Rsq2	| Test Loss	| Test Rsq1	| Test Rsq2	|
23:20:34 -  0		| -0.433		| 0.215			| 0.219			| -0.429	| 0.236		| 0.233		|
23:20:34 - ...Saving parameters... | Timestamp: 2022-03-31 23:20:34.551747 | Execution ID: 20220331_2253 | Parameter ID: aaa
23:21:22 -  1		| -0.433		| 0.215			| 0.218			| -0.450	| 0.240		| 0.230		|
23:22:07 -  2		| -0.432		| 0.213			| 0.218			| -0.450	| 0.237		| 0.230		|
23:22:52 -  3		| -0.436		| 0.214			| 0.222			| -0.453	| 0.238		| 0.233		|
23:23:42 -  4		| -0.443		| 0.218			| 0.226			| -0.458	| 0.241		| 0.236		|
23:24:33 -  5		| -0.453		| 0.223			| 0.230			| -0.463	| 0.246		| 0.240		|
23:25:18 -  6		| -0.462		| 0.228			| 0.234			| -0.466	| 0.252		| 0.245		|
23:26:05 -  7		| -0.467		| 0.232			| 0.236			| -0.464	| 0.255		| 0.249		|
23:26:53 -  8		| -0.477		| 0.237			| 0.240			| -0.467	| 0.260		| 0.254		|
23:27:44 -  9		| -0.494		| 0.246			| 0.248			| -0.477	| 0.270		| 0.263		|
23:28:32 -  10		| -0.509		| 0.256			| 0.253			| -0.488	| 0.280		| 0.269		|
23:28:32 - ...Saving parameters... | Timestamp: 2022-03-31 23:28:32.488790 | Execution ID: 20220331_2253 | Parameter ID: aab
23:29:20 -  11		| -0.521		| 0.265			| 0.256			| -0.496	| 0.292		| 0.275		|
23:30:07 -  12		| -0.539		| 0.276			| 0.263			| -0.500	| 0.307		| 0.285		|
23:30:55 -  13		| -0.553		| 0.283			| 0.270			| -0.497	| 0.319		| 0.296		|
23:31:40 -  14		| -0.569		| 0.291			| 0.278			| -0.500	| 0.329		| 0.305		|
23:32:25 -  15		| -0.583		| 0.298			| 0.286			| -0.504	| 0.336		| 0.312		|
23:33:14 -  16		| -0.596		| 0.303			| 0.293			| -0.503	| 0.343		| 0.319		|
23:34:01 -  17		| -0.608		| 0.308			| 0.300			| -0.499	| 0.348		| 0.326		|
23:34:45 -  18		| -0.621		| 0.314			| 0.307			| -0.498	| 0.354		| 0.333		|
23:35:35 -  19		| -0.643		| 0.326			| 0.317			| -0.517	| 0.365		| 0.344		|
23:36:23 -  20		| -0.643		| 0.328			| 0.315			| -0.534	| 0.366		| 0.342		|
23:36:23 - ...Saving parameters... | Timestamp: 2022-03-31 23:36:23.593040 | Execution ID: 20220331_2253 | Parameter ID: aac
23:37:06 -  21		| -0.662		| 0.335			| 0.328			| -0.503	| 0.371		| 0.354		|
23:37:54 -  22		| -0.669		| 0.338			| 0.331			| -0.497	| 0.373		| 0.356		|
23:38:39 -  23		| -0.691		| 0.351			| 0.339			| -0.528	| 0.387		| 0.367		|
23:39:25 -  24		| -0.688		| 0.352			| 0.336			| -0.541	| 0.389		| 0.367		|
23:40:09 -  25		| -0.706		| 0.360			| 0.347			| -0.522	| 0.392		| 0.376		|
23:40:57 -  26		| -0.700		| 0.355			| 0.345			| -0.490	| 0.384		| 0.370		|
23:41:42 -  27		| -0.707		| 0.359			| 0.348			| -0.495	| 0.386		| 0.372		|
23:42:29 -  28		| -0.713		| 0.363			| 0.350			| -0.521	| 0.393		| 0.377		|
23:43:18 -  29		| -0.708		| 0.361			| 0.347			| -0.530	| 0.393		| 0.375		|
23:44:04 -  30		| -0.717		| 0.365			| 0.353			| -0.517	| 0.393		| 0.377		|
23:44:04 - ...Saving parameters... | Timestamp: 2022-03-31 23:44:04.052438 | Execution ID: 20220331_2253 | Parameter ID: aad
23:44:52 -  31		| -0.714		| 0.362			| 0.352			| -0.493	| 0.385		| 0.372		|
23:45:39 -  32		| -0.715		| 0.362			| 0.353			| -0.493	| 0.385		| 0.372		|
23:46:28 -  33		| -0.719		| 0.365			| 0.354			| -0.515	| 0.391		| 0.375		|
23:47:16 -  34		| -0.715		| 0.364			| 0.351			| -0.524	| 0.391		| 0.373		|
23:48:05 -  35		| -0.722		| 0.366			| 0.355			| -0.511	| 0.391		| 0.376		|
23:48:51 -  36		| -0.719		| 0.365			| 0.354			| -0.493	| 0.387		| 0.373		|
23:49:36 -  37		| -0.721		| 0.366			| 0.355			| -0.497	| 0.388		| 0.374		|
23:50:24 -  38		| -0.722		| 0.367			| 0.355			| -0.513	| 0.392		| 0.377		|
23:51:13 -  39		| -0.720		| 0.366			| 0.354			| -0.517	| 0.392		| 0.376		|
23:52:02 -  40		| -0.723		| 0.367			| 0.356			| -0.506	| 0.389		| 0.375		|
23:52:02 - ...Saving parameters... | Timestamp: 2022-03-31 23:52:02.471373 | Execution ID: 20220331_2253 | Parameter ID: aae
23:52:51 -  41		| -0.723		| 0.366			| 0.356			| -0.495	| 0.386		| 0.373		|
23:53:41 -  42		| -0.723		| 0.367			| 0.356			| -0.499	| 0.388		| 0.373		|
23:54:29 -  43		| -0.723		| 0.367			| 0.356			| -0.510	| 0.391		| 0.374		|
23:55:14 -  44		| -0.723		| 0.367			| 0.356			| -0.511	| 0.390		| 0.374		|
23:56:01 -  45		| -0.724		| 0.367			| 0.357			| -0.501	| 0.386		| 0.372		|
23:56:45 -  46		| -0.723		| 0.367			| 0.357			| -0.498	| 0.386		| 0.372		|
23:57:31 -  47		| -0.725		| 0.368			| 0.357			| -0.507	| 0.390		| 0.374		|
23:58:16 -  48		| -0.724		| 0.368			| 0.355			| -0.513	| 0.393		| 0.374		|
23:59:02 -  49		| -0.725		| 0.369			| 0.356			| -0.508	| 0.392		| 0.374		|
23:59:48 -  50		| -0.725		| 0.368			| 0.357			| -0.501	| 0.389		| 0.373		|
23:59:48 - ...Saving parameters... | Timestamp: 2022-03-31 23:59:48.487407 | Execution ID: 20220331_2253 | Parameter ID: aaf
23:59:52 - Training KNN...
00:00:50 - Predicting Sequence Outcomes...
00:00:55 - Storing Predictions...
00:00:55 - Predicting Sequence Outcomes...
00:01:00 - Storing Predictions...
00:01:00 - Calculating the Observed Values...
00:01:13 - Calculating Pearson Correlation...
00:01:13 - Plotting Figure...
00:01:13 - Execution complete - model folder: 20220331_2253
